{
"contracts/CoverPool.sol":{"l":{"68":3,"69":3,"70":3,"71":3,"73":3,"74":3,"75":3,"77":3,"78":3,"95":591,"99":591,"100":591,"101":591,"103":591,"107":591,"111":591,"112":591,"113":591,"114":591,"121":591,"130":9,"134":9,"135":9,"136":9,"155":7,"156":7,"157":7,"158":7,"159":7,"160":7,"170":9,"171":9,"172":9,"174":9,"175":9,"179":8,"180":8,"181":8,"183":8,"185":8,"186":8,"187":8,"194":2,"198":1,"212":0,"230":14,"238":1164,"252":535,"253":535,"255":535,"257":535,"258":535,"262":535,"263":0,"266":535,"280":0,"294":0,"295":0,"305":0,"306":0,"316":0,"317":0,"324":9,"326":9,"327":9,"328":9,"329":9,"344":7,"345":7,"348":7,"349":6,"360":591,"361":591,"364":591,"365":591,"372":9,"373":9,"374":9,"375":9,"376":9,"383":616,"385":394,"389":394,"391":394,"395":13,"401":13,"402":13,"405":13,"408":13,"409":13,"410":13,"411":13,"413":13,"414":13,"415":13,"416":13,"417":13,"424":9,"428":8,"429":8,"430":8,"431":8,"432":8},"path":"/Users/mariodo/project/v8888-code/packages/herge/contracts/CoverPool.sol","s":{"1":3,"2":3,"3":3,"4":3,"5":3,"6":3,"7":3,"8":3,"9":3,"10":591,"11":591,"12":591,"13":591,"14":591,"15":591,"16":591,"17":591,"18":591,"19":591,"20":591,"21":9,"22":9,"23":9,"24":9,"25":7,"26":7,"27":0,"28":7,"29":7,"30":7,"31":7,"32":9,"33":9,"34":9,"35":9,"36":9,"37":8,"38":8,"39":8,"40":8,"41":8,"42":2,"43":8,"44":8,"45":2,"46":1,"47":0,"48":14,"49":1164,"50":535,"51":535,"52":535,"53":535,"54":535,"55":0,"56":535,"57":0,"58":0,"59":0,"60":0,"61":0,"62":0,"63":0,"64":9,"65":9,"66":9,"67":9,"68":9,"69":7,"70":7,"71":7,"72":6,"73":591,"74":591,"75":591,"76":591,"77":9,"78":9,"79":9,"80":9,"81":9,"82":616,"83":222,"84":394,"85":394,"86":394,"87":13,"88":13,"89":13,"90":13,"91":13,"92":13,"93":13,"94":13,"95":13,"96":13,"97":13,"98":13,"99":9,"100":8,"101":8,"102":8,"103":8,"104":8},"b":{"1":[591,0],"2":[591,0],"3":[591,0],"4":[591,0],"5":[9,0],"6":[0,7],"7":[2,6],"8":[1,1],"9":[0,535],"10":[222,394],"11":[13,0],"12":[8,1]},"f":{"1":3,"2":591,"3":9,"4":7,"5":9,"6":2,"7":0,"8":14,"9":1164,"10":535,"11":0,"12":0,"13":0,"14":0,"15":9,"16":7,"17":591,"18":9,"19":616,"20":13,"21":9},"fnMap":{"1":{"name":"constructor","line":62,"loc":{"start":{"line":62,"column":4},"end":{"line":79,"column":4}}},"2":{"name":"provide","line":90,"loc":{"start":{"line":90,"column":4},"end":{"line":122,"column":4}}},"3":{"name":"withdraw","line":129,"loc":{"start":{"line":129,"column":4},"end":{"line":144,"column":4}}},"4":{"name":"claim","line":150,"loc":{"start":{"line":150,"column":4},"end":{"line":161,"column":4}}},"5":{"name":"withdrawEpoch","line":167,"loc":{"start":{"line":167,"column":4},"end":{"line":188,"column":4}}},"6":{"name":"fallbackEpochClose","line":193,"loc":{"start":{"line":193,"column":4},"end":{"line":199,"column":4}}},"7":{"name":"availableToClaim","line":206,"loc":{"start":{"line":206,"column":4},"end":{"line":217,"column":4}}},"8":{"name":"coverTokenBalance","line":224,"loc":{"start":{"line":224,"column":4},"end":{"line":231,"column":4}}},"9":{"name":"coverTokenTotal","line":237,"loc":{"start":{"line":237,"column":4},"end":{"line":239,"column":4}}},"10":{"name":"availableForPayment","line":246,"loc":{"start":{"line":246,"column":4},"end":{"line":268,"column":4}}},"11":{"name":"supportsInterface","line":273,"loc":{"start":{"line":273,"column":4},"end":{"line":284,"column":4}}},"12":{"name":"setWindowSize","line":293,"loc":{"start":{"line":293,"column":4},"end":{"line":296,"column":4}}},"13":{"name":"setPayoffPool","line":303,"loc":{"start":{"line":301,"column":4},"end":{"line":307,"column":4}}},"14":{"name":"setNextEpochChangingPrice","line":314,"loc":{"start":{"line":312,"column":4},"end":{"line":318,"column":4}}},"15":{"name":"fixProfit","line":323,"loc":{"start":{"line":323,"column":4},"end":{"line":330,"column":4}}},"16":{"name":"payOut","line":342,"loc":{"start":{"line":339,"column":4},"end":{"line":350,"column":4}}},"17":{"name":"_provide","line":356,"loc":{"start":{"line":356,"column":4},"end":{"line":366,"column":4}}},"18":{"name":"_withdraw","line":368,"loc":{"start":{"line":368,"column":4},"end":{"line":377,"column":4}}},"19":{"name":"_bufferUnclaimedProfit","line":379,"loc":{"start":{"line":379,"column":4},"end":{"line":392,"column":4}}},"20":{"name":"_startNextEpoch","line":394,"loc":{"start":{"line":394,"column":4},"end":{"line":418,"column":4}}},"21":{"name":"_withdrawFromEpoch","line":420,"loc":{"start":{"line":420,"column":4},"end":{"line":433,"column":4}}}},"statementMap":{"1":{"start":{"line":68,"column":8},"end":{"line":68,"column":49}},"2":{"start":{"line":69,"column":8},"end":{"line":69,"column":51}},"3":{"start":{"line":70,"column":8},"end":{"line":70,"column":64}},"4":{"start":{"line":71,"column":8},"end":{"line":71,"column":69}},"5":{"start":{"line":73,"column":8},"end":{"line":73,"column":31}},"6":{"start":{"line":74,"column":8},"end":{"line":74,"column":33}},"7":{"start":{"line":75,"column":8},"end":{"line":75,"column":31}},"8":{"start":{"line":77,"column":8},"end":{"line":77,"column":57}},"9":{"start":{"line":78,"column":8},"end":{"line":78,"column":24}},"10":{"start":{"line":95,"column":8},"end":{"line":95,"column":3295}},"11":{"start":{"line":99,"column":8},"end":{"line":99,"column":3450}},"12":{"start":{"line":100,"column":12},"end":{"line":100,"column":41}},"13":{"start":{"line":101,"column":12},"end":{"line":101,"column":40}},"14":{"start":{"line":103,"column":8},"end":{"line":103,"column":3578}},"15":{"start":{"line":107,"column":8},"end":{"line":107,"column":3715}},"16":{"start":{"line":111,"column":8},"end":{"line":111,"column":41}},"17":{"start":{"line":112,"column":8},"end":{"line":112,"column":61}},"18":{"start":{"line":113,"column":8},"end":{"line":113,"column":69}},"19":{"start":{"line":114,"column":8},"end":{"line":114,"column":4034}},"20":{"start":{"line":121,"column":8},"end":{"line":121,"column":25}},"21":{"start":{"line":130,"column":8},"end":{"line":130,"column":4484}},"22":{"start":{"line":134,"column":8},"end":{"line":134,"column":41}},"23":{"start":{"line":135,"column":8},"end":{"line":135,"column":63}},"24":{"start":{"line":136,"column":8},"end":{"line":136,"column":4735}},"25":{"start":{"line":155,"column":8},"end":{"line":155,"column":50}},"26":{"start":{"line":156,"column":8},"end":{"line":156,"column":33}},"27":{"start":{"line":156,"column":25},"end":{"line":156,"column":33}},"28":{"start":{"line":157,"column":8},"end":{"line":157,"column":47}},"29":{"start":{"line":158,"column":8},"end":{"line":158,"column":35}},"30":{"start":{"line":159,"column":8},"end":{"line":159,"column":60}},"31":{"start":{"line":160,"column":8},"end":{"line":160,"column":40}},"32":{"start":{"line":170,"column":8},"end":{"line":170,"column":65}},"33":{"start":{"line":171,"column":8},"end":{"line":171,"column":47}},"34":{"start":{"line":172,"column":8},"end":{"line":172,"column":27}},"35":{"start":{"line":174,"column":8},"end":{"line":174,"column":5833}},"36":{"start":{"line":175,"column":12},"end":{"line":175,"column":5903}},"37":{"start":{"line":179,"column":12},"end":{"line":179,"column":33}},"38":{"start":{"line":180,"column":12},"end":{"line":180,"column":31}},"39":{"start":{"line":181,"column":12},"end":{"line":181,"column":76}},"40":{"start":{"line":183,"column":8},"end":{"line":183,"column":41}},"41":{"start":{"line":185,"column":8},"end":{"line":185,"column":68}},"42":{"start":{"line":185,"column":30},"end":{"line":185,"column":68}},"43":{"start":{"line":186,"column":8},"end":{"line":186,"column":64}},"44":{"start":{"line":187,"column":8},"end":{"line":187,"column":66}},"45":{"start":{"line":194,"column":8},"end":{"line":194,"column":6582}},"46":{"start":{"line":198,"column":8},"end":{"line":198,"column":24}},"47":{"start":{"line":212,"column":8},"end":{"line":212,"column":7044}},"48":{"start":{"line":230,"column":8},"end":{"line":230,"column":69}},"49":{"start":{"line":238,"column":8},"end":{"line":238,"column":75}},"50":{"start":{"line":252,"column":8},"end":{"line":252,"column":65}},"51":{"start":{"line":253,"column":8},"end":{"line":253,"column":8253}},"52":{"start":{"line":255,"column":8},"end":{"line":255,"column":69}},"53":{"start":{"line":258,"column":12},"end":{"line":258,"column":8423}},"54":{"start":{"line":262,"column":12},"end":{"line":262,"column":8603}},"55":{"start":{"line":263,"column":16},"end":{"line":263,"column":54}},"56":{"start":{"line":266,"column":8},"end":{"line":266,"column":8748}},"57":{"start":{"line":280,"column":8},"end":{"line":280,"column":9053}},"58":{"start":{"line":294,"column":8},"end":{"line":294,"column":25}},"59":{"start":{"line":295,"column":8},"end":{"line":295,"column":33}},"60":{"start":{"line":305,"column":8},"end":{"line":305,"column":25}},"61":{"start":{"line":306,"column":8},"end":{"line":306,"column":33}},"62":{"start":{"line":316,"column":8},"end":{"line":316,"column":37}},"63":{"start":{"line":317,"column":8},"end":{"line":317,"column":45}},"64":{"start":{"line":324,"column":8},"end":{"line":324,"column":10081}},"65":{"start":{"line":326,"column":8},"end":{"line":326,"column":41}},"66":{"start":{"line":327,"column":8},"end":{"line":327,"column":76}},"67":{"start":{"line":328,"column":8},"end":{"line":328,"column":24}},"68":{"start":{"line":329,"column":8},"end":{"line":329,"column":47}},"69":{"start":{"line":344,"column":8},"end":{"line":344,"column":65}},"70":{"start":{"line":345,"column":8},"end":{"line":345,"column":10790}},"71":{"start":{"line":348,"column":8},"end":{"line":348,"column":53}},"72":{"start":{"line":349,"column":8},"end":{"line":349,"column":67}},"73":{"start":{"line":360,"column":8},"end":{"line":360,"column":53}},"74":{"start":{"line":361,"column":8},"end":{"line":361,"column":11335}},"75":{"start":{"line":364,"column":8},"end":{"line":364,"column":44}},"76":{"start":{"line":365,"column":8},"end":{"line":365,"column":35}},"77":{"start":{"line":372,"column":8},"end":{"line":372,"column":53}},"78":{"start":{"line":373,"column":8},"end":{"line":373,"column":73}},"79":{"start":{"line":374,"column":8},"end":{"line":374,"column":45}},"80":{"start":{"line":375,"column":8},"end":{"line":375,"column":66}},"81":{"start":{"line":376,"column":8},"end":{"line":376,"column":59}},"82":{"start":{"line":383,"column":8},"end":{"line":383,"column":37}},"83":{"start":{"line":383,"column":29},"end":{"line":383,"column":37}},"84":{"start":{"line":385,"column":8},"end":{"line":385,"column":12156}},"85":{"start":{"line":389,"column":8},"end":{"line":389,"column":53}},"86":{"start":{"line":391,"column":8},"end":{"line":391,"column":51}},"87":{"start":{"line":395,"column":8},"end":{"line":395,"column":12477}},"88":{"start":{"line":401,"column":8},"end":{"line":401,"column":65}},"89":{"start":{"line":402,"column":8},"end":{"line":402,"column":12775}},"90":{"start":{"line":405,"column":8},"end":{"line":405,"column":12872}},"91":{"start":{"line":408,"column":8},"end":{"line":408,"column":46}},"92":{"start":{"line":409,"column":8},"end":{"line":409,"column":56}},"93":{"start":{"line":410,"column":8},"end":{"line":410,"column":53}},"94":{"start":{"line":411,"column":8},"end":{"line":411,"column":54}},"95":{"start":{"line":414,"column":8},"end":{"line":414,"column":61}},"96":{"start":{"line":415,"column":8},"end":{"line":415,"column":50}},"97":{"start":{"line":416,"column":8},"end":{"line":416,"column":65}},"98":{"start":{"line":417,"column":8},"end":{"line":417,"column":63}},"99":{"start":{"line":424,"column":8},"end":{"line":424,"column":13642}},"100":{"start":{"line":428,"column":8},"end":{"line":428,"column":40}},"101":{"start":{"line":429,"column":8},"end":{"line":429,"column":77}},"102":{"start":{"line":430,"column":8},"end":{"line":430,"column":75}},"103":{"start":{"line":431,"column":8},"end":{"line":431,"column":33}},"104":{"start":{"line":432,"column":8},"end":{"line":432,"column":38}}},"branchMap":{"1":{"line":95,"type":"if","locations":[{"start":{"line":95,"column":8},"end":{"line":95,"column":8}},{"start":{"line":95,"column":8},"end":{"line":95,"column":8}}]},"2":{"line":99,"type":"if","locations":[{"start":{"line":99,"column":8},"end":{"line":99,"column":8}},{"start":{"line":99,"column":8},"end":{"line":99,"column":8}}]},"3":{"line":103,"type":"if","locations":[{"start":{"line":103,"column":8},"end":{"line":103,"column":8}},{"start":{"line":103,"column":8},"end":{"line":103,"column":8}}]},"4":{"line":107,"type":"if","locations":[{"start":{"line":107,"column":8},"end":{"line":107,"column":8}},{"start":{"line":107,"column":8},"end":{"line":107,"column":8}}]},"5":{"line":130,"type":"if","locations":[{"start":{"line":130,"column":8},"end":{"line":130,"column":8}},{"start":{"line":130,"column":8},"end":{"line":130,"column":8}}]},"6":{"line":156,"type":"if","locations":[{"start":{"line":156,"column":8},"end":{"line":156,"column":8}},{"start":{"line":156,"column":8},"end":{"line":156,"column":8}}]},"7":{"line":185,"type":"if","locations":[{"start":{"line":185,"column":8},"end":{"line":185,"column":8}},{"start":{"line":185,"column":8},"end":{"line":185,"column":8}}]},"8":{"line":194,"type":"if","locations":[{"start":{"line":194,"column":8},"end":{"line":194,"column":8}},{"start":{"line":194,"column":8},"end":{"line":194,"column":8}}]},"9":{"line":262,"type":"if","locations":[{"start":{"line":262,"column":12},"end":{"line":262,"column":12}},{"start":{"line":262,"column":12},"end":{"line":262,"column":12}}]},"10":{"line":383,"type":"if","locations":[{"start":{"line":383,"column":8},"end":{"line":383,"column":8}},{"start":{"line":383,"column":8},"end":{"line":383,"column":8}}]},"11":{"line":395,"type":"if","locations":[{"start":{"line":395,"column":8},"end":{"line":395,"column":8}},{"start":{"line":395,"column":8},"end":{"line":395,"column":8}}]},"12":{"line":424,"type":"if","locations":[{"start":{"line":424,"column":8},"end":{"line":424,"column":8}},{"start":{"line":424,"column":8},"end":{"line":424,"column":8}}]}}},
"contracts/CoverPoolToken.sol":{"l":{"42":0,"56":0,"57":0,"64":0,"72":0},"path":"/Users/mariodo/project/v8888-code/packages/herge/contracts/CoverPoolToken.sol","s":{"1":0,"2":0,"3":0,"4":0,"5":0,"6":0},"b":{"1":[0,0]},"f":{"1":3,"2":0,"3":0,"4":0,"5":0},"fnMap":{"1":{"name":"constructor","line":29,"loc":{"start":{"line":28,"column":4},"end":{"line":30,"column":5}}},"2":{"name":"supportsInterface","line":35,"loc":{"start":{"line":35,"column":4},"end":{"line":45,"column":4}}},"3":{"name":"tokenURI","line":50,"loc":{"start":{"line":50,"column":4},"end":{"line":58,"column":4}}},"4":{"name":"setURIBuilder","line":62,"loc":{"start":{"line":60,"column":4},"end":{"line":65,"column":4}}},"5":{"name":"isApprovedOrOwner","line":67,"loc":{"start":{"line":67,"column":4},"end":{"line":73,"column":4}}}},"statementMap":{"1":{"start":{"line":42,"column":8},"end":{"line":42,"column":1368}},"2":{"start":{"line":56,"column":8},"end":{"line":56,"column":78}},"3":{"start":{"line":56,"column":47},"end":{"line":56,"column":78}},"4":{"start":{"line":57,"column":8},"end":{"line":57,"column":43}},"5":{"start":{"line":64,"column":8},"end":{"line":64,"column":31}},"6":{"start":{"line":72,"column":8},"end":{"line":72,"column":51}}},"branchMap":{"1":{"line":56,"type":"if","locations":[{"start":{"line":56,"column":8},"end":{"line":56,"column":8}},{"start":{"line":56,"column":8},"end":{"line":56,"column":8}}]}}},
"contracts/ICoverPool.sol":{"l":{},"path":"/Users/mariodo/project/v8888-code/packages/herge/contracts/ICoverPool.sol","s":{},"b":{},"f":{},"fnMap":{},"statementMap":{},"branchMap":{}},
"contracts/IOperationalTreasury.sol":{"l":{},"path":"/Users/mariodo/project/v8888-code/packages/herge/contracts/IOperationalTreasury.sol","s":{},"b":{},"f":{},"fnMap":{},"statementMap":{},"branchMap":{}},
"contracts/MainPool.sol":{"l":{"30":0,"31":0},"path":"/Users/mariodo/project/v8888-code/packages/herge/contracts/MainPool.sol","s":{"1":0,"2":0},"b":{},"f":{"1":0},"fnMap":{"1":{"name":"constructor","line":29,"loc":{"start":{"line":29,"column":4},"end":{"line":32,"column":4}}}},"statementMap":{"1":{"start":{"line":30,"column":8},"end":{"line":30,"column":19}},"2":{"start":{"line":31,"column":8},"end":{"line":31,"column":49}}},"branchMap":{}},
"contracts/OperationalTreasury.sol":{"l":{"59":3,"60":3,"61":3,"62":3,"63":3,"64":3,"65":3,"66":186,"83":452,"84":452,"86":452,"108":452,"110":452,"111":452,"113":452,"118":452,"123":452,"124":452,"132":452,"140":2,"141":2,"145":1,"146":1,"160":137,"161":137,"162":128,"166":128,"170":78,"172":78,"173":78,"174":1,"176":78,"177":78,"187":205,"200":2,"208":0,"215":1,"219":1,"220":1,"221":1,"222":1,"229":1,"230":1,"234":1,"235":1,"239":615,"243":79,"247":79,"248":79,"249":79,"250":79,"254":1,"258":1,"259":1,"263":80,"268":80,"272":187,"273":187},"path":"/Users/mariodo/project/v8888-code/packages/herge/contracts/OperationalTreasury.sol","s":{"1":3,"2":3,"3":3,"4":3,"5":3,"6":3,"7":3,"8":186,"9":452,"10":452,"11":452,"12":452,"13":452,"14":452,"15":452,"16":452,"17":452,"18":452,"19":452,"20":2,"21":2,"22":1,"23":1,"24":137,"25":137,"26":128,"27":128,"28":78,"29":78,"30":78,"31":1,"32":78,"33":78,"34":205,"35":2,"36":0,"37":1,"38":1,"39":1,"40":1,"41":1,"42":1,"43":1,"44":1,"45":1,"46":615,"47":79,"48":79,"49":79,"50":79,"51":79,"52":1,"53":1,"54":1,"55":80,"56":80,"57":56,"58":187,"59":187},"b":{"1":[452,0],"2":[452,0],"3":[452,0],"4":[1,1],"5":[128,0],"6":[78,50],"7":[78,0],"8":[1,77],"9":[1,0],"10":[1,0],"11":[1,0],"12":[79,0],"13":[80,0],"14":[56,24]},"f":{"1":3,"2":452,"3":452,"4":2,"5":137,"6":205,"7":2,"8":0,"9":1,"10":1,"11":615,"12":79,"13":1,"14":80,"15":187},"fnMap":{"1":{"name":"constructor","line":51,"loc":{"start":{"line":51,"column":4},"end":{"line":67,"column":4}}},"2":{"name":"buy","line":82,"loc":{"start":{"line":76,"column":4},"end":{"line":93,"column":4}}},"3":{"name":"_lockLiquidity","line":101,"loc":{"start":{"line":101,"column":4},"end":{"line":133,"column":4}}},"4":{"name":"unlock","line":139,"loc":{"start":{"line":139,"column":4},"end":{"line":147,"column":4}}},"5":{"name":"payOff","line":158,"loc":{"start":{"line":155,"column":4},"end":{"line":178,"column":4}}},"6":{"name":"setBenchmark","line":186,"loc":{"start":{"line":186,"column":4},"end":{"line":188,"column":4}}},"7":{"name":"withdraw","line":198,"loc":{"start":{"line":196,"column":4},"end":{"line":201,"column":4}}},"8":{"name":"replenish","line":207,"loc":{"start":{"line":207,"column":4},"end":{"line":209,"column":4}}},"9":{"name":"addStrategy","line":213,"loc":{"start":{"line":211,"column":4},"end":{"line":223,"column":4}}},"10":{"name":"connectStrategy","line":227,"loc":{"start":{"line":225,"column":4},"end":{"line":236,"column":4}}},"11":{"name":"totalBalance","line":238,"loc":{"start":{"line":238,"column":4},"end":{"line":240,"column":4}}},"12":{"name":"_unlock","line":242,"loc":{"start":{"line":242,"column":4},"end":{"line":251,"column":4}}},"13":{"name":"_replenish","line":253,"loc":{"start":{"line":253,"column":4},"end":{"line":260,"column":4}}},"14":{"name":"_withdraw","line":262,"loc":{"start":{"line":262,"column":4},"end":{"line":269,"column":4}}},"15":{"name":"_connect","line":271,"loc":{"start":{"line":271,"column":4},"end":{"line":274,"column":4}}}},"statementMap":{"1":{"start":{"line":59,"column":8},"end":{"line":59,"column":49}},"2":{"start":{"line":60,"column":8},"end":{"line":60,"column":21}},"3":{"start":{"line":61,"column":8},"end":{"line":61,"column":25}},"4":{"start":{"line":62,"column":8},"end":{"line":62,"column":41}},"5":{"start":{"line":63,"column":8},"end":{"line":63,"column":29}},"6":{"start":{"line":64,"column":8},"end":{"line":64,"column":29}},"7":{"start":{"line":65,"column":8},"end":{"line":65,"column":2371}},"8":{"start":{"line":66,"column":12},"end":{"line":66,"column":41}},"9":{"start":{"line":83,"column":8},"end":{"line":83,"column":58}},"10":{"start":{"line":84,"column":8},"end":{"line":84,"column":2999}},"11":{"start":{"line":86,"column":8},"end":{"line":86,"column":3090}},"12":{"start":{"line":108,"column":8},"end":{"line":108,"column":60}},"13":{"start":{"line":110,"column":8},"end":{"line":110,"column":33}},"14":{"start":{"line":111,"column":8},"end":{"line":111,"column":35}},"15":{"start":{"line":113,"column":8},"end":{"line":113,"column":3840}},"16":{"start":{"line":118,"column":8},"end":{"line":118,"column":4028}},"17":{"start":{"line":123,"column":8},"end":{"line":123,"column":48}},"18":{"start":{"line":124,"column":8},"end":{"line":124,"column":4206}},"19":{"start":{"line":132,"column":8},"end":{"line":132,"column":69}},"20":{"start":{"line":140,"column":8},"end":{"line":140,"column":71}},"21":{"start":{"line":141,"column":8},"end":{"line":141,"column":4768}},"22":{"start":{"line":145,"column":8},"end":{"line":145,"column":18}},"23":{"start":{"line":146,"column":8},"end":{"line":146,"column":39}},"24":{"start":{"line":160,"column":8},"end":{"line":160,"column":71}},"25":{"start":{"line":161,"column":8},"end":{"line":161,"column":68}},"26":{"start":{"line":162,"column":8},"end":{"line":162,"column":5435}},"27":{"start":{"line":166,"column":8},"end":{"line":166,"column":5553}},"28":{"start":{"line":170,"column":8},"end":{"line":170,"column":42}},"29":{"start":{"line":172,"column":8},"end":{"line":172,"column":18}},"30":{"start":{"line":173,"column":8},"end":{"line":173,"column":5774}},"31":{"start":{"line":174,"column":12},"end":{"line":174,"column":29}},"32":{"start":{"line":176,"column":8},"end":{"line":176,"column":33}},"33":{"start":{"line":177,"column":8},"end":{"line":177,"column":53}},"34":{"start":{"line":187,"column":8},"end":{"line":187,"column":24}},"35":{"start":{"line":200,"column":8},"end":{"line":200,"column":28}},"36":{"start":{"line":208,"column":8},"end":{"line":208,"column":20}},"37":{"start":{"line":215,"column":8},"end":{"line":215,"column":6880}},"38":{"start":{"line":219,"column":8},"end":{"line":219,"column":55}},"39":{"start":{"line":220,"column":8},"end":{"line":220,"column":70}},"40":{"start":{"line":221,"column":8},"end":{"line":221,"column":67}},"41":{"start":{"line":222,"column":8},"end":{"line":222,"column":65}},"42":{"start":{"line":229,"column":8},"end":{"line":229,"column":55}},"43":{"start":{"line":230,"column":8},"end":{"line":230,"column":7433}},"44":{"start":{"line":234,"column":8},"end":{"line":234,"column":78}},"45":{"start":{"line":235,"column":8},"end":{"line":235,"column":18}},"46":{"start":{"line":239,"column":8},"end":{"line":239,"column":45}},"47":{"start":{"line":243,"column":8},"end":{"line":243,"column":7843}},"48":{"start":{"line":247,"column":8},"end":{"line":247,"column":47}},"49":{"start":{"line":248,"column":8},"end":{"line":248,"column":36}},"50":{"start":{"line":249,"column":8},"end":{"line":249,"column":38}},"51":{"start":{"line":250,"column":8},"end":{"line":250,"column":54}},"52":{"start":{"line":254,"column":8},"end":{"line":254,"column":8251}},"53":{"start":{"line":258,"column":8},"end":{"line":258,"column":39}},"54":{"start":{"line":259,"column":8},"end":{"line":259,"column":40}},"55":{"start":{"line":263,"column":8},"end":{"line":263,"column":8518}},"56":{"start":{"line":268,"column":8},"end":{"line":268,"column":54}},"57":{"start":{"line":268,"column":24},"end":{"line":268,"column":53}},"58":{"start":{"line":272,"column":8},"end":{"line":272,"column":18}},"59":{"start":{"line":273,"column":8},"end":{"line":273,"column":33}}},"branchMap":{"1":{"line":108,"type":"if","locations":[{"start":{"line":108,"column":8},"end":{"line":108,"column":8}},{"start":{"line":108,"column":8},"end":{"line":108,"column":8}}]},"2":{"line":113,"type":"if","locations":[{"start":{"line":113,"column":8},"end":{"line":113,"column":8}},{"start":{"line":113,"column":8},"end":{"line":113,"column":8}}]},"3":{"line":118,"type":"if","locations":[{"start":{"line":118,"column":8},"end":{"line":118,"column":8}},{"start":{"line":118,"column":8},"end":{"line":118,"column":8}}]},"4":{"line":141,"type":"if","locations":[{"start":{"line":141,"column":8},"end":{"line":141,"column":8}},{"start":{"line":141,"column":8},"end":{"line":141,"column":8}}]},"5":{"line":162,"type":"if","locations":[{"start":{"line":162,"column":8},"end":{"line":162,"column":8}},{"start":{"line":162,"column":8},"end":{"line":162,"column":8}}]},"6":{"line":166,"type":"if","locations":[{"start":{"line":166,"column":8},"end":{"line":166,"column":8}},{"start":{"line":166,"column":8},"end":{"line":166,"column":8}}]},"7":{"line":170,"type":"if","locations":[{"start":{"line":170,"column":8},"end":{"line":170,"column":8}},{"start":{"line":170,"column":8},"end":{"line":170,"column":8}}]},"8":{"line":173,"type":"if","locations":[{"start":{"line":173,"column":8},"end":{"line":173,"column":8}},{"start":{"line":173,"column":8},"end":{"line":173,"column":8}}]},"9":{"line":215,"type":"if","locations":[{"start":{"line":215,"column":8},"end":{"line":215,"column":8}},{"start":{"line":215,"column":8},"end":{"line":215,"column":8}}]},"10":{"line":230,"type":"if","locations":[{"start":{"line":230,"column":8},"end":{"line":230,"column":8}},{"start":{"line":230,"column":8},"end":{"line":230,"column":8}}]},"11":{"line":234,"type":"if","locations":[{"start":{"line":234,"column":8},"end":{"line":234,"column":8}},{"start":{"line":234,"column":8},"end":{"line":234,"column":8}}]},"12":{"line":243,"type":"if","locations":[{"start":{"line":243,"column":8},"end":{"line":243,"column":8}},{"start":{"line":243,"column":8},"end":{"line":243,"column":8}}]},"13":{"line":263,"type":"if","locations":[{"start":{"line":263,"column":8},"end":{"line":263,"column":8}},{"start":{"line":263,"column":8},"end":{"line":263,"column":8}}]},"14":{"line":268,"type":"if","locations":[{"start":{"line":268,"column":8},"end":{"line":268,"column":8}},{"start":{"line":268,"column":8},"end":{"line":268,"column":8}}]}}},
"contracts/ProfitDistributor.sol":{"l":{"41":3,"42":3,"46":4,"48":4,"49":4,"50":28,"52":28,"53":28,"61":7,"62":6,"64":6,"65":32,"74":11,"76":11,"77":10,"78":60,"80":10},"path":"/Users/mariodo/project/v8888-code/packages/herge/contracts/ProfitDistributor.sol","s":{"1":3,"2":3,"3":4,"4":4,"5":4,"6":28,"7":28,"8":28,"9":7,"10":6,"11":32,"12":11,"13":11,"14":1,"15":10,"16":60,"17":10},"b":{"1":[4,0],"2":[28,0],"3":[6,1],"4":[1,10]},"f":{"1":3,"2":4,"3":7,"4":11},"fnMap":{"1":{"name":"constructor","line":40,"loc":{"start":{"line":40,"column":4},"end":{"line":43,"column":4}}},"2":{"name":"distributeProfit","line":45,"loc":{"start":{"line":45,"column":4},"end":{"line":55,"column":4}}},"3":{"name":"setProfitRecipients","line":59,"loc":{"start":{"line":57,"column":4},"end":{"line":67,"column":4}}},"4":{"name":"_checkRecipientsArray","line":69,"loc":{"start":{"line":69,"column":4},"end":{"line":81,"column":4}}}},"statementMap":{"1":{"start":{"line":41,"column":8},"end":{"line":41,"column":19}},"2":{"start":{"line":42,"column":8},"end":{"line":42,"column":49}},"3":{"start":{"line":46,"column":8},"end":{"line":46,"column":74}},"4":{"start":{"line":48,"column":8},"end":{"line":48,"column":54}},"5":{"start":{"line":49,"column":8},"end":{"line":49,"column":1587}},"6":{"start":{"line":50,"column":12},"end":{"line":50,"column":1672}},"7":{"start":{"line":52,"column":12},"end":{"line":52,"column":1816}},"8":{"start":{"line":53,"column":16},"end":{"line":53,"column":71}},"9":{"start":{"line":61,"column":8},"end":{"line":61,"column":75}},"10":{"start":{"line":64,"column":8},"end":{"line":64,"column":2114}},"11":{"start":{"line":65,"column":12},"end":{"line":65,"column":42}},"12":{"start":{"line":74,"column":8},"end":{"line":74,"column":27}},"13":{"start":{"line":76,"column":8},"end":{"line":76,"column":67}},"14":{"start":{"line":76,"column":55},"end":{"line":76,"column":67}},"15":{"start":{"line":77,"column":8},"end":{"line":77,"column":2466}},"16":{"start":{"line":78,"column":12},"end":{"line":78,"column":42}},"17":{"start":{"line":80,"column":8},"end":{"line":80,"column":41}}},"branchMap":{"1":{"line":46,"type":"if","locations":[{"start":{"line":46,"column":8},"end":{"line":46,"column":8}},{"start":{"line":46,"column":8},"end":{"line":46,"column":8}}]},"2":{"line":52,"type":"if","locations":[{"start":{"line":52,"column":12},"end":{"line":52,"column":12}},{"start":{"line":52,"column":12},"end":{"line":52,"column":12}}]},"3":{"line":61,"type":"if","locations":[{"start":{"line":61,"column":8},"end":{"line":61,"column":8}},{"start":{"line":61,"column":8},"end":{"line":61,"column":8}}]},"4":{"line":76,"type":"if","locations":[{"start":{"line":76,"column":8},"end":{"line":76,"column":8}},{"start":{"line":76,"column":8},"end":{"line":76,"column":8}}]}}},
"contracts/ReinvestmentPool.sol":{"l":{},"path":"/Users/mariodo/project/v8888-code/packages/herge/contracts/ReinvestmentPool.sol","s":{},"b":{},"f":{},"fnMap":{},"statementMap":{},"branchMap":{}},
"contracts/Strategies/HegicInverseStrategy.sol":{"l":{"40":66,"41":66,"54":140,"55":140,"56":140,"65":51,"87":140,"92":140,"93":140,"94":140,"95":140,"104":60,"107":60,"108":2,"109":58},"path":"/Users/mariodo/project/v8888-code/packages/herge/contracts/Strategies/HegicInverseStrategy.sol","s":{"1":66,"2":66,"3":140,"4":140,"5":140,"6":51,"7":140,"8":140,"9":140,"10":140,"11":140,"12":60,"13":60,"14":2,"15":58},"b":{"1":[2,58]},"f":{"1":66,"2":140,"3":51,"4":140,"5":60},"fnMap":{"1":{"name":"constructor","line":39,"loc":{"start":{"line":34,"column":4},"end":{"line":42,"column":4}}},"2":{"name":"calculateNegativepnlAndPositivepnl","line":44,"loc":{"start":{"line":44,"column":4},"end":{"line":57,"column":4}}},"3":{"name":"isPayoffAvailable","line":59,"loc":{"start":{"line":59,"column":4},"end":{"line":69,"column":4}}},"4":{"name":"_create","line":71,"loc":{"start":{"line":71,"column":4},"end":{"line":96,"column":4}}},"5":{"name":"payOffAmount","line":98,"loc":{"start":{"line":98,"column":4},"end":{"line":112,"column":4}}}},"statementMap":{"1":{"start":{"line":40,"column":8},"end":{"line":40,"column":49}},"2":{"start":{"line":41,"column":8},"end":{"line":41,"column":45}},"3":{"start":{"line":54,"column":8},"end":{"line":54,"column":62}},"4":{"start":{"line":55,"column":8},"end":{"line":55,"column":65}},"5":{"start":{"line":56,"column":8},"end":{"line":56,"column":54}},"6":{"start":{"line":65,"column":8},"end":{"line":65,"column":2390}},"7":{"start":{"line":87,"column":8},"end":{"line":87,"column":2869}},"8":{"start":{"line":92,"column":8},"end":{"line":92,"column":64}},"9":{"start":{"line":93,"column":8},"end":{"line":93,"column":40}},"10":{"start":{"line":94,"column":8},"end":{"line":94,"column":72}},"11":{"start":{"line":95,"column":8},"end":{"line":95,"column":53}},"12":{"start":{"line":104,"column":8},"end":{"line":104,"column":3425}},"13":{"start":{"line":107,"column":8},"end":{"line":107,"column":3582}},"14":{"start":{"line":108,"column":12},"end":{"line":108,"column":53}},"15":{"start":{"line":109,"column":8},"end":{"line":109,"column":3690}}},"branchMap":{"1":{"line":107,"type":"if","locations":[{"start":{"line":107,"column":8},"end":{"line":107,"column":8}},{"start":{"line":107,"column":8},"end":{"line":107,"column":8}}]}}},
"contracts/Strategies/HegicStrategy.sol":{"l":{"55":189,"56":189,"57":189,"58":189,"59":189,"77":452,"82":452,"90":452,"95":452,"120":312,"125":312,"126":312,"127":312,"131":187,"132":187,"133":187,"146":0,"153":0,"162":1,"163":1,"171":2,"182":0,"186":0,"187":0,"192":0,"193":0,"195":0,"208":77,"219":312,"231":452,"245":312,"246":312,"268":78,"272":854,"273":854},"path":"/Users/mariodo/project/v8888-code/packages/herge/contracts/Strategies/HegicStrategy.sol","s":{"1":189,"2":189,"3":189,"4":189,"5":189,"6":452,"7":452,"8":452,"9":452,"10":312,"11":312,"12":312,"13":312,"14":187,"15":187,"16":187,"17":0,"18":0,"19":1,"20":1,"21":2,"22":0,"23":0,"24":0,"25":0,"26":0,"27":0,"28":77,"29":312,"30":452,"31":312,"32":312,"33":78,"34":854,"35":854},"b":{"1":[452,0],"2":[452,0],"3":[187,0],"4":[0,0]},"f":{"1":189,"2":452,"3":312,"4":187,"5":0,"6":0,"7":1,"8":2,"9":0,"10":77,"11":312,"12":452,"13":312,"14":78,"15":854},"fnMap":{"1":{"name":"constructor","line":49,"loc":{"start":{"line":49,"column":4},"end":{"line":60,"column":4}}},"2":{"name":"create","line":62,"loc":{"start":{"line":62,"column":4},"end":{"line":103,"column":4}}},"3":{"name":"_create","line":105,"loc":{"start":{"line":105,"column":4},"end":{"line":128,"column":4}}},"4":{"name":"connect","line":130,"loc":{"start":{"line":130,"column":4},"end":{"line":134,"column":4}}},"5":{"name":"getLockedByStrategy","line":140,"loc":{"start":{"line":140,"column":4},"end":{"line":147,"column":4}}},"6":{"name":"setPricer","line":151,"loc":{"start":{"line":149,"column":4},"end":{"line":154,"column":4}}},"7":{"name":"setLimit","line":161,"loc":{"start":{"line":161,"column":4},"end":{"line":164,"column":4}}},"8":{"name":"setK","line":170,"loc":{"start":{"line":170,"column":4},"end":{"line":172,"column":4}}},"9":{"name":"getAvailableContracts","line":177,"loc":{"start":{"line":177,"column":4},"end":{"line":196,"column":4}}},"10":{"name":"isPayoffAvailable","line":201,"loc":{"start":{"line":201,"column":4},"end":{"line":211,"column":4}}},"11":{"name":"_calculateCollateral","line":213,"loc":{"start":{"line":213,"column":4},"end":{"line":224,"column":4}}},"12":{"name":"_calculateStrategyPremium","line":226,"loc":{"start":{"line":226,"column":4},"end":{"line":232,"column":4}}},"13":{"name":"calculateNegativepnlAndPositivepnl","line":234,"loc":{"start":{"line":234,"column":4},"end":{"line":247,"column":4}}},"14":{"name":"payOffAmount","line":261,"loc":{"start":{"line":261,"column":4},"end":{"line":269,"column":4}}},"15":{"name":"_currentPrice","line":271,"loc":{"start":{"line":271,"column":4},"end":{"line":274,"column":4}}}},"statementMap":{"1":{"start":{"line":55,"column":8},"end":{"line":55,"column":49}},"2":{"start":{"line":56,"column":8},"end":{"line":56,"column":23}},"3":{"start":{"line":57,"column":8},"end":{"line":57,"column":37}},"4":{"start":{"line":58,"column":8},"end":{"line":58,"column":26}},"5":{"start":{"line":59,"column":8},"end":{"line":59,"column":39}},"6":{"start":{"line":77,"column":8},"end":{"line":77,"column":2443}},"7":{"start":{"line":82,"column":8},"end":{"line":82,"column":2583}},"8":{"start":{"line":90,"column":8},"end":{"line":90,"column":2752}},"9":{"start":{"line":95,"column":8},"end":{"line":95,"column":2903}},"10":{"start":{"line":120,"column":8},"end":{"line":120,"column":3405}},"11":{"start":{"line":125,"column":8},"end":{"line":125,"column":52}},"12":{"start":{"line":126,"column":8},"end":{"line":126,"column":40}},"13":{"start":{"line":127,"column":8},"end":{"line":127,"column":72}},"14":{"start":{"line":131,"column":8},"end":{"line":131,"column":69}},"15":{"start":{"line":132,"column":8},"end":{"line":132,"column":70}},"16":{"start":{"line":133,"column":8},"end":{"line":133,"column":19}},"17":{"start":{"line":146,"column":8},"end":{"line":146,"column":42}},"18":{"start":{"line":153,"column":8},"end":{"line":153,"column":21}},"19":{"start":{"line":162,"column":8},"end":{"line":162,"column":26}},"20":{"start":{"line":163,"column":8},"end":{"line":163,"column":28}},"21":{"start":{"line":171,"column":8},"end":{"line":171,"column":16}},"22":{"start":{"line":182,"column":8},"end":{"line":182,"column":5103}},"23":{"start":{"line":186,"column":8},"end":{"line":186,"column":76}},"24":{"start":{"line":187,"column":8},"end":{"line":187,"column":5340}},"25":{"start":{"line":192,"column":8},"end":{"line":192,"column":5490}},"26":{"start":{"line":193,"column":12},"end":{"line":193,"column":72}},"27":{"start":{"line":195,"column":8},"end":{"line":195,"column":63}},"28":{"start":{"line":208,"column":8},"end":{"line":208,"column":5930}},"29":{"start":{"line":219,"column":8},"end":{"line":219,"column":6190}},"30":{"start":{"line":231,"column":8},"end":{"line":231,"column":68}},"31":{"start":{"line":245,"column":8},"end":{"line":245,"column":57}},"32":{"start":{"line":246,"column":8},"end":{"line":246,"column":62}},"33":{"start":{"line":268,"column":8},"end":{"line":268,"column":49}},"34":{"start":{"line":272,"column":8},"end":{"line":272,"column":70}},"35":{"start":{"line":273,"column":8},"end":{"line":273,"column":35}}},"branchMap":{"1":{"line":77,"type":"if","locations":[{"start":{"line":77,"column":8},"end":{"line":77,"column":8}},{"start":{"line":77,"column":8},"end":{"line":77,"column":8}}]},"2":{"line":90,"type":"if","locations":[{"start":{"line":90,"column":8},"end":{"line":90,"column":8}},{"start":{"line":90,"column":8},"end":{"line":90,"column":8}}]},"3":{"line":132,"type":"if","locations":[{"start":{"line":132,"column":8},"end":{"line":132,"column":8}},{"start":{"line":132,"column":8},"end":{"line":132,"column":8}}]},"4":{"line":192,"type":"if","locations":[{"start":{"line":192,"column":8},"end":{"line":192,"column":8}},{"start":{"line":192,"column":8},"end":{"line":192,"column":8}}]}}},
"contracts/Strategies/HegicStrategyCall.sol":{"l":{"36":27,"45":26,"46":26},"path":"/Users/mariodo/project/v8888-code/packages/herge/contracts/Strategies/HegicStrategyCall.sol","s":{"1":27,"2":26,"3":26},"b":{},"f":{"1":27,"2":26},"fnMap":{"1":{"name":"constructor","line":35,"loc":{"start":{"line":29,"column":4},"end":{"line":37,"column":4}}},"2":{"name":"_calculateStrategyPayOff","line":39,"loc":{"start":{"line":39,"column":4},"end":{"line":55,"column":4}}}},"statementMap":{"1":{"start":{"line":36,"column":8},"end":{"line":36,"column":42}},"2":{"start":{"line":45,"column":8},"end":{"line":45,"column":57}},"3":{"start":{"line":46,"column":8},"end":{"line":46,"column":1521}}},"branchMap":{}},
"contracts/Strategies/HegicStrategyInverseBearCallSpread.sol":{"l":{"35":18,"44":22,"45":22,"46":22,"47":22,"48":22,"49":20,"50":20,"51":16,"52":7,"59":9,"65":4,"73":32,"74":32,"75":32,"76":32},"path":"/Users/mariodo/project/v8888-code/packages/herge/contracts/Strategies/HegicStrategyInverseBearCallSpread.sol","s":{"1":18,"2":22,"3":22,"4":22,"5":22,"6":22,"7":20,"8":20,"9":16,"10":7,"11":9,"12":9,"13":4,"14":32,"15":32,"16":32,"17":32},"b":{"1":[20,2],"2":[16,4],"3":[7,9],"4":[9,0]},"f":{"1":18,"2":22,"3":32},"fnMap":{"1":{"name":"constructor","line":34,"loc":{"start":{"line":28,"column":4},"end":{"line":36,"column":4}}},"2":{"name":"_calculateStrategyPayOff","line":38,"loc":{"start":{"line":38,"column":4},"end":{"line":67,"column":4}}},"3":{"name":"_calculateCollateral","line":69,"loc":{"start":{"line":69,"column":4},"end":{"line":82,"column":4}}}},"statementMap":{"1":{"start":{"line":35,"column":8},"end":{"line":35,"column":36}},"2":{"start":{"line":44,"column":8},"end":{"line":44,"column":57}},"3":{"start":{"line":45,"column":8},"end":{"line":45,"column":46}},"4":{"start":{"line":46,"column":8},"end":{"line":46,"column":60}},"5":{"start":{"line":47,"column":8},"end":{"line":47,"column":48}},"6":{"start":{"line":48,"column":8},"end":{"line":48,"column":77}},"7":{"start":{"line":49,"column":8},"end":{"line":49,"column":66}},"8":{"start":{"line":50,"column":8},"end":{"line":50,"column":1801}},"9":{"start":{"line":51,"column":12},"end":{"line":51,"column":1849}},"10":{"start":{"line":52,"column":16},"end":{"line":52,"column":1918}},"11":{"start":{"line":58,"column":19},"end":{"line":58,"column":2123}},"12":{"start":{"line":59,"column":16},"end":{"line":59,"column":2193}},"13":{"start":{"line":65,"column":12},"end":{"line":65,"column":20}},"14":{"start":{"line":73,"column":8},"end":{"line":73,"column":60}},"15":{"start":{"line":74,"column":8},"end":{"line":74,"column":43}},"16":{"start":{"line":75,"column":8},"end":{"line":75,"column":66}},"17":{"start":{"line":76,"column":8},"end":{"line":76,"column":2728}}},"branchMap":{"1":{"line":48,"type":"if","locations":[{"start":{"line":48,"column":8},"end":{"line":48,"column":8}},{"start":{"line":48,"column":8},"end":{"line":48,"column":8}}]},"2":{"line":50,"type":"if","locations":[{"start":{"line":50,"column":8},"end":{"line":50,"column":8}},{"start":{"line":50,"column":8},"end":{"line":50,"column":8}}]},"3":{"line":51,"type":"if","locations":[{"start":{"line":51,"column":12},"end":{"line":51,"column":12}},{"start":{"line":51,"column":12},"end":{"line":51,"column":12}}]},"4":{"line":58,"type":"if","locations":[{"start":{"line":58,"column":19},"end":{"line":58,"column":19}},{"start":{"line":58,"column":19},"end":{"line":58,"column":19}}]}}},
"contracts/Strategies/HegicStrategyInverseBullPutSpread.sol":{"l":{"36":18,"45":18,"46":18,"47":18,"48":18,"49":18,"50":16,"51":16,"52":12,"53":4,"60":8,"66":4,"74":26,"75":26,"76":26,"77":26},"path":"/Users/mariodo/project/v8888-code/packages/herge/contracts/Strategies/HegicStrategyInverseBullPutSpread.sol","s":{"1":18,"2":18,"3":18,"4":18,"5":18,"6":18,"7":16,"8":16,"9":12,"10":4,"11":8,"12":8,"13":4,"14":26,"15":26,"16":26,"17":26},"b":{"1":[16,2],"2":[12,4],"3":[4,8],"4":[8,0]},"f":{"1":18,"2":18,"3":26},"fnMap":{"1":{"name":"constructor","line":35,"loc":{"start":{"line":29,"column":4},"end":{"line":37,"column":4}}},"2":{"name":"_calculateStrategyPayOff","line":39,"loc":{"start":{"line":39,"column":4},"end":{"line":68,"column":4}}},"3":{"name":"_calculateCollateral","line":70,"loc":{"start":{"line":70,"column":4},"end":{"line":83,"column":4}}}},"statementMap":{"1":{"start":{"line":36,"column":8},"end":{"line":36,"column":36}},"2":{"start":{"line":45,"column":8},"end":{"line":45,"column":57}},"3":{"start":{"line":46,"column":8},"end":{"line":46,"column":46}},"4":{"start":{"line":47,"column":8},"end":{"line":47,"column":60}},"5":{"start":{"line":48,"column":8},"end":{"line":48,"column":48}},"6":{"start":{"line":49,"column":8},"end":{"line":49,"column":77}},"7":{"start":{"line":50,"column":8},"end":{"line":50,"column":66}},"8":{"start":{"line":51,"column":8},"end":{"line":51,"column":1801}},"9":{"start":{"line":52,"column":12},"end":{"line":52,"column":1849}},"10":{"start":{"line":53,"column":16},"end":{"line":53,"column":1918}},"11":{"start":{"line":59,"column":19},"end":{"line":59,"column":2123}},"12":{"start":{"line":60,"column":16},"end":{"line":60,"column":2193}},"13":{"start":{"line":66,"column":12},"end":{"line":66,"column":20}},"14":{"start":{"line":74,"column":8},"end":{"line":74,"column":60}},"15":{"start":{"line":75,"column":8},"end":{"line":75,"column":43}},"16":{"start":{"line":76,"column":8},"end":{"line":76,"column":66}},"17":{"start":{"line":77,"column":8},"end":{"line":77,"column":2728}}},"branchMap":{"1":{"line":49,"type":"if","locations":[{"start":{"line":49,"column":8},"end":{"line":49,"column":8}},{"start":{"line":49,"column":8},"end":{"line":49,"column":8}}]},"2":{"line":51,"type":"if","locations":[{"start":{"line":51,"column":8},"end":{"line":51,"column":8}},{"start":{"line":51,"column":8},"end":{"line":51,"column":8}}]},"3":{"line":52,"type":"if","locations":[{"start":{"line":52,"column":12},"end":{"line":52,"column":12}},{"start":{"line":52,"column":12},"end":{"line":52,"column":12}}]},"4":{"line":59,"type":"if","locations":[{"start":{"line":59,"column":19},"end":{"line":59,"column":19}},{"start":{"line":59,"column":19},"end":{"line":59,"column":19}}]}}},
"contracts/Strategies/HegicStrategyInverseLongButterfly.sol":{"l":{"36":18,"45":26,"46":26,"47":26,"48":26,"49":26,"50":24,"51":24,"52":24,"53":10,"54":8,"61":2,"69":14,"70":4,"77":10,"91":34,"92":34,"93":34,"94":34,"95":34,"100":34,"105":34,"106":0,"108":34},"path":"/Users/mariodo/project/v8888-code/packages/herge/contracts/Strategies/HegicStrategyInverseLongButterfly.sol","s":{"1":18,"2":26,"3":26,"4":26,"5":26,"6":26,"7":24,"8":24,"9":24,"10":10,"11":8,"12":2,"13":2,"14":14,"15":14,"16":4,"17":10,"18":10,"19":34,"20":34,"21":34,"22":34,"23":34,"24":34,"25":34,"26":0,"27":34},"b":{"1":[24,2],"2":[10,14],"3":[8,2],"4":[2,0],"5":[14,0],"6":[4,10],"7":[10,0],"8":[0,34]},"f":{"1":18,"2":26,"3":34},"fnMap":{"1":{"name":"constructor","line":35,"loc":{"start":{"line":29,"column":4},"end":{"line":37,"column":4}}},"2":{"name":"_calculateStrategyPayOff","line":39,"loc":{"start":{"line":39,"column":4},"end":{"line":85,"column":4}}},"3":{"name":"_calculateCollateral","line":87,"loc":{"start":{"line":87,"column":4},"end":{"line":110,"column":4}}}},"statementMap":{"1":{"start":{"line":36,"column":8},"end":{"line":36,"column":36}},"2":{"start":{"line":45,"column":8},"end":{"line":45,"column":57}},"3":{"start":{"line":46,"column":8},"end":{"line":46,"column":46}},"4":{"start":{"line":47,"column":8},"end":{"line":47,"column":60}},"5":{"start":{"line":48,"column":8},"end":{"line":48,"column":48}},"6":{"start":{"line":49,"column":8},"end":{"line":49,"column":77}},"7":{"start":{"line":50,"column":8},"end":{"line":50,"column":79}},"8":{"start":{"line":51,"column":8},"end":{"line":51,"column":78}},"9":{"start":{"line":52,"column":8},"end":{"line":52,"column":1894}},"10":{"start":{"line":53,"column":12},"end":{"line":53,"column":1942}},"11":{"start":{"line":54,"column":16},"end":{"line":54,"column":2017}},"12":{"start":{"line":60,"column":19},"end":{"line":60,"column":2222}},"13":{"start":{"line":61,"column":16},"end":{"line":61,"column":2296}},"14":{"start":{"line":68,"column":15},"end":{"line":68,"column":2509}},"15":{"start":{"line":69,"column":12},"end":{"line":69,"column":2557}},"16":{"start":{"line":70,"column":16},"end":{"line":70,"column":2630}},"17":{"start":{"line":76,"column":19},"end":{"line":76,"column":2835}},"18":{"start":{"line":77,"column":16},"end":{"line":77,"column":2909}},"19":{"start":{"line":91,"column":8},"end":{"line":91,"column":60}},"20":{"start":{"line":92,"column":8},"end":{"line":92,"column":43}},"21":{"start":{"line":93,"column":8},"end":{"line":93,"column":79}},"22":{"start":{"line":94,"column":8},"end":{"line":94,"column":78}},"23":{"start":{"line":95,"column":8},"end":{"line":95,"column":3562}},"24":{"start":{"line":100,"column":8},"end":{"line":100,"column":3728}},"25":{"start":{"line":105,"column":8},"end":{"line":105,"column":3875}},"26":{"start":{"line":106,"column":12},"end":{"line":106,"column":38}},"27":{"start":{"line":108,"column":12},"end":{"line":108,"column":37}}},"branchMap":{"1":{"line":49,"type":"if","locations":[{"start":{"line":49,"column":8},"end":{"line":49,"column":8}},{"start":{"line":49,"column":8},"end":{"line":49,"column":8}}]},"2":{"line":52,"type":"if","locations":[{"start":{"line":52,"column":8},"end":{"line":52,"column":8}},{"start":{"line":52,"column":8},"end":{"line":52,"column":8}}]},"3":{"line":53,"type":"if","locations":[{"start":{"line":53,"column":12},"end":{"line":53,"column":12}},{"start":{"line":53,"column":12},"end":{"line":53,"column":12}}]},"4":{"line":60,"type":"if","locations":[{"start":{"line":60,"column":19},"end":{"line":60,"column":19}},{"start":{"line":60,"column":19},"end":{"line":60,"column":19}}]},"5":{"line":68,"type":"if","locations":[{"start":{"line":68,"column":15},"end":{"line":68,"column":15}},{"start":{"line":68,"column":15},"end":{"line":68,"column":15}}]},"6":{"line":69,"type":"if","locations":[{"start":{"line":69,"column":12},"end":{"line":69,"column":12}},{"start":{"line":69,"column":12},"end":{"line":69,"column":12}}]},"7":{"line":76,"type":"if","locations":[{"start":{"line":76,"column":19},"end":{"line":76,"column":19}},{"start":{"line":76,"column":19},"end":{"line":76,"column":19}}]},"8":{"line":105,"type":"if","locations":[{"start":{"line":105,"column":8},"end":{"line":105,"column":8}},{"start":{"line":105,"column":8},"end":{"line":105,"column":8}}]}}},
"contracts/Strategies/HegicStrategyInverseLongCondor.sol":{"l":{"35":12,"44":41,"45":41,"46":41,"47":41,"48":41,"49":38,"50":38,"51":38,"53":38,"55":38,"56":16,"57":12,"64":4,"75":10,"77":12,"78":8,"85":4,"99":48,"100":48,"101":48,"102":48,"103":48,"105":48,"107":48,"112":48,"117":48,"118":0,"120":48},"path":"/Users/mariodo/project/v8888-code/packages/herge/contracts/Strategies/HegicStrategyInverseLongCondor.sol","s":{"1":12,"2":41,"3":41,"4":41,"5":41,"6":41,"7":38,"8":38,"9":38,"10":38,"11":38,"12":16,"13":12,"14":4,"15":4,"16":22,"17":10,"18":12,"19":12,"20":8,"21":4,"22":4,"23":48,"24":48,"25":48,"26":48,"27":48,"28":48,"29":48,"30":48,"31":48,"32":0,"33":48},"b":{"1":[38,3],"2":[16,22],"3":[12,4],"4":[4,0],"5":[10,12],"6":[12,0],"7":[8,4],"8":[4,0],"9":[0,48]},"f":{"1":12,"2":41,"3":48},"fnMap":{"1":{"name":"constructor","line":34,"loc":{"start":{"line":28,"column":4},"end":{"line":36,"column":4}}},"2":{"name":"_calculateStrategyPayOff","line":38,"loc":{"start":{"line":38,"column":4},"end":{"line":93,"column":4}}},"3":{"name":"_calculateCollateral","line":95,"loc":{"start":{"line":95,"column":4},"end":{"line":122,"column":4}}}},"statementMap":{"1":{"start":{"line":35,"column":8},"end":{"line":35,"column":36}},"2":{"start":{"line":44,"column":8},"end":{"line":44,"column":57}},"3":{"start":{"line":45,"column":8},"end":{"line":45,"column":46}},"4":{"start":{"line":46,"column":8},"end":{"line":46,"column":60}},"5":{"start":{"line":47,"column":8},"end":{"line":47,"column":48}},"6":{"start":{"line":48,"column":8},"end":{"line":48,"column":77}},"7":{"start":{"line":49,"column":8},"end":{"line":49,"column":63}},"8":{"start":{"line":50,"column":8},"end":{"line":50,"column":61}},"9":{"start":{"line":51,"column":8},"end":{"line":51,"column":1865}},"10":{"start":{"line":53,"column":8},"end":{"line":53,"column":1962}},"11":{"start":{"line":55,"column":8},"end":{"line":55,"column":2050}},"12":{"start":{"line":56,"column":12},"end":{"line":56,"column":2109}},"13":{"start":{"line":57,"column":16},"end":{"line":57,"column":2188}},"14":{"start":{"line":63,"column":19},"end":{"line":63,"column":2403}},"15":{"start":{"line":64,"column":16},"end":{"line":64,"column":2482}},"16":{"start":{"line":71,"column":15},"end":{"line":71,"column":2709}},"17":{"start":{"line":75,"column":12},"end":{"line":75,"column":20}},"18":{"start":{"line":76,"column":15},"end":{"line":76,"column":2861}},"19":{"start":{"line":77,"column":12},"end":{"line":77,"column":2919}},"20":{"start":{"line":78,"column":16},"end":{"line":78,"column":2997}},"21":{"start":{"line":84,"column":19},"end":{"line":84,"column":3211}},"22":{"start":{"line":85,"column":16},"end":{"line":85,"column":3289}},"23":{"start":{"line":99,"column":8},"end":{"line":99,"column":60}},"24":{"start":{"line":100,"column":8},"end":{"line":100,"column":43}},"25":{"start":{"line":101,"column":8},"end":{"line":101,"column":63}},"26":{"start":{"line":102,"column":8},"end":{"line":102,"column":61}},"27":{"start":{"line":103,"column":8},"end":{"line":103,"column":3913}},"28":{"start":{"line":105,"column":8},"end":{"line":105,"column":4010}},"29":{"start":{"line":107,"column":8},"end":{"line":107,"column":4115}},"30":{"start":{"line":112,"column":8},"end":{"line":112,"column":4295}},"31":{"start":{"line":117,"column":8},"end":{"line":117,"column":4455}},"32":{"start":{"line":118,"column":12},"end":{"line":118,"column":38}},"33":{"start":{"line":120,"column":12},"end":{"line":120,"column":37}}},"branchMap":{"1":{"line":48,"type":"if","locations":[{"start":{"line":48,"column":8},"end":{"line":48,"column":8}},{"start":{"line":48,"column":8},"end":{"line":48,"column":8}}]},"2":{"line":55,"type":"if","locations":[{"start":{"line":55,"column":8},"end":{"line":55,"column":8}},{"start":{"line":55,"column":8},"end":{"line":55,"column":8}}]},"3":{"line":56,"type":"if","locations":[{"start":{"line":56,"column":12},"end":{"line":56,"column":12}},{"start":{"line":56,"column":12},"end":{"line":56,"column":12}}]},"4":{"line":63,"type":"if","locations":[{"start":{"line":63,"column":19},"end":{"line":63,"column":19}},{"start":{"line":63,"column":19},"end":{"line":63,"column":19}}]},"5":{"line":71,"type":"if","locations":[{"start":{"line":71,"column":15},"end":{"line":71,"column":15}},{"start":{"line":71,"column":15},"end":{"line":71,"column":15}}]},"6":{"line":76,"type":"if","locations":[{"start":{"line":76,"column":15},"end":{"line":76,"column":15}},{"start":{"line":76,"column":15},"end":{"line":76,"column":15}}]},"7":{"line":77,"type":"if","locations":[{"start":{"line":77,"column":12},"end":{"line":77,"column":12}},{"start":{"line":77,"column":12},"end":{"line":77,"column":12}}]},"8":{"line":84,"type":"if","locations":[{"start":{"line":84,"column":19},"end":{"line":84,"column":19}},{"start":{"line":84,"column":19},"end":{"line":84,"column":19}}]},"9":{"line":117,"type":"if","locations":[{"start":{"line":117,"column":8},"end":{"line":117,"column":8}},{"start":{"line":117,"column":8},"end":{"line":117,"column":8}}]}}},
"contracts/Strategies/HegicStrategyPut.sol":{"l":{"36":24,"45":29,"46":29},"path":"/Users/mariodo/project/v8888-code/packages/herge/contracts/Strategies/HegicStrategyPut.sol","s":{"1":24,"2":29,"3":29},"b":{},"f":{"1":24,"2":29},"fnMap":{"1":{"name":"constructor","line":35,"loc":{"start":{"line":29,"column":4},"end":{"line":37,"column":4}}},"2":{"name":"_calculateStrategyPayOff","line":39,"loc":{"start":{"line":39,"column":4},"end":{"line":55,"column":4}}}},"statementMap":{"1":{"start":{"line":36,"column":8},"end":{"line":36,"column":42}},"2":{"start":{"line":45,"column":8},"end":{"line":45,"column":57}},"3":{"start":{"line":46,"column":8},"end":{"line":46,"column":1520}}},"branchMap":{}},
"contracts/Strategies/HegicStrategySpreadCall.sol":{"l":{"36":18,"45":20,"47":20,"51":20,"53":20},"path":"/Users/mariodo/project/v8888-code/packages/herge/contracts/Strategies/HegicStrategySpreadCall.sol","s":{"1":18,"2":20,"3":20,"4":20,"5":20},"b":{},"f":{"1":18,"2":20},"fnMap":{"1":{"name":"constructor","line":35,"loc":{"start":{"line":29,"column":4},"end":{"line":37,"column":4}}},"2":{"name":"_calculateStrategyPayOff","line":39,"loc":{"start":{"line":39,"column":4},"end":{"line":71,"column":4}}}},"statementMap":{"1":{"start":{"line":36,"column":8},"end":{"line":36,"column":42}},"2":{"start":{"line":45,"column":8},"end":{"line":45,"column":57}},"3":{"start":{"line":47,"column":8},"end":{"line":47,"column":1550}},"4":{"start":{"line":51,"column":8},"end":{"line":51,"column":46}},"5":{"start":{"line":53,"column":8},"end":{"line":53,"column":1727}}},"branchMap":{}},
"contracts/Strategies/HegicStrategySpreadPut.sol":{"l":{"36":18,"45":20,"47":20,"51":20,"53":20},"path":"/Users/mariodo/project/v8888-code/packages/herge/contracts/Strategies/HegicStrategySpreadPut.sol","s":{"1":18,"2":20,"3":20,"4":20,"5":20},"b":{},"f":{"1":18,"2":20},"fnMap":{"1":{"name":"constructor","line":35,"loc":{"start":{"line":29,"column":4},"end":{"line":37,"column":4}}},"2":{"name":"_calculateStrategyPayOff","line":39,"loc":{"start":{"line":39,"column":4},"end":{"line":71,"column":4}}}},"statementMap":{"1":{"start":{"line":36,"column":8},"end":{"line":36,"column":42}},"2":{"start":{"line":45,"column":8},"end":{"line":45,"column":57}},"3":{"start":{"line":47,"column":8},"end":{"line":47,"column":1549}},"4":{"start":{"line":51,"column":8},"end":{"line":51,"column":46}},"5":{"start":{"line":53,"column":8},"end":{"line":53,"column":1726}}},"branchMap":{}},
"contracts/Strategies/HegicStrategyStraddle.sol":{"l":{"39":12,"41":12,"43":12},"path":"/Users/mariodo/project/v8888-code/packages/herge/contracts/Strategies/HegicStrategyStraddle.sol","s":{"1":12,"2":12,"3":12},"b":{},"f":{"1":6,"2":12},"fnMap":{"1":{"name":"constructor","line":31,"loc":{"start":{"line":26,"column":4},"end":{"line":31,"column":69}}},"2":{"name":"_calculateStrategyPayOff","line":33,"loc":{"start":{"line":33,"column":4},"end":{"line":61,"column":4}}}},"statementMap":{"1":{"start":{"line":39,"column":8},"end":{"line":39,"column":57}},"2":{"start":{"line":41,"column":8},"end":{"line":41,"column":46}},"3":{"start":{"line":43,"column":8},"end":{"line":43,"column":1389}}},"branchMap":{}},
"contracts/Strategies/HegicStrategyStrangle.sol":{"l":{"36":18,"45":24,"46":24,"48":24,"51":24,"55":24},"path":"/Users/mariodo/project/v8888-code/packages/herge/contracts/Strategies/HegicStrategyStrangle.sol","s":{"1":18,"2":24,"3":24,"4":24,"5":24,"6":24},"b":{},"f":{"1":18,"2":24},"fnMap":{"1":{"name":"constructor","line":35,"loc":{"start":{"line":29,"column":4},"end":{"line":37,"column":4}}},"2":{"name":"_calculateStrategyPayOff","line":39,"loc":{"start":{"line":39,"column":4},"end":{"line":73,"column":4}}}},"statementMap":{"1":{"start":{"line":36,"column":8},"end":{"line":36,"column":42}},"2":{"start":{"line":45,"column":8},"end":{"line":45,"column":57}},"3":{"start":{"line":46,"column":8},"end":{"line":46,"column":46}},"4":{"start":{"line":48,"column":8},"end":{"line":48,"column":1596}},"5":{"start":{"line":51,"column":8},"end":{"line":51,"column":1742}},"6":{"start":{"line":55,"column":8},"end":{"line":55,"column":1870}}},"branchMap":{}},
"contracts/Strategies/HegicStrategyStrap.sol":{"l":{"39":12,"41":12,"43":12},"path":"/Users/mariodo/project/v8888-code/packages/herge/contracts/Strategies/HegicStrategyStrap.sol","s":{"1":12,"2":12,"3":12},"b":{},"f":{"1":6,"2":12},"fnMap":{"1":{"name":"constructor","line":31,"loc":{"start":{"line":26,"column":4},"end":{"line":31,"column":69}}},"2":{"name":"_calculateStrategyPayOff","line":33,"loc":{"start":{"line":33,"column":4},"end":{"line":61,"column":4}}}},"statementMap":{"1":{"start":{"line":39,"column":8},"end":{"line":39,"column":57}},"2":{"start":{"line":41,"column":8},"end":{"line":41,"column":46}},"3":{"start":{"line":43,"column":8},"end":{"line":43,"column":1390}}},"branchMap":{}},
"contracts/Strategies/HegicStrategyStrip.sol":{"l":{"39":12,"41":12,"43":12},"path":"/Users/mariodo/project/v8888-code/packages/herge/contracts/Strategies/HegicStrategyStrip.sol","s":{"1":12,"2":12,"3":12},"b":{},"f":{"1":6,"2":12},"fnMap":{"1":{"name":"constructor","line":31,"loc":{"start":{"line":26,"column":4},"end":{"line":31,"column":69}}},"2":{"name":"_calculateStrategyPayOff","line":33,"loc":{"start":{"line":33,"column":4},"end":{"line":61,"column":4}}}},"statementMap":{"1":{"start":{"line":39,"column":8},"end":{"line":39,"column":57}},"2":{"start":{"line":41,"column":8},"end":{"line":41,"column":46}},"3":{"start":{"line":43,"column":8},"end":{"line":43,"column":1386}}},"branchMap":{}},
"contracts/Strategies/IHegicInverseStrategy.sol":{"l":{},"path":"/Users/mariodo/project/v8888-code/packages/herge/contracts/Strategies/IHegicInverseStrategy.sol","s":{},"b":{},"f":{},"fnMap":{},"statementMap":{},"branchMap":{}},
"contracts/Strategies/IHegicStrategy.sol":{"l":{},"path":"/Users/mariodo/project/v8888-code/packages/herge/contracts/Strategies/IHegicStrategy.sol","s":{},"b":{},"f":{},"fnMap":{},"statementMap":{},"branchMap":{}},
"contracts/Strategies/ProfitCalculator.sol":{"l":{"31":73,"32":53,"44":82,"45":66},"path":"/Users/mariodo/project/v8888-code/packages/herge/contracts/Strategies/ProfitCalculator.sol","s":{"1":73,"2":20,"3":53,"4":82,"5":16,"6":66},"b":{"1":[20,53],"2":[16,66]},"f":{"1":73,"2":82},"fnMap":{"1":{"name":"calculatePutProfit","line":23,"loc":{"start":{"line":23,"column":4},"end":{"line":34,"column":4}}},"2":{"name":"calculateCallProfit","line":36,"loc":{"start":{"line":36,"column":4},"end":{"line":47,"column":4}}}},"statementMap":{"1":{"start":{"line":31,"column":8},"end":{"line":31,"column":43}},"2":{"start":{"line":31,"column":35},"end":{"line":31,"column":43}},"3":{"start":{"line":32,"column":8},"end":{"line":32,"column":1159}},"4":{"start":{"line":44,"column":8},"end":{"line":44,"column":43}},"5":{"start":{"line":44,"column":35},"end":{"line":44,"column":43}},"6":{"start":{"line":45,"column":8},"end":{"line":45,"column":1532}}},"branchMap":{"1":{"line":31,"type":"if","locations":[{"start":{"line":31,"column":8},"end":{"line":31,"column":8}},{"start":{"line":31,"column":8},"end":{"line":31,"column":8}}]},"2":{"line":44,"type":"if","locations":[{"start":{"line":44,"column":8},"end":{"line":44,"column":8}},{"start":{"line":44,"column":8},"end":{"line":44,"column":8}}]}}}}
