{
"contracts/CoverPool.sol":{"l":{"68":3,"69":3,"70":3,"71":3,"73":3,"74":3,"75":3,"77":3,"78":3,"95":506,"99":506,"100":506,"101":506,"103":506,"107":506,"111":506,"112":506,"113":506,"114":506,"121":506,"130":9,"134":9,"135":9,"136":9,"155":7,"156":7,"157":7,"158":7,"159":7,"160":7,"170":9,"171":9,"172":9,"174":9,"175":9,"179":8,"180":8,"181":8,"183":8,"185":8,"186":8,"187":8,"195":2,"199":1,"213":0,"231":14,"239":782,"253":239,"254":239,"256":239,"258":239,"259":239,"263":239,"264":0,"267":239,"281":0,"294":0,"295":0,"305":0,"306":0,"316":0,"317":0,"324":8,"326":8,"327":8,"328":8,"329":8,"344":7,"345":7,"348":7,"349":6,"360":506,"361":506,"364":506,"365":506,"372":9,"373":9,"374":9,"375":9,"376":9,"383":531,"385":357,"389":357,"391":357,"395":12,"401":12,"402":12,"405":12,"408":12,"409":12,"410":12,"411":12,"413":12,"414":12,"415":12,"416":12,"417":12,"424":9,"428":8,"429":8,"430":8,"431":8,"432":8},"path":"/Users/mariodo/project/v8888-code/packages/herge/contracts/CoverPool.sol","s":{"1":3,"2":3,"3":3,"4":3,"5":3,"6":3,"7":3,"8":3,"9":3,"10":506,"11":506,"12":506,"13":506,"14":506,"15":506,"16":506,"17":506,"18":506,"19":506,"20":506,"21":9,"22":9,"23":9,"24":9,"25":7,"26":7,"27":0,"28":7,"29":7,"30":7,"31":7,"32":9,"33":9,"34":9,"35":9,"36":9,"37":8,"38":8,"39":8,"40":8,"41":8,"42":2,"43":8,"44":8,"45":2,"46":1,"47":0,"48":14,"49":782,"50":239,"51":239,"52":239,"53":239,"54":239,"55":0,"56":239,"57":0,"58":0,"59":0,"60":0,"61":0,"62":0,"63":0,"64":8,"65":8,"66":8,"67":8,"68":8,"69":7,"70":7,"71":7,"72":6,"73":506,"74":506,"75":506,"76":506,"77":9,"78":9,"79":9,"80":9,"81":9,"82":531,"83":174,"84":357,"85":357,"86":357,"87":12,"88":12,"89":12,"90":12,"91":12,"92":12,"93":12,"94":12,"95":12,"96":12,"97":12,"98":12,"99":9,"100":8,"101":8,"102":8,"103":8,"104":8},"b":{"1":[506,0],"2":[506,0],"3":[506,0],"4":[506,0],"5":[9,0],"6":[0,7],"7":[2,6],"8":[1,1],"9":[0,239],"10":[174,357],"11":[12,0],"12":[8,1]},"f":{"1":3,"2":506,"3":9,"4":7,"5":9,"6":2,"7":0,"8":14,"9":782,"10":239,"11":0,"12":0,"13":0,"14":0,"15":8,"16":7,"17":506,"18":9,"19":531,"20":12,"21":9},"fnMap":{"1":{"name":"constructor","line":62,"loc":{"start":{"line":62,"column":4},"end":{"line":79,"column":4}}},"2":{"name":"provide","line":90,"loc":{"start":{"line":90,"column":4},"end":{"line":122,"column":4}}},"3":{"name":"withdraw","line":129,"loc":{"start":{"line":129,"column":4},"end":{"line":144,"column":4}}},"4":{"name":"claim","line":150,"loc":{"start":{"line":150,"column":4},"end":{"line":161,"column":4}}},"5":{"name":"withdrawEpoch","line":167,"loc":{"start":{"line":167,"column":4},"end":{"line":188,"column":4}}},"6":{"name":"fallbackEpochClose","line":194,"loc":{"start":{"line":194,"column":5},"end":{"line":200,"column":4}}},"7":{"name":"availableToClaim","line":207,"loc":{"start":{"line":207,"column":4},"end":{"line":218,"column":4}}},"8":{"name":"coverTokenBalance","line":225,"loc":{"start":{"line":225,"column":4},"end":{"line":232,"column":4}}},"9":{"name":"coverTokenTotal","line":238,"loc":{"start":{"line":238,"column":4},"end":{"line":240,"column":4}}},"10":{"name":"availableForPayment","line":247,"loc":{"start":{"line":247,"column":4},"end":{"line":269,"column":4}}},"11":{"name":"supportsInterface","line":274,"loc":{"start":{"line":274,"column":4},"end":{"line":284,"column":4}}},"12":{"name":"setWindowSize","line":293,"loc":{"start":{"line":293,"column":4},"end":{"line":296,"column":4}}},"13":{"name":"setPayoffPool","line":303,"loc":{"start":{"line":301,"column":4},"end":{"line":307,"column":4}}},"14":{"name":"setNextEpochChangingPrice","line":314,"loc":{"start":{"line":312,"column":4},"end":{"line":318,"column":4}}},"15":{"name":"fixProfit","line":323,"loc":{"start":{"line":323,"column":4},"end":{"line":330,"column":4}}},"16":{"name":"payOut","line":342,"loc":{"start":{"line":339,"column":4},"end":{"line":350,"column":4}}},"17":{"name":"_provide","line":356,"loc":{"start":{"line":356,"column":4},"end":{"line":366,"column":4}}},"18":{"name":"_withdraw","line":368,"loc":{"start":{"line":368,"column":4},"end":{"line":377,"column":4}}},"19":{"name":"_bufferUnclaimedProfit","line":379,"loc":{"start":{"line":379,"column":4},"end":{"line":392,"column":4}}},"20":{"name":"_startNextEpoch","line":394,"loc":{"start":{"line":394,"column":4},"end":{"line":418,"column":4}}},"21":{"name":"_withdrawFromEpoch","line":420,"loc":{"start":{"line":420,"column":4},"end":{"line":433,"column":4}}}},"statementMap":{"1":{"start":{"line":68,"column":8},"end":{"line":68,"column":49}},"2":{"start":{"line":69,"column":8},"end":{"line":69,"column":51}},"3":{"start":{"line":70,"column":8},"end":{"line":70,"column":64}},"4":{"start":{"line":71,"column":8},"end":{"line":71,"column":69}},"5":{"start":{"line":73,"column":8},"end":{"line":73,"column":31}},"6":{"start":{"line":74,"column":8},"end":{"line":74,"column":33}},"7":{"start":{"line":75,"column":8},"end":{"line":75,"column":31}},"8":{"start":{"line":77,"column":8},"end":{"line":77,"column":57}},"9":{"start":{"line":78,"column":8},"end":{"line":78,"column":24}},"10":{"start":{"line":95,"column":8},"end":{"line":95,"column":3295}},"11":{"start":{"line":99,"column":8},"end":{"line":99,"column":3450}},"12":{"start":{"line":100,"column":12},"end":{"line":100,"column":41}},"13":{"start":{"line":101,"column":12},"end":{"line":101,"column":40}},"14":{"start":{"line":103,"column":8},"end":{"line":103,"column":3578}},"15":{"start":{"line":107,"column":8},"end":{"line":107,"column":3715}},"16":{"start":{"line":111,"column":8},"end":{"line":111,"column":41}},"17":{"start":{"line":112,"column":8},"end":{"line":112,"column":61}},"18":{"start":{"line":113,"column":8},"end":{"line":113,"column":69}},"19":{"start":{"line":114,"column":8},"end":{"line":114,"column":4034}},"20":{"start":{"line":121,"column":8},"end":{"line":121,"column":25}},"21":{"start":{"line":130,"column":8},"end":{"line":130,"column":4484}},"22":{"start":{"line":134,"column":8},"end":{"line":134,"column":41}},"23":{"start":{"line":135,"column":8},"end":{"line":135,"column":63}},"24":{"start":{"line":136,"column":8},"end":{"line":136,"column":4735}},"25":{"start":{"line":155,"column":8},"end":{"line":155,"column":50}},"26":{"start":{"line":156,"column":8},"end":{"line":156,"column":33}},"27":{"start":{"line":156,"column":25},"end":{"line":156,"column":33}},"28":{"start":{"line":157,"column":8},"end":{"line":157,"column":47}},"29":{"start":{"line":158,"column":8},"end":{"line":158,"column":35}},"30":{"start":{"line":159,"column":8},"end":{"line":159,"column":60}},"31":{"start":{"line":160,"column":8},"end":{"line":160,"column":40}},"32":{"start":{"line":170,"column":8},"end":{"line":170,"column":65}},"33":{"start":{"line":171,"column":8},"end":{"line":171,"column":47}},"34":{"start":{"line":172,"column":8},"end":{"line":172,"column":27}},"35":{"start":{"line":174,"column":8},"end":{"line":174,"column":5833}},"36":{"start":{"line":175,"column":12},"end":{"line":175,"column":5903}},"37":{"start":{"line":179,"column":12},"end":{"line":179,"column":33}},"38":{"start":{"line":180,"column":12},"end":{"line":180,"column":31}},"39":{"start":{"line":181,"column":12},"end":{"line":181,"column":76}},"40":{"start":{"line":183,"column":8},"end":{"line":183,"column":41}},"41":{"start":{"line":185,"column":8},"end":{"line":185,"column":68}},"42":{"start":{"line":185,"column":30},"end":{"line":185,"column":68}},"43":{"start":{"line":186,"column":8},"end":{"line":186,"column":64}},"44":{"start":{"line":187,"column":8},"end":{"line":187,"column":66}},"45":{"start":{"line":195,"column":8},"end":{"line":195,"column":6584}},"46":{"start":{"line":199,"column":8},"end":{"line":199,"column":24}},"47":{"start":{"line":213,"column":8},"end":{"line":213,"column":7046}},"48":{"start":{"line":231,"column":8},"end":{"line":231,"column":69}},"49":{"start":{"line":239,"column":8},"end":{"line":239,"column":75}},"50":{"start":{"line":253,"column":8},"end":{"line":253,"column":65}},"51":{"start":{"line":254,"column":8},"end":{"line":254,"column":8246}},"52":{"start":{"line":256,"column":8},"end":{"line":256,"column":69}},"53":{"start":{"line":259,"column":12},"end":{"line":259,"column":8416}},"54":{"start":{"line":263,"column":12},"end":{"line":263,"column":8596}},"55":{"start":{"line":264,"column":16},"end":{"line":264,"column":54}},"56":{"start":{"line":267,"column":8},"end":{"line":267,"column":8741}},"57":{"start":{"line":281,"column":8},"end":{"line":281,"column":9037}},"58":{"start":{"line":294,"column":8},"end":{"line":294,"column":25}},"59":{"start":{"line":295,"column":8},"end":{"line":295,"column":33}},"60":{"start":{"line":305,"column":8},"end":{"line":305,"column":25}},"61":{"start":{"line":306,"column":8},"end":{"line":306,"column":33}},"62":{"start":{"line":316,"column":8},"end":{"line":316,"column":37}},"63":{"start":{"line":317,"column":8},"end":{"line":317,"column":45}},"64":{"start":{"line":324,"column":8},"end":{"line":324,"column":10009}},"65":{"start":{"line":326,"column":8},"end":{"line":326,"column":41}},"66":{"start":{"line":327,"column":8},"end":{"line":327,"column":76}},"67":{"start":{"line":328,"column":8},"end":{"line":328,"column":24}},"68":{"start":{"line":329,"column":8},"end":{"line":329,"column":47}},"69":{"start":{"line":344,"column":8},"end":{"line":344,"column":65}},"70":{"start":{"line":345,"column":8},"end":{"line":345,"column":10718}},"71":{"start":{"line":348,"column":8},"end":{"line":348,"column":53}},"72":{"start":{"line":349,"column":8},"end":{"line":349,"column":67}},"73":{"start":{"line":360,"column":8},"end":{"line":360,"column":53}},"74":{"start":{"line":361,"column":8},"end":{"line":361,"column":11263}},"75":{"start":{"line":364,"column":8},"end":{"line":364,"column":44}},"76":{"start":{"line":365,"column":8},"end":{"line":365,"column":35}},"77":{"start":{"line":372,"column":8},"end":{"line":372,"column":53}},"78":{"start":{"line":373,"column":8},"end":{"line":373,"column":73}},"79":{"start":{"line":374,"column":8},"end":{"line":374,"column":45}},"80":{"start":{"line":375,"column":8},"end":{"line":375,"column":66}},"81":{"start":{"line":376,"column":8},"end":{"line":376,"column":59}},"82":{"start":{"line":383,"column":8},"end":{"line":383,"column":37}},"83":{"start":{"line":383,"column":29},"end":{"line":383,"column":37}},"84":{"start":{"line":385,"column":8},"end":{"line":385,"column":12084}},"85":{"start":{"line":389,"column":8},"end":{"line":389,"column":53}},"86":{"start":{"line":391,"column":8},"end":{"line":391,"column":51}},"87":{"start":{"line":395,"column":8},"end":{"line":395,"column":12405}},"88":{"start":{"line":401,"column":8},"end":{"line":401,"column":65}},"89":{"start":{"line":402,"column":8},"end":{"line":402,"column":12703}},"90":{"start":{"line":405,"column":8},"end":{"line":405,"column":12800}},"91":{"start":{"line":408,"column":8},"end":{"line":408,"column":46}},"92":{"start":{"line":409,"column":8},"end":{"line":409,"column":56}},"93":{"start":{"line":410,"column":8},"end":{"line":410,"column":53}},"94":{"start":{"line":411,"column":8},"end":{"line":411,"column":54}},"95":{"start":{"line":414,"column":8},"end":{"line":414,"column":61}},"96":{"start":{"line":415,"column":8},"end":{"line":415,"column":50}},"97":{"start":{"line":416,"column":8},"end":{"line":416,"column":65}},"98":{"start":{"line":417,"column":8},"end":{"line":417,"column":63}},"99":{"start":{"line":424,"column":8},"end":{"line":424,"column":13570}},"100":{"start":{"line":428,"column":8},"end":{"line":428,"column":40}},"101":{"start":{"line":429,"column":8},"end":{"line":429,"column":77}},"102":{"start":{"line":430,"column":8},"end":{"line":430,"column":75}},"103":{"start":{"line":431,"column":8},"end":{"line":431,"column":33}},"104":{"start":{"line":432,"column":8},"end":{"line":432,"column":38}}},"branchMap":{"1":{"line":95,"type":"if","locations":[{"start":{"line":95,"column":8},"end":{"line":95,"column":8}},{"start":{"line":95,"column":8},"end":{"line":95,"column":8}}]},"2":{"line":99,"type":"if","locations":[{"start":{"line":99,"column":8},"end":{"line":99,"column":8}},{"start":{"line":99,"column":8},"end":{"line":99,"column":8}}]},"3":{"line":103,"type":"if","locations":[{"start":{"line":103,"column":8},"end":{"line":103,"column":8}},{"start":{"line":103,"column":8},"end":{"line":103,"column":8}}]},"4":{"line":107,"type":"if","locations":[{"start":{"line":107,"column":8},"end":{"line":107,"column":8}},{"start":{"line":107,"column":8},"end":{"line":107,"column":8}}]},"5":{"line":130,"type":"if","locations":[{"start":{"line":130,"column":8},"end":{"line":130,"column":8}},{"start":{"line":130,"column":8},"end":{"line":130,"column":8}}]},"6":{"line":156,"type":"if","locations":[{"start":{"line":156,"column":8},"end":{"line":156,"column":8}},{"start":{"line":156,"column":8},"end":{"line":156,"column":8}}]},"7":{"line":185,"type":"if","locations":[{"start":{"line":185,"column":8},"end":{"line":185,"column":8}},{"start":{"line":185,"column":8},"end":{"line":185,"column":8}}]},"8":{"line":195,"type":"if","locations":[{"start":{"line":195,"column":8},"end":{"line":195,"column":8}},{"start":{"line":195,"column":8},"end":{"line":195,"column":8}}]},"9":{"line":263,"type":"if","locations":[{"start":{"line":263,"column":12},"end":{"line":263,"column":12}},{"start":{"line":263,"column":12},"end":{"line":263,"column":12}}]},"10":{"line":383,"type":"if","locations":[{"start":{"line":383,"column":8},"end":{"line":383,"column":8}},{"start":{"line":383,"column":8},"end":{"line":383,"column":8}}]},"11":{"line":395,"type":"if","locations":[{"start":{"line":395,"column":8},"end":{"line":395,"column":8}},{"start":{"line":395,"column":8},"end":{"line":395,"column":8}}]},"12":{"line":424,"type":"if","locations":[{"start":{"line":424,"column":8},"end":{"line":424,"column":8}},{"start":{"line":424,"column":8},"end":{"line":424,"column":8}}]}}},
"contracts/CoverPoolToken.sol":{"l":{"42":0,"56":0,"57":0,"64":0,"72":0},"path":"/Users/mariodo/project/v8888-code/packages/herge/contracts/CoverPoolToken.sol","s":{"1":0,"2":0,"3":0,"4":0,"5":0,"6":0},"b":{"1":[0,0]},"f":{"1":3,"2":0,"3":0,"4":0,"5":0},"fnMap":{"1":{"name":"constructor","line":29,"loc":{"start":{"line":28,"column":4},"end":{"line":30,"column":5}}},"2":{"name":"supportsInterface","line":35,"loc":{"start":{"line":35,"column":4},"end":{"line":45,"column":4}}},"3":{"name":"tokenURI","line":50,"loc":{"start":{"line":50,"column":4},"end":{"line":58,"column":4}}},"4":{"name":"setURIBuilder","line":62,"loc":{"start":{"line":60,"column":4},"end":{"line":65,"column":4}}},"5":{"name":"isApprovedOrOwner","line":67,"loc":{"start":{"line":67,"column":4},"end":{"line":73,"column":4}}}},"statementMap":{"1":{"start":{"line":42,"column":8},"end":{"line":42,"column":1368}},"2":{"start":{"line":56,"column":8},"end":{"line":56,"column":78}},"3":{"start":{"line":56,"column":47},"end":{"line":56,"column":78}},"4":{"start":{"line":57,"column":8},"end":{"line":57,"column":43}},"5":{"start":{"line":64,"column":8},"end":{"line":64,"column":31}},"6":{"start":{"line":72,"column":8},"end":{"line":72,"column":51}}},"branchMap":{"1":{"line":56,"type":"if","locations":[{"start":{"line":56,"column":8},"end":{"line":56,"column":8}},{"start":{"line":56,"column":8},"end":{"line":56,"column":8}}]}}},
"contracts/ICoverPool.sol":{"l":{},"path":"/Users/mariodo/project/v8888-code/packages/herge/contracts/ICoverPool.sol","s":{},"b":{},"f":{},"fnMap":{},"statementMap":{},"branchMap":{}},
"contracts/IOperationalTreasury.sol":{"l":{},"path":"/Users/mariodo/project/v8888-code/packages/herge/contracts/IOperationalTreasury.sol","s":{},"b":{},"f":{},"fnMap":{},"statementMap":{},"branchMap":{}},
"contracts/MainPool.sol":{"l":{"30":0,"31":0},"path":"/Users/mariodo/project/v8888-code/packages/herge/contracts/MainPool.sol","s":{"1":0,"2":0},"b":{},"f":{"1":0},"fnMap":{"1":{"name":"constructor","line":29,"loc":{"start":{"line":29,"column":4},"end":{"line":32,"column":4}}}},"statementMap":{"1":{"start":{"line":30,"column":8},"end":{"line":30,"column":19}},"2":{"start":{"line":31,"column":8},"end":{"line":31,"column":49}}},"branchMap":{}},
"contracts/OperationalTreasury.sol":{"l":{"60":3,"61":3,"62":3,"63":3,"64":3,"65":3,"66":3,"67":186,"84":154,"85":154,"88":153,"95":153,"113":153,"115":153,"116":153,"118":153,"123":153,"127":153,"128":153,"136":153,"145":2,"146":2,"150":1,"151":1,"152":1,"166":148,"167":148,"168":137,"172":137,"176":81,"178":81,"179":81,"180":1,"182":81,"183":81,"196":156,"206":157,"219":2,"227":0,"234":0,"238":0,"239":0,"240":0,"241":0,"248":0,"249":0,"253":0,"254":0,"258":82,"262":82,"263":82,"264":82,"265":82,"269":1,"273":1,"274":1,"275":1,"279":156,"280":156,"284":83,"289":83,"290":83,"294":186,"295":186},"path":"/Users/mariodo/project/v8888-code/packages/herge/contracts/OperationalTreasury.sol","s":{"1":3,"2":3,"3":3,"4":3,"5":3,"6":3,"7":3,"8":186,"9":154,"10":154,"11":153,"12":153,"13":153,"14":153,"15":153,"16":153,"17":153,"18":153,"19":153,"20":153,"21":2,"22":2,"23":1,"24":1,"25":1,"26":148,"27":148,"28":137,"29":137,"30":81,"31":81,"32":81,"33":1,"34":81,"35":81,"36":156,"37":157,"38":2,"39":0,"40":0,"41":0,"42":0,"43":0,"44":0,"45":0,"46":0,"47":0,"48":0,"49":82,"50":82,"51":82,"52":82,"53":82,"54":1,"55":1,"56":1,"57":1,"58":156,"59":156,"60":83,"61":83,"62":83,"63":59,"64":186,"65":186},"b":{"1":[153,0],"2":[153,0],"3":[153,0],"4":[1,1],"5":[137,0],"6":[81,56],"7":[81,0],"8":[1,80],"9":[0,0],"10":[0,0],"11":[0,0],"12":[82,0],"13":[83,0],"14":[59,24]},"f":{"1":3,"2":154,"3":153,"4":2,"5":148,"6":156,"7":157,"8":2,"9":0,"10":0,"11":0,"12":82,"13":1,"14":156,"15":83,"16":186},"fnMap":{"1":{"name":"constructor","line":52,"loc":{"start":{"line":52,"column":4},"end":{"line":68,"column":4}}},"2":{"name":"buy","line":83,"loc":{"start":{"line":77,"column":4},"end":{"line":98,"column":4}}},"3":{"name":"_lockLiquidity","line":106,"loc":{"start":{"line":106,"column":4},"end":{"line":137,"column":4}}},"4":{"name":"unlock","line":144,"loc":{"start":{"line":144,"column":4},"end":{"line":153,"column":4}}},"5":{"name":"payOff","line":164,"loc":{"start":{"line":161,"column":4},"end":{"line":184,"column":4}}},"6":{"name":"addTokens","line":193,"loc":{"start":{"line":191,"column":4},"end":{"line":197,"column":4}}},"7":{"name":"setBenchmark","line":205,"loc":{"start":{"line":205,"column":4},"end":{"line":207,"column":4}}},"8":{"name":"withdraw","line":217,"loc":{"start":{"line":215,"column":4},"end":{"line":220,"column":4}}},"9":{"name":"replenish","line":226,"loc":{"start":{"line":226,"column":4},"end":{"line":228,"column":4}}},"10":{"name":"addStrategy","line":232,"loc":{"start":{"line":230,"column":4},"end":{"line":242,"column":4}}},"11":{"name":"connectStrategy","line":246,"loc":{"start":{"line":244,"column":4},"end":{"line":255,"column":4}}},"12":{"name":"_unlock","line":257,"loc":{"start":{"line":257,"column":4},"end":{"line":266,"column":4}}},"13":{"name":"_replenish","line":268,"loc":{"start":{"line":268,"column":4},"end":{"line":276,"column":4}}},"14":{"name":"_addTokens","line":278,"loc":{"start":{"line":278,"column":4},"end":{"line":281,"column":4}}},"15":{"name":"_withdraw","line":283,"loc":{"start":{"line":283,"column":4},"end":{"line":291,"column":4}}},"16":{"name":"_connect","line":293,"loc":{"start":{"line":293,"column":4},"end":{"line":296,"column":4}}}},"statementMap":{"1":{"start":{"line":60,"column":8},"end":{"line":60,"column":49}},"2":{"start":{"line":61,"column":8},"end":{"line":61,"column":21}},"3":{"start":{"line":62,"column":8},"end":{"line":62,"column":25}},"4":{"start":{"line":63,"column":8},"end":{"line":63,"column":41}},"5":{"start":{"line":64,"column":8},"end":{"line":64,"column":29}},"6":{"start":{"line":65,"column":8},"end":{"line":65,"column":29}},"7":{"start":{"line":66,"column":8},"end":{"line":66,"column":2413}},"8":{"start":{"line":67,"column":12},"end":{"line":67,"column":41}},"9":{"start":{"line":84,"column":8},"end":{"line":84,"column":58}},"10":{"start":{"line":85,"column":8},"end":{"line":85,"column":3041}},"11":{"start":{"line":88,"column":8},"end":{"line":88,"column":3133}},"12":{"start":{"line":95,"column":8},"end":{"line":95,"column":69}},"13":{"start":{"line":113,"column":8},"end":{"line":113,"column":60}},"14":{"start":{"line":115,"column":8},"end":{"line":115,"column":33}},"15":{"start":{"line":116,"column":8},"end":{"line":116,"column":35}},"16":{"start":{"line":118,"column":8},"end":{"line":118,"column":3981}},"17":{"start":{"line":123,"column":8},"end":{"line":123,"column":4167}},"18":{"start":{"line":127,"column":8},"end":{"line":127,"column":48}},"19":{"start":{"line":128,"column":8},"end":{"line":128,"column":4344}},"20":{"start":{"line":136,"column":8},"end":{"line":136,"column":69}},"21":{"start":{"line":145,"column":8},"end":{"line":145,"column":71}},"22":{"start":{"line":146,"column":8},"end":{"line":146,"column":4914}},"23":{"start":{"line":150,"column":8},"end":{"line":150,"column":18}},"24":{"start":{"line":151,"column":8},"end":{"line":151,"column":37}},"25":{"start":{"line":152,"column":8},"end":{"line":152,"column":39}},"26":{"start":{"line":166,"column":8},"end":{"line":166,"column":71}},"27":{"start":{"line":167,"column":8},"end":{"line":167,"column":68}},"28":{"start":{"line":168,"column":8},"end":{"line":168,"column":5621}},"29":{"start":{"line":172,"column":8},"end":{"line":172,"column":5739}},"30":{"start":{"line":176,"column":8},"end":{"line":176,"column":42}},"31":{"start":{"line":178,"column":8},"end":{"line":178,"column":18}},"32":{"start":{"line":179,"column":8},"end":{"line":179,"column":5960}},"33":{"start":{"line":180,"column":12},"end":{"line":180,"column":29}},"34":{"start":{"line":182,"column":8},"end":{"line":182,"column":33}},"35":{"start":{"line":183,"column":8},"end":{"line":183,"column":53}},"36":{"start":{"line":196,"column":8},"end":{"line":196,"column":27}},"37":{"start":{"line":206,"column":8},"end":{"line":206,"column":24}},"38":{"start":{"line":219,"column":8},"end":{"line":219,"column":28}},"39":{"start":{"line":227,"column":8},"end":{"line":227,"column":20}},"40":{"start":{"line":234,"column":8},"end":{"line":234,"column":7384}},"41":{"start":{"line":238,"column":8},"end":{"line":238,"column":55}},"42":{"start":{"line":239,"column":8},"end":{"line":239,"column":70}},"43":{"start":{"line":240,"column":8},"end":{"line":240,"column":67}},"44":{"start":{"line":241,"column":8},"end":{"line":241,"column":65}},"45":{"start":{"line":248,"column":8},"end":{"line":248,"column":55}},"46":{"start":{"line":249,"column":8},"end":{"line":249,"column":7937}},"47":{"start":{"line":253,"column":8},"end":{"line":253,"column":78}},"48":{"start":{"line":254,"column":8},"end":{"line":254,"column":18}},"49":{"start":{"line":258,"column":8},"end":{"line":258,"column":8224}},"50":{"start":{"line":262,"column":8},"end":{"line":262,"column":47}},"51":{"start":{"line":263,"column":8},"end":{"line":263,"column":36}},"52":{"start":{"line":264,"column":8},"end":{"line":264,"column":38}},"53":{"start":{"line":265,"column":8},"end":{"line":265,"column":54}},"54":{"start":{"line":269,"column":8},"end":{"line":269,"column":8630}},"55":{"start":{"line":273,"column":8},"end":{"line":273,"column":39}},"56":{"start":{"line":274,"column":8},"end":{"line":274,"column":37}},"57":{"start":{"line":275,"column":8},"end":{"line":275,"column":40}},"58":{"start":{"line":279,"column":8},"end":{"line":279,"column":61}},"59":{"start":{"line":280,"column":8},"end":{"line":280,"column":29}},"60":{"start":{"line":284,"column":8},"end":{"line":284,"column":9101}},"61":{"start":{"line":289,"column":8},"end":{"line":289,"column":29}},"62":{"start":{"line":290,"column":8},"end":{"line":290,"column":54}},"63":{"start":{"line":290,"column":24},"end":{"line":290,"column":53}},"64":{"start":{"line":294,"column":8},"end":{"line":294,"column":18}},"65":{"start":{"line":295,"column":8},"end":{"line":295,"column":33}}},"branchMap":{"1":{"line":113,"type":"if","locations":[{"start":{"line":113,"column":8},"end":{"line":113,"column":8}},{"start":{"line":113,"column":8},"end":{"line":113,"column":8}}]},"2":{"line":118,"type":"if","locations":[{"start":{"line":118,"column":8},"end":{"line":118,"column":8}},{"start":{"line":118,"column":8},"end":{"line":118,"column":8}}]},"3":{"line":123,"type":"if","locations":[{"start":{"line":123,"column":8},"end":{"line":123,"column":8}},{"start":{"line":123,"column":8},"end":{"line":123,"column":8}}]},"4":{"line":146,"type":"if","locations":[{"start":{"line":146,"column":8},"end":{"line":146,"column":8}},{"start":{"line":146,"column":8},"end":{"line":146,"column":8}}]},"5":{"line":168,"type":"if","locations":[{"start":{"line":168,"column":8},"end":{"line":168,"column":8}},{"start":{"line":168,"column":8},"end":{"line":168,"column":8}}]},"6":{"line":172,"type":"if","locations":[{"start":{"line":172,"column":8},"end":{"line":172,"column":8}},{"start":{"line":172,"column":8},"end":{"line":172,"column":8}}]},"7":{"line":176,"type":"if","locations":[{"start":{"line":176,"column":8},"end":{"line":176,"column":8}},{"start":{"line":176,"column":8},"end":{"line":176,"column":8}}]},"8":{"line":179,"type":"if","locations":[{"start":{"line":179,"column":8},"end":{"line":179,"column":8}},{"start":{"line":179,"column":8},"end":{"line":179,"column":8}}]},"9":{"line":234,"type":"if","locations":[{"start":{"line":234,"column":8},"end":{"line":234,"column":8}},{"start":{"line":234,"column":8},"end":{"line":234,"column":8}}]},"10":{"line":249,"type":"if","locations":[{"start":{"line":249,"column":8},"end":{"line":249,"column":8}},{"start":{"line":249,"column":8},"end":{"line":249,"column":8}}]},"11":{"line":253,"type":"if","locations":[{"start":{"line":253,"column":8},"end":{"line":253,"column":8}},{"start":{"line":253,"column":8},"end":{"line":253,"column":8}}]},"12":{"line":258,"type":"if","locations":[{"start":{"line":258,"column":8},"end":{"line":258,"column":8}},{"start":{"line":258,"column":8},"end":{"line":258,"column":8}}]},"13":{"line":284,"type":"if","locations":[{"start":{"line":284,"column":8},"end":{"line":284,"column":8}},{"start":{"line":284,"column":8},"end":{"line":284,"column":8}}]},"14":{"line":290,"type":"if","locations":[{"start":{"line":290,"column":8},"end":{"line":290,"column":8}},{"start":{"line":290,"column":8},"end":{"line":290,"column":8}}]}}},
"contracts/ProfitDistributor.sol":{"l":{"41":3,"42":3,"46":4,"48":4,"49":4,"50":28,"52":28,"53":28,"61":7,"62":6,"64":6,"65":32,"74":11,"76":11,"77":10,"78":60,"80":10},"path":"/Users/mariodo/project/v8888-code/packages/herge/contracts/ProfitDistributor.sol","s":{"1":3,"2":3,"3":4,"4":4,"5":4,"6":28,"7":28,"8":28,"9":7,"10":6,"11":32,"12":11,"13":11,"14":1,"15":10,"16":60,"17":10},"b":{"1":[4,0],"2":[28,0],"3":[6,1],"4":[1,10]},"f":{"1":3,"2":4,"3":7,"4":11},"fnMap":{"1":{"name":"constructor","line":40,"loc":{"start":{"line":40,"column":4},"end":{"line":43,"column":4}}},"2":{"name":"distributeProfit","line":45,"loc":{"start":{"line":45,"column":4},"end":{"line":55,"column":4}}},"3":{"name":"setProfitRecipients","line":59,"loc":{"start":{"line":57,"column":4},"end":{"line":67,"column":4}}},"4":{"name":"_checkRecipientsArray","line":69,"loc":{"start":{"line":69,"column":4},"end":{"line":81,"column":4}}}},"statementMap":{"1":{"start":{"line":41,"column":8},"end":{"line":41,"column":19}},"2":{"start":{"line":42,"column":8},"end":{"line":42,"column":49}},"3":{"start":{"line":46,"column":8},"end":{"line":46,"column":74}},"4":{"start":{"line":48,"column":8},"end":{"line":48,"column":54}},"5":{"start":{"line":49,"column":8},"end":{"line":49,"column":1587}},"6":{"start":{"line":50,"column":12},"end":{"line":50,"column":1672}},"7":{"start":{"line":52,"column":12},"end":{"line":52,"column":1816}},"8":{"start":{"line":53,"column":16},"end":{"line":53,"column":71}},"9":{"start":{"line":61,"column":8},"end":{"line":61,"column":75}},"10":{"start":{"line":64,"column":8},"end":{"line":64,"column":2114}},"11":{"start":{"line":65,"column":12},"end":{"line":65,"column":42}},"12":{"start":{"line":74,"column":8},"end":{"line":74,"column":27}},"13":{"start":{"line":76,"column":8},"end":{"line":76,"column":67}},"14":{"start":{"line":76,"column":55},"end":{"line":76,"column":67}},"15":{"start":{"line":77,"column":8},"end":{"line":77,"column":2466}},"16":{"start":{"line":78,"column":12},"end":{"line":78,"column":42}},"17":{"start":{"line":80,"column":8},"end":{"line":80,"column":41}}},"branchMap":{"1":{"line":46,"type":"if","locations":[{"start":{"line":46,"column":8},"end":{"line":46,"column":8}},{"start":{"line":46,"column":8},"end":{"line":46,"column":8}}]},"2":{"line":52,"type":"if","locations":[{"start":{"line":52,"column":12},"end":{"line":52,"column":12}},{"start":{"line":52,"column":12},"end":{"line":52,"column":12}}]},"3":{"line":61,"type":"if","locations":[{"start":{"line":61,"column":8},"end":{"line":61,"column":8}},{"start":{"line":61,"column":8},"end":{"line":61,"column":8}}]},"4":{"line":76,"type":"if","locations":[{"start":{"line":76,"column":8},"end":{"line":76,"column":8}},{"start":{"line":76,"column":8},"end":{"line":76,"column":8}}]}}},
"contracts/ReinvestmentPool.sol":{"l":{},"path":"/Users/mariodo/project/v8888-code/packages/herge/contracts/ReinvestmentPool.sol","s":{},"b":{},"f":{},"fnMap":{},"statementMap":{},"branchMap":{}},
"contracts/Strategies/HegicInverseStrategy.sol":{"l":{"40":66,"41":66,"54":61,"55":61,"56":61,"65":49,"87":61,"92":61,"93":61,"94":61,"95":61,"96":61,"105":60,"108":60,"109":2,"110":58},"path":"/Users/mariodo/project/v8888-code/packages/herge/contracts/Strategies/HegicInverseStrategy.sol","s":{"1":66,"2":66,"3":61,"4":61,"5":61,"6":49,"7":61,"8":61,"9":61,"10":61,"11":61,"12":61,"13":60,"14":60,"15":2,"16":58},"b":{"1":[2,58]},"f":{"1":66,"2":61,"3":49,"4":61,"5":60},"fnMap":{"1":{"name":"constructor","line":39,"loc":{"start":{"line":34,"column":4},"end":{"line":42,"column":4}}},"2":{"name":"calculateNegativepnlAndPositivepnl","line":44,"loc":{"start":{"line":44,"column":4},"end":{"line":57,"column":4}}},"3":{"name":"isPayoffAvailable","line":59,"loc":{"start":{"line":59,"column":4},"end":{"line":69,"column":4}}},"4":{"name":"_create","line":71,"loc":{"start":{"line":71,"column":4},"end":{"line":97,"column":4}}},"5":{"name":"payOffAmount","line":99,"loc":{"start":{"line":99,"column":4},"end":{"line":113,"column":4}}}},"statementMap":{"1":{"start":{"line":40,"column":8},"end":{"line":40,"column":49}},"2":{"start":{"line":41,"column":8},"end":{"line":41,"column":45}},"3":{"start":{"line":54,"column":8},"end":{"line":54,"column":62}},"4":{"start":{"line":55,"column":8},"end":{"line":55,"column":65}},"5":{"start":{"line":56,"column":8},"end":{"line":56,"column":54}},"6":{"start":{"line":65,"column":8},"end":{"line":65,"column":2390}},"7":{"start":{"line":87,"column":8},"end":{"line":87,"column":2869}},"8":{"start":{"line":92,"column":8},"end":{"line":92,"column":64}},"9":{"start":{"line":93,"column":8},"end":{"line":93,"column":40}},"10":{"start":{"line":94,"column":8},"end":{"line":94,"column":72}},"11":{"start":{"line":95,"column":8},"end":{"line":95,"column":65}},"12":{"start":{"line":96,"column":8},"end":{"line":96,"column":53}},"13":{"start":{"line":105,"column":8},"end":{"line":105,"column":3492}},"14":{"start":{"line":108,"column":8},"end":{"line":108,"column":3649}},"15":{"start":{"line":109,"column":12},"end":{"line":109,"column":53}},"16":{"start":{"line":110,"column":8},"end":{"line":110,"column":3757}}},"branchMap":{"1":{"line":108,"type":"if","locations":[{"start":{"line":108,"column":8},"end":{"line":108,"column":8}},{"start":{"line":108,"column":8},"end":{"line":108,"column":8}}]}}},
"contracts/Strategies/HegicStrategy.sol":{"l":{"55":186,"56":186,"57":186,"58":186,"59":186,"77":154,"82":154,"90":154,"95":153,"120":93,"125":93,"126":93,"127":93,"128":93,"132":186,"133":186,"134":186,"147":0,"154":0,"163":1,"164":1,"172":0,"183":0,"187":0,"188":0,"193":0,"194":0,"196":0,"209":88,"220":93,"232":154,"246":93,"247":93,"269":89,"273":497,"274":497},"path":"/Users/mariodo/project/v8888-code/packages/herge/contracts/Strategies/HegicStrategy.sol","s":{"1":186,"2":186,"3":186,"4":186,"5":186,"6":154,"7":154,"8":154,"9":153,"10":93,"11":93,"12":93,"13":93,"14":93,"15":186,"16":186,"17":186,"18":0,"19":0,"20":1,"21":1,"22":0,"23":0,"24":0,"25":0,"26":0,"27":0,"28":0,"29":88,"30":93,"31":154,"32":93,"33":93,"34":89,"35":497,"36":497},"b":{"1":[154,0],"2":[153,1],"3":[186,0],"4":[0,0]},"f":{"1":186,"2":154,"3":93,"4":186,"5":0,"6":0,"7":1,"8":0,"9":0,"10":88,"11":93,"12":154,"13":93,"14":89,"15":497},"fnMap":{"1":{"name":"constructor","line":49,"loc":{"start":{"line":49,"column":4},"end":{"line":60,"column":4}}},"2":{"name":"create","line":62,"loc":{"start":{"line":62,"column":4},"end":{"line":103,"column":4}}},"3":{"name":"_create","line":105,"loc":{"start":{"line":105,"column":4},"end":{"line":129,"column":4}}},"4":{"name":"connect","line":131,"loc":{"start":{"line":131,"column":4},"end":{"line":135,"column":4}}},"5":{"name":"getLockedByStrategy","line":141,"loc":{"start":{"line":141,"column":4},"end":{"line":148,"column":4}}},"6":{"name":"setPricer","line":152,"loc":{"start":{"line":150,"column":4},"end":{"line":155,"column":4}}},"7":{"name":"setLimit","line":162,"loc":{"start":{"line":162,"column":4},"end":{"line":165,"column":4}}},"8":{"name":"setK","line":171,"loc":{"start":{"line":171,"column":4},"end":{"line":173,"column":4}}},"9":{"name":"getAvailableContracts","line":178,"loc":{"start":{"line":178,"column":4},"end":{"line":197,"column":4}}},"10":{"name":"isPayoffAvailable","line":202,"loc":{"start":{"line":202,"column":4},"end":{"line":212,"column":4}}},"11":{"name":"_calculateCollateral","line":214,"loc":{"start":{"line":214,"column":4},"end":{"line":225,"column":4}}},"12":{"name":"_calculateStrategyPremium","line":227,"loc":{"start":{"line":227,"column":4},"end":{"line":233,"column":4}}},"13":{"name":"calculateNegativepnlAndPositivepnl","line":235,"loc":{"start":{"line":235,"column":4},"end":{"line":248,"column":4}}},"14":{"name":"payOffAmount","line":262,"loc":{"start":{"line":262,"column":4},"end":{"line":270,"column":4}}},"15":{"name":"_currentPrice","line":272,"loc":{"start":{"line":272,"column":4},"end":{"line":275,"column":4}}}},"statementMap":{"1":{"start":{"line":55,"column":8},"end":{"line":55,"column":49}},"2":{"start":{"line":56,"column":8},"end":{"line":56,"column":23}},"3":{"start":{"line":57,"column":8},"end":{"line":57,"column":37}},"4":{"start":{"line":58,"column":8},"end":{"line":58,"column":26}},"5":{"start":{"line":59,"column":8},"end":{"line":59,"column":39}},"6":{"start":{"line":77,"column":8},"end":{"line":77,"column":2443}},"7":{"start":{"line":82,"column":8},"end":{"line":82,"column":2583}},"8":{"start":{"line":90,"column":8},"end":{"line":90,"column":2752}},"9":{"start":{"line":95,"column":8},"end":{"line":95,"column":2903}},"10":{"start":{"line":120,"column":8},"end":{"line":120,"column":3405}},"11":{"start":{"line":125,"column":8},"end":{"line":125,"column":52}},"12":{"start":{"line":126,"column":8},"end":{"line":126,"column":40}},"13":{"start":{"line":127,"column":8},"end":{"line":127,"column":72}},"14":{"start":{"line":128,"column":8},"end":{"line":128,"column":53}},"15":{"start":{"line":132,"column":8},"end":{"line":132,"column":69}},"16":{"start":{"line":133,"column":8},"end":{"line":133,"column":70}},"17":{"start":{"line":134,"column":8},"end":{"line":134,"column":19}},"18":{"start":{"line":147,"column":8},"end":{"line":147,"column":42}},"19":{"start":{"line":154,"column":8},"end":{"line":154,"column":21}},"20":{"start":{"line":163,"column":8},"end":{"line":163,"column":26}},"21":{"start":{"line":164,"column":8},"end":{"line":164,"column":28}},"22":{"start":{"line":172,"column":8},"end":{"line":172,"column":16}},"23":{"start":{"line":183,"column":8},"end":{"line":183,"column":5158}},"24":{"start":{"line":187,"column":8},"end":{"line":187,"column":76}},"25":{"start":{"line":188,"column":8},"end":{"line":188,"column":5395}},"26":{"start":{"line":193,"column":8},"end":{"line":193,"column":5545}},"27":{"start":{"line":194,"column":12},"end":{"line":194,"column":72}},"28":{"start":{"line":196,"column":8},"end":{"line":196,"column":63}},"29":{"start":{"line":209,"column":8},"end":{"line":209,"column":5985}},"30":{"start":{"line":220,"column":8},"end":{"line":220,"column":6245}},"31":{"start":{"line":232,"column":8},"end":{"line":232,"column":68}},"32":{"start":{"line":246,"column":8},"end":{"line":246,"column":57}},"33":{"start":{"line":247,"column":8},"end":{"line":247,"column":62}},"34":{"start":{"line":269,"column":8},"end":{"line":269,"column":49}},"35":{"start":{"line":273,"column":8},"end":{"line":273,"column":70}},"36":{"start":{"line":274,"column":8},"end":{"line":274,"column":35}}},"branchMap":{"1":{"line":77,"type":"if","locations":[{"start":{"line":77,"column":8},"end":{"line":77,"column":8}},{"start":{"line":77,"column":8},"end":{"line":77,"column":8}}]},"2":{"line":90,"type":"if","locations":[{"start":{"line":90,"column":8},"end":{"line":90,"column":8}},{"start":{"line":90,"column":8},"end":{"line":90,"column":8}}]},"3":{"line":133,"type":"if","locations":[{"start":{"line":133,"column":8},"end":{"line":133,"column":8}},{"start":{"line":133,"column":8},"end":{"line":133,"column":8}}]},"4":{"line":193,"type":"if","locations":[{"start":{"line":193,"column":8},"end":{"line":193,"column":8}},{"start":{"line":193,"column":8},"end":{"line":193,"column":8}}]}}},
"contracts/Strategies/HegicStrategyCall.sol":{"l":{"40":48,"41":48},"path":"/Users/mariodo/project/v8888-code/packages/herge/contracts/Strategies/HegicStrategyCall.sol","s":{"1":48,"2":48},"b":{},"f":{"1":24,"2":48},"fnMap":{"1":{"name":"constructor","line":32,"loc":{"start":{"line":26,"column":4},"end":{"line":32,"column":69}}},"2":{"name":"_calculateStrategyPayOff","line":34,"loc":{"start":{"line":34,"column":4},"end":{"line":50,"column":4}}}},"statementMap":{"1":{"start":{"line":40,"column":8},"end":{"line":40,"column":57}},"2":{"start":{"line":41,"column":8},"end":{"line":41,"column":1359}}},"branchMap":{}},
"contracts/Strategies/HegicStrategyInverseBearCallSpread.sol":{"l":{"35":18,"44":22,"45":22,"46":22,"47":22,"48":22,"49":20,"50":20,"51":16,"52":7,"59":9,"65":4,"73":15,"74":15,"75":15,"76":15},"path":"/Users/mariodo/project/v8888-code/packages/herge/contracts/Strategies/HegicStrategyInverseBearCallSpread.sol","s":{"1":18,"2":22,"3":22,"4":22,"5":22,"6":22,"7":20,"8":20,"9":16,"10":7,"11":9,"12":9,"13":4,"14":15,"15":15,"16":15,"17":15},"b":{"1":[20,2],"2":[16,4],"3":[7,9],"4":[9,0]},"f":{"1":18,"2":22,"3":15},"fnMap":{"1":{"name":"constructor","line":34,"loc":{"start":{"line":28,"column":4},"end":{"line":36,"column":4}}},"2":{"name":"_calculateStrategyPayOff","line":38,"loc":{"start":{"line":38,"column":4},"end":{"line":67,"column":4}}},"3":{"name":"_calculateCollateral","line":69,"loc":{"start":{"line":69,"column":4},"end":{"line":82,"column":4}}}},"statementMap":{"1":{"start":{"line":35,"column":8},"end":{"line":35,"column":36}},"2":{"start":{"line":44,"column":8},"end":{"line":44,"column":57}},"3":{"start":{"line":45,"column":8},"end":{"line":45,"column":46}},"4":{"start":{"line":46,"column":8},"end":{"line":46,"column":60}},"5":{"start":{"line":47,"column":8},"end":{"line":47,"column":48}},"6":{"start":{"line":48,"column":8},"end":{"line":48,"column":77}},"7":{"start":{"line":49,"column":8},"end":{"line":49,"column":66}},"8":{"start":{"line":50,"column":8},"end":{"line":50,"column":1801}},"9":{"start":{"line":51,"column":12},"end":{"line":51,"column":1849}},"10":{"start":{"line":52,"column":16},"end":{"line":52,"column":1918}},"11":{"start":{"line":58,"column":19},"end":{"line":58,"column":2123}},"12":{"start":{"line":59,"column":16},"end":{"line":59,"column":2193}},"13":{"start":{"line":65,"column":12},"end":{"line":65,"column":20}},"14":{"start":{"line":73,"column":8},"end":{"line":73,"column":60}},"15":{"start":{"line":74,"column":8},"end":{"line":74,"column":43}},"16":{"start":{"line":75,"column":8},"end":{"line":75,"column":66}},"17":{"start":{"line":76,"column":8},"end":{"line":76,"column":2728}}},"branchMap":{"1":{"line":48,"type":"if","locations":[{"start":{"line":48,"column":8},"end":{"line":48,"column":8}},{"start":{"line":48,"column":8},"end":{"line":48,"column":8}}]},"2":{"line":50,"type":"if","locations":[{"start":{"line":50,"column":8},"end":{"line":50,"column":8}},{"start":{"line":50,"column":8},"end":{"line":50,"column":8}}]},"3":{"line":51,"type":"if","locations":[{"start":{"line":51,"column":12},"end":{"line":51,"column":12}},{"start":{"line":51,"column":12},"end":{"line":51,"column":12}}]},"4":{"line":58,"type":"if","locations":[{"start":{"line":58,"column":19},"end":{"line":58,"column":19}},{"start":{"line":58,"column":19},"end":{"line":58,"column":19}}]}}},
"contracts/Strategies/HegicStrategyInverseBullPutSpread.sol":{"l":{"36":18,"45":18,"46":18,"47":18,"48":18,"49":18,"50":16,"51":16,"52":12,"53":4,"60":8,"66":4,"74":10,"75":10,"76":10,"77":10},"path":"/Users/mariodo/project/v8888-code/packages/herge/contracts/Strategies/HegicStrategyInverseBullPutSpread.sol","s":{"1":18,"2":18,"3":18,"4":18,"5":18,"6":18,"7":16,"8":16,"9":12,"10":4,"11":8,"12":8,"13":4,"14":10,"15":10,"16":10,"17":10},"b":{"1":[16,2],"2":[12,4],"3":[4,8],"4":[8,0]},"f":{"1":18,"2":18,"3":10},"fnMap":{"1":{"name":"constructor","line":35,"loc":{"start":{"line":29,"column":4},"end":{"line":37,"column":4}}},"2":{"name":"_calculateStrategyPayOff","line":39,"loc":{"start":{"line":39,"column":4},"end":{"line":68,"column":4}}},"3":{"name":"_calculateCollateral","line":70,"loc":{"start":{"line":70,"column":4},"end":{"line":83,"column":4}}}},"statementMap":{"1":{"start":{"line":36,"column":8},"end":{"line":36,"column":36}},"2":{"start":{"line":45,"column":8},"end":{"line":45,"column":57}},"3":{"start":{"line":46,"column":8},"end":{"line":46,"column":46}},"4":{"start":{"line":47,"column":8},"end":{"line":47,"column":60}},"5":{"start":{"line":48,"column":8},"end":{"line":48,"column":48}},"6":{"start":{"line":49,"column":8},"end":{"line":49,"column":77}},"7":{"start":{"line":50,"column":8},"end":{"line":50,"column":66}},"8":{"start":{"line":51,"column":8},"end":{"line":51,"column":1801}},"9":{"start":{"line":52,"column":12},"end":{"line":52,"column":1849}},"10":{"start":{"line":53,"column":16},"end":{"line":53,"column":1918}},"11":{"start":{"line":59,"column":19},"end":{"line":59,"column":2123}},"12":{"start":{"line":60,"column":16},"end":{"line":60,"column":2193}},"13":{"start":{"line":66,"column":12},"end":{"line":66,"column":20}},"14":{"start":{"line":74,"column":8},"end":{"line":74,"column":60}},"15":{"start":{"line":75,"column":8},"end":{"line":75,"column":43}},"16":{"start":{"line":76,"column":8},"end":{"line":76,"column":66}},"17":{"start":{"line":77,"column":8},"end":{"line":77,"column":2728}}},"branchMap":{"1":{"line":49,"type":"if","locations":[{"start":{"line":49,"column":8},"end":{"line":49,"column":8}},{"start":{"line":49,"column":8},"end":{"line":49,"column":8}}]},"2":{"line":51,"type":"if","locations":[{"start":{"line":51,"column":8},"end":{"line":51,"column":8}},{"start":{"line":51,"column":8},"end":{"line":51,"column":8}}]},"3":{"line":52,"type":"if","locations":[{"start":{"line":52,"column":12},"end":{"line":52,"column":12}},{"start":{"line":52,"column":12},"end":{"line":52,"column":12}}]},"4":{"line":59,"type":"if","locations":[{"start":{"line":59,"column":19},"end":{"line":59,"column":19}},{"start":{"line":59,"column":19},"end":{"line":59,"column":19}}]}}},
"contracts/Strategies/HegicStrategyInverseLongButterfly.sol":{"l":{"36":18,"45":26,"46":26,"47":26,"48":26,"49":26,"50":24,"51":24,"52":24,"53":12,"54":10,"61":2,"69":12,"70":4,"77":8,"91":14,"92":14,"93":14,"94":14,"95":14,"100":14,"105":14,"106":0,"108":14},"path":"/Users/mariodo/project/v8888-code/packages/herge/contracts/Strategies/HegicStrategyInverseLongButterfly.sol","s":{"1":18,"2":26,"3":26,"4":26,"5":26,"6":26,"7":24,"8":24,"9":24,"10":12,"11":10,"12":2,"13":2,"14":12,"15":12,"16":4,"17":8,"18":8,"19":14,"20":14,"21":14,"22":14,"23":14,"24":14,"25":14,"26":0,"27":14},"b":{"1":[24,2],"2":[12,12],"3":[10,2],"4":[2,0],"5":[12,0],"6":[4,8],"7":[8,0],"8":[0,14]},"f":{"1":18,"2":26,"3":14},"fnMap":{"1":{"name":"constructor","line":35,"loc":{"start":{"line":29,"column":4},"end":{"line":37,"column":4}}},"2":{"name":"_calculateStrategyPayOff","line":39,"loc":{"start":{"line":39,"column":4},"end":{"line":85,"column":4}}},"3":{"name":"_calculateCollateral","line":87,"loc":{"start":{"line":87,"column":4},"end":{"line":110,"column":4}}}},"statementMap":{"1":{"start":{"line":36,"column":8},"end":{"line":36,"column":36}},"2":{"start":{"line":45,"column":8},"end":{"line":45,"column":57}},"3":{"start":{"line":46,"column":8},"end":{"line":46,"column":46}},"4":{"start":{"line":47,"column":8},"end":{"line":47,"column":60}},"5":{"start":{"line":48,"column":8},"end":{"line":48,"column":48}},"6":{"start":{"line":49,"column":8},"end":{"line":49,"column":77}},"7":{"start":{"line":50,"column":8},"end":{"line":50,"column":79}},"8":{"start":{"line":51,"column":8},"end":{"line":51,"column":78}},"9":{"start":{"line":52,"column":8},"end":{"line":52,"column":1894}},"10":{"start":{"line":53,"column":12},"end":{"line":53,"column":1942}},"11":{"start":{"line":54,"column":16},"end":{"line":54,"column":2017}},"12":{"start":{"line":60,"column":19},"end":{"line":60,"column":2222}},"13":{"start":{"line":61,"column":16},"end":{"line":61,"column":2296}},"14":{"start":{"line":68,"column":15},"end":{"line":68,"column":2509}},"15":{"start":{"line":69,"column":12},"end":{"line":69,"column":2557}},"16":{"start":{"line":70,"column":16},"end":{"line":70,"column":2630}},"17":{"start":{"line":76,"column":19},"end":{"line":76,"column":2835}},"18":{"start":{"line":77,"column":16},"end":{"line":77,"column":2909}},"19":{"start":{"line":91,"column":8},"end":{"line":91,"column":60}},"20":{"start":{"line":92,"column":8},"end":{"line":92,"column":43}},"21":{"start":{"line":93,"column":8},"end":{"line":93,"column":79}},"22":{"start":{"line":94,"column":8},"end":{"line":94,"column":78}},"23":{"start":{"line":95,"column":8},"end":{"line":95,"column":3562}},"24":{"start":{"line":100,"column":8},"end":{"line":100,"column":3728}},"25":{"start":{"line":105,"column":8},"end":{"line":105,"column":3875}},"26":{"start":{"line":106,"column":12},"end":{"line":106,"column":38}},"27":{"start":{"line":108,"column":12},"end":{"line":108,"column":37}}},"branchMap":{"1":{"line":49,"type":"if","locations":[{"start":{"line":49,"column":8},"end":{"line":49,"column":8}},{"start":{"line":49,"column":8},"end":{"line":49,"column":8}}]},"2":{"line":52,"type":"if","locations":[{"start":{"line":52,"column":8},"end":{"line":52,"column":8}},{"start":{"line":52,"column":8},"end":{"line":52,"column":8}}]},"3":{"line":53,"type":"if","locations":[{"start":{"line":53,"column":12},"end":{"line":53,"column":12}},{"start":{"line":53,"column":12},"end":{"line":53,"column":12}}]},"4":{"line":60,"type":"if","locations":[{"start":{"line":60,"column":19},"end":{"line":60,"column":19}},{"start":{"line":60,"column":19},"end":{"line":60,"column":19}}]},"5":{"line":68,"type":"if","locations":[{"start":{"line":68,"column":15},"end":{"line":68,"column":15}},{"start":{"line":68,"column":15},"end":{"line":68,"column":15}}]},"6":{"line":69,"type":"if","locations":[{"start":{"line":69,"column":12},"end":{"line":69,"column":12}},{"start":{"line":69,"column":12},"end":{"line":69,"column":12}}]},"7":{"line":76,"type":"if","locations":[{"start":{"line":76,"column":19},"end":{"line":76,"column":19}},{"start":{"line":76,"column":19},"end":{"line":76,"column":19}}]},"8":{"line":105,"type":"if","locations":[{"start":{"line":105,"column":8},"end":{"line":105,"column":8}},{"start":{"line":105,"column":8},"end":{"line":105,"column":8}}]}}},
"contracts/Strategies/HegicStrategyInverseLongCondor.sol":{"l":{"35":12,"44":39,"45":39,"46":39,"47":39,"48":39,"49":34,"50":34,"51":34,"53":34,"55":34,"56":14,"57":8,"64":6,"75":10,"77":10,"78":8,"85":2,"99":22,"100":22,"101":22,"102":22,"103":22,"105":22,"107":22,"112":22,"117":22,"118":0,"120":22},"path":"/Users/mariodo/project/v8888-code/packages/herge/contracts/Strategies/HegicStrategyInverseLongCondor.sol","s":{"1":12,"2":39,"3":39,"4":39,"5":39,"6":39,"7":34,"8":34,"9":34,"10":34,"11":34,"12":14,"13":8,"14":6,"15":6,"16":20,"17":10,"18":10,"19":10,"20":8,"21":2,"22":2,"23":22,"24":22,"25":22,"26":22,"27":22,"28":22,"29":22,"30":22,"31":22,"32":0,"33":22},"b":{"1":[34,5],"2":[14,20],"3":[8,6],"4":[6,0],"5":[10,10],"6":[10,0],"7":[8,2],"8":[2,0],"9":[0,22]},"f":{"1":12,"2":39,"3":22},"fnMap":{"1":{"name":"constructor","line":34,"loc":{"start":{"line":28,"column":4},"end":{"line":36,"column":4}}},"2":{"name":"_calculateStrategyPayOff","line":38,"loc":{"start":{"line":38,"column":4},"end":{"line":93,"column":4}}},"3":{"name":"_calculateCollateral","line":95,"loc":{"start":{"line":95,"column":4},"end":{"line":122,"column":4}}}},"statementMap":{"1":{"start":{"line":35,"column":8},"end":{"line":35,"column":36}},"2":{"start":{"line":44,"column":8},"end":{"line":44,"column":57}},"3":{"start":{"line":45,"column":8},"end":{"line":45,"column":46}},"4":{"start":{"line":46,"column":8},"end":{"line":46,"column":60}},"5":{"start":{"line":47,"column":8},"end":{"line":47,"column":48}},"6":{"start":{"line":48,"column":8},"end":{"line":48,"column":77}},"7":{"start":{"line":49,"column":8},"end":{"line":49,"column":63}},"8":{"start":{"line":50,"column":8},"end":{"line":50,"column":61}},"9":{"start":{"line":51,"column":8},"end":{"line":51,"column":1865}},"10":{"start":{"line":53,"column":8},"end":{"line":53,"column":1962}},"11":{"start":{"line":55,"column":8},"end":{"line":55,"column":2050}},"12":{"start":{"line":56,"column":12},"end":{"line":56,"column":2109}},"13":{"start":{"line":57,"column":16},"end":{"line":57,"column":2188}},"14":{"start":{"line":63,"column":19},"end":{"line":63,"column":2403}},"15":{"start":{"line":64,"column":16},"end":{"line":64,"column":2482}},"16":{"start":{"line":71,"column":15},"end":{"line":71,"column":2709}},"17":{"start":{"line":75,"column":12},"end":{"line":75,"column":20}},"18":{"start":{"line":76,"column":15},"end":{"line":76,"column":2861}},"19":{"start":{"line":77,"column":12},"end":{"line":77,"column":2919}},"20":{"start":{"line":78,"column":16},"end":{"line":78,"column":2997}},"21":{"start":{"line":84,"column":19},"end":{"line":84,"column":3211}},"22":{"start":{"line":85,"column":16},"end":{"line":85,"column":3289}},"23":{"start":{"line":99,"column":8},"end":{"line":99,"column":60}},"24":{"start":{"line":100,"column":8},"end":{"line":100,"column":43}},"25":{"start":{"line":101,"column":8},"end":{"line":101,"column":63}},"26":{"start":{"line":102,"column":8},"end":{"line":102,"column":61}},"27":{"start":{"line":103,"column":8},"end":{"line":103,"column":3913}},"28":{"start":{"line":105,"column":8},"end":{"line":105,"column":4010}},"29":{"start":{"line":107,"column":8},"end":{"line":107,"column":4115}},"30":{"start":{"line":112,"column":8},"end":{"line":112,"column":4295}},"31":{"start":{"line":117,"column":8},"end":{"line":117,"column":4455}},"32":{"start":{"line":118,"column":12},"end":{"line":118,"column":38}},"33":{"start":{"line":120,"column":12},"end":{"line":120,"column":37}}},"branchMap":{"1":{"line":48,"type":"if","locations":[{"start":{"line":48,"column":8},"end":{"line":48,"column":8}},{"start":{"line":48,"column":8},"end":{"line":48,"column":8}}]},"2":{"line":55,"type":"if","locations":[{"start":{"line":55,"column":8},"end":{"line":55,"column":8}},{"start":{"line":55,"column":8},"end":{"line":55,"column":8}}]},"3":{"line":56,"type":"if","locations":[{"start":{"line":56,"column":12},"end":{"line":56,"column":12}},{"start":{"line":56,"column":12},"end":{"line":56,"column":12}}]},"4":{"line":63,"type":"if","locations":[{"start":{"line":63,"column":19},"end":{"line":63,"column":19}},{"start":{"line":63,"column":19},"end":{"line":63,"column":19}}]},"5":{"line":71,"type":"if","locations":[{"start":{"line":71,"column":15},"end":{"line":71,"column":15}},{"start":{"line":71,"column":15},"end":{"line":71,"column":15}}]},"6":{"line":76,"type":"if","locations":[{"start":{"line":76,"column":15},"end":{"line":76,"column":15}},{"start":{"line":76,"column":15},"end":{"line":76,"column":15}}]},"7":{"line":77,"type":"if","locations":[{"start":{"line":77,"column":12},"end":{"line":77,"column":12}},{"start":{"line":77,"column":12},"end":{"line":77,"column":12}}]},"8":{"line":84,"type":"if","locations":[{"start":{"line":84,"column":19},"end":{"line":84,"column":19}},{"start":{"line":84,"column":19},"end":{"line":84,"column":19}}]},"9":{"line":117,"type":"if","locations":[{"start":{"line":117,"column":8},"end":{"line":117,"column":8}},{"start":{"line":117,"column":8},"end":{"line":117,"column":8}}]}}},
"contracts/Strategies/HegicStrategyPut.sol":{"l":{"40":29,"41":29},"path":"/Users/mariodo/project/v8888-code/packages/herge/contracts/Strategies/HegicStrategyPut.sol","s":{"1":29,"2":29},"b":{},"f":{"1":24,"2":29},"fnMap":{"1":{"name":"constructor","line":32,"loc":{"start":{"line":26,"column":4},"end":{"line":32,"column":69}}},"2":{"name":"_calculateStrategyPayOff","line":34,"loc":{"start":{"line":34,"column":4},"end":{"line":50,"column":4}}}},"statementMap":{"1":{"start":{"line":40,"column":8},"end":{"line":40,"column":57}},"2":{"start":{"line":41,"column":8},"end":{"line":41,"column":1358}}},"branchMap":{}},
"contracts/Strategies/HegicStrategySpreadCall.sol":{"l":{"36":18,"45":20,"47":20,"51":20,"53":20},"path":"/Users/mariodo/project/v8888-code/packages/herge/contracts/Strategies/HegicStrategySpreadCall.sol","s":{"1":18,"2":20,"3":20,"4":20,"5":20},"b":{},"f":{"1":18,"2":20},"fnMap":{"1":{"name":"constructor","line":35,"loc":{"start":{"line":29,"column":4},"end":{"line":37,"column":4}}},"2":{"name":"_calculateStrategyPayOff","line":39,"loc":{"start":{"line":39,"column":4},"end":{"line":71,"column":4}}}},"statementMap":{"1":{"start":{"line":36,"column":8},"end":{"line":36,"column":42}},"2":{"start":{"line":45,"column":8},"end":{"line":45,"column":57}},"3":{"start":{"line":47,"column":8},"end":{"line":47,"column":1550}},"4":{"start":{"line":51,"column":8},"end":{"line":51,"column":46}},"5":{"start":{"line":53,"column":8},"end":{"line":53,"column":1727}}},"branchMap":{}},
"contracts/Strategies/HegicStrategySpreadPut.sol":{"l":{"36":18,"45":20,"47":20,"51":20,"53":20},"path":"/Users/mariodo/project/v8888-code/packages/herge/contracts/Strategies/HegicStrategySpreadPut.sol","s":{"1":18,"2":20,"3":20,"4":20,"5":20},"b":{},"f":{"1":18,"2":20},"fnMap":{"1":{"name":"constructor","line":35,"loc":{"start":{"line":29,"column":4},"end":{"line":37,"column":4}}},"2":{"name":"_calculateStrategyPayOff","line":39,"loc":{"start":{"line":39,"column":4},"end":{"line":71,"column":4}}}},"statementMap":{"1":{"start":{"line":36,"column":8},"end":{"line":36,"column":42}},"2":{"start":{"line":45,"column":8},"end":{"line":45,"column":57}},"3":{"start":{"line":47,"column":8},"end":{"line":47,"column":1549}},"4":{"start":{"line":51,"column":8},"end":{"line":51,"column":46}},"5":{"start":{"line":53,"column":8},"end":{"line":53,"column":1726}}},"branchMap":{}},
"contracts/Strategies/HegicStrategyStraddle.sol":{"l":{"39":12,"41":12,"43":12},"path":"/Users/mariodo/project/v8888-code/packages/herge/contracts/Strategies/HegicStrategyStraddle.sol","s":{"1":12,"2":12,"3":12},"b":{},"f":{"1":6,"2":12},"fnMap":{"1":{"name":"constructor","line":31,"loc":{"start":{"line":26,"column":4},"end":{"line":31,"column":69}}},"2":{"name":"_calculateStrategyPayOff","line":33,"loc":{"start":{"line":33,"column":4},"end":{"line":61,"column":4}}}},"statementMap":{"1":{"start":{"line":39,"column":8},"end":{"line":39,"column":57}},"2":{"start":{"line":41,"column":8},"end":{"line":41,"column":46}},"3":{"start":{"line":43,"column":8},"end":{"line":43,"column":1389}}},"branchMap":{}},
"contracts/Strategies/HegicStrategyStrangle.sol":{"l":{"36":18,"45":24,"46":24,"48":24,"51":24,"55":24},"path":"/Users/mariodo/project/v8888-code/packages/herge/contracts/Strategies/HegicStrategyStrangle.sol","s":{"1":18,"2":24,"3":24,"4":24,"5":24,"6":24},"b":{},"f":{"1":18,"2":24},"fnMap":{"1":{"name":"constructor","line":35,"loc":{"start":{"line":29,"column":4},"end":{"line":37,"column":4}}},"2":{"name":"_calculateStrategyPayOff","line":39,"loc":{"start":{"line":39,"column":4},"end":{"line":73,"column":4}}}},"statementMap":{"1":{"start":{"line":36,"column":8},"end":{"line":36,"column":42}},"2":{"start":{"line":45,"column":8},"end":{"line":45,"column":57}},"3":{"start":{"line":46,"column":8},"end":{"line":46,"column":46}},"4":{"start":{"line":48,"column":8},"end":{"line":48,"column":1596}},"5":{"start":{"line":51,"column":8},"end":{"line":51,"column":1742}},"6":{"start":{"line":55,"column":8},"end":{"line":55,"column":1870}}},"branchMap":{}},
"contracts/Strategies/HegicStrategyStrap.sol":{"l":{"39":12,"41":12,"43":12},"path":"/Users/mariodo/project/v8888-code/packages/herge/contracts/Strategies/HegicStrategyStrap.sol","s":{"1":12,"2":12,"3":12},"b":{},"f":{"1":6,"2":12},"fnMap":{"1":{"name":"constructor","line":31,"loc":{"start":{"line":26,"column":4},"end":{"line":31,"column":69}}},"2":{"name":"_calculateStrategyPayOff","line":33,"loc":{"start":{"line":33,"column":4},"end":{"line":61,"column":4}}}},"statementMap":{"1":{"start":{"line":39,"column":8},"end":{"line":39,"column":57}},"2":{"start":{"line":41,"column":8},"end":{"line":41,"column":46}},"3":{"start":{"line":43,"column":8},"end":{"line":43,"column":1390}}},"branchMap":{}},
"contracts/Strategies/HegicStrategyStrip.sol":{"l":{"39":12,"41":12,"43":12},"path":"/Users/mariodo/project/v8888-code/packages/herge/contracts/Strategies/HegicStrategyStrip.sol","s":{"1":12,"2":12,"3":12},"b":{},"f":{"1":6,"2":12},"fnMap":{"1":{"name":"constructor","line":31,"loc":{"start":{"line":26,"column":4},"end":{"line":31,"column":69}}},"2":{"name":"_calculateStrategyPayOff","line":33,"loc":{"start":{"line":33,"column":4},"end":{"line":61,"column":4}}}},"statementMap":{"1":{"start":{"line":39,"column":8},"end":{"line":39,"column":57}},"2":{"start":{"line":41,"column":8},"end":{"line":41,"column":46}},"3":{"start":{"line":43,"column":8},"end":{"line":43,"column":1386}}},"branchMap":{}},
"contracts/Strategies/IHegicInverseStrategy.sol":{"l":{},"path":"/Users/mariodo/project/v8888-code/packages/herge/contracts/Strategies/IHegicInverseStrategy.sol","s":{},"b":{},"f":{},"fnMap":{},"statementMap":{},"branchMap":{}},
"contracts/Strategies/IHegicStrategy.sol":{"l":{},"path":"/Users/mariodo/project/v8888-code/packages/herge/contracts/Strategies/IHegicStrategy.sol","s":{},"b":{},"f":{},"fnMap":{},"statementMap":{},"branchMap":{}},
"contracts/Strategies/ProfitCalculator.sol":{"l":{"31":73,"32":57,"44":104,"45":80},"path":"/Users/mariodo/project/v8888-code/packages/herge/contracts/Strategies/ProfitCalculator.sol","s":{"1":73,"2":16,"3":57,"4":104,"5":24,"6":80},"b":{"1":[16,57],"2":[24,80]},"f":{"1":73,"2":104},"fnMap":{"1":{"name":"calculatePutProfit","line":23,"loc":{"start":{"line":23,"column":4},"end":{"line":34,"column":4}}},"2":{"name":"calculateCallProfit","line":36,"loc":{"start":{"line":36,"column":4},"end":{"line":47,"column":4}}}},"statementMap":{"1":{"start":{"line":31,"column":8},"end":{"line":31,"column":43}},"2":{"start":{"line":31,"column":35},"end":{"line":31,"column":43}},"3":{"start":{"line":32,"column":8},"end":{"line":32,"column":1159}},"4":{"start":{"line":44,"column":8},"end":{"line":44,"column":43}},"5":{"start":{"line":44,"column":35},"end":{"line":44,"column":43}},"6":{"start":{"line":45,"column":8},"end":{"line":45,"column":1532}}},"branchMap":{"1":{"line":31,"type":"if","locations":[{"start":{"line":31,"column":8},"end":{"line":31,"column":8}},{"start":{"line":31,"column":8},"end":{"line":31,"column":8}}]},"2":{"line":44,"type":"if","locations":[{"start":{"line":44,"column":8},"end":{"line":44,"column":8}},{"start":{"line":44,"column":8},"end":{"line":44,"column":8}}]}}}}
