TN:
SF:/Users/mariodo/project/v8888-code/packages/herge/contracts/CoverPool.sol
FN:62,constructor
FN:90,provide
FN:129,withdraw
FN:150,claim
FN:167,withdrawEpoch
FN:194,fallbackEpochClose
FN:207,availableToClaim
FN:225,coverTokenBalance
FN:238,coverTokenTotal
FN:247,availableForPayment
FN:274,supportsInterface
FN:293,setWindowSize
FN:303,setPayoffPool
FN:314,setNextEpochChangingPrice
FN:323,fixProfit
FN:342,payOut
FN:356,_provide
FN:368,_withdraw
FN:379,_bufferUnclaimedProfit
FN:394,_startNextEpoch
FN:420,_withdrawFromEpoch
FNF:21
FNH:16
FNDA:3,constructor
FNDA:506,provide
FNDA:9,withdraw
FNDA:7,claim
FNDA:9,withdrawEpoch
FNDA:2,fallbackEpochClose
FNDA:0,availableToClaim
FNDA:14,coverTokenBalance
FNDA:782,coverTokenTotal
FNDA:239,availableForPayment
FNDA:0,supportsInterface
FNDA:0,setWindowSize
FNDA:0,setPayoffPool
FNDA:0,setNextEpochChangingPrice
FNDA:8,fixProfit
FNDA:7,payOut
FNDA:506,_provide
FNDA:9,_withdraw
FNDA:531,_bufferUnclaimedProfit
FNDA:12,_startNextEpoch
FNDA:9,_withdrawFromEpoch
DA:68,3
DA:69,3
DA:70,3
DA:71,3
DA:73,3
DA:74,3
DA:75,3
DA:77,3
DA:78,3
DA:95,506
DA:99,506
DA:100,506
DA:101,506
DA:103,506
DA:107,506
DA:111,506
DA:112,506
DA:113,506
DA:114,506
DA:121,506
DA:130,9
DA:134,9
DA:135,9
DA:136,9
DA:155,7
DA:156,7
DA:157,7
DA:158,7
DA:159,7
DA:160,7
DA:170,9
DA:171,9
DA:172,9
DA:174,9
DA:175,9
DA:179,8
DA:180,8
DA:181,8
DA:183,8
DA:185,8
DA:186,8
DA:187,8
DA:195,2
DA:199,1
DA:213,0
DA:231,14
DA:239,782
DA:253,239
DA:254,239
DA:256,239
DA:258,239
DA:259,239
DA:263,239
DA:264,0
DA:267,239
DA:281,0
DA:294,0
DA:295,0
DA:305,0
DA:306,0
DA:316,0
DA:317,0
DA:324,8
DA:326,8
DA:327,8
DA:328,8
DA:329,8
DA:344,7
DA:345,7
DA:348,7
DA:349,6
DA:360,506
DA:361,506
DA:364,506
DA:365,506
DA:372,9
DA:373,9
DA:374,9
DA:375,9
DA:376,9
DA:383,531
DA:385,357
DA:389,357
DA:391,357
DA:395,12
DA:401,12
DA:402,12
DA:405,12
DA:408,12
DA:409,12
DA:410,12
DA:411,12
DA:413,12
DA:414,12
DA:415,12
DA:416,12
DA:417,12
DA:424,9
DA:428,8
DA:429,8
DA:430,8
DA:431,8
DA:432,8
LF:103
LH:94
BRDA:95,1,0,506
BRDA:95,1,1,0
BRDA:99,2,0,506
BRDA:99,2,1,0
BRDA:103,3,0,506
BRDA:103,3,1,0
BRDA:107,4,0,506
BRDA:107,4,1,0
BRDA:130,5,0,9
BRDA:130,5,1,0
BRDA:156,6,0,0
BRDA:156,6,1,7
BRDA:185,7,0,2
BRDA:185,7,1,6
BRDA:195,8,0,1
BRDA:195,8,1,1
BRDA:263,9,0,0
BRDA:263,9,1,239
BRDA:383,10,0,174
BRDA:383,10,1,357
BRDA:395,11,0,12
BRDA:395,11,1,0
BRDA:424,12,0,8
BRDA:424,12,1,1
BRF:24
BRH:16
end_of_record
TN:
SF:/Users/mariodo/project/v8888-code/packages/herge/contracts/CoverPoolToken.sol
FN:29,constructor
FN:35,supportsInterface
FN:50,tokenURI
FN:62,setURIBuilder
FN:67,isApprovedOrOwner
FNF:5
FNH:1
FNDA:3,constructor
FNDA:0,supportsInterface
FNDA:0,tokenURI
FNDA:0,setURIBuilder
FNDA:0,isApprovedOrOwner
DA:42,0
DA:56,0
DA:57,0
DA:64,0
DA:72,0
LF:5
LH:0
BRDA:56,1,0,0
BRDA:56,1,1,0
BRF:2
BRH:0
end_of_record
TN:
SF:/Users/mariodo/project/v8888-code/packages/herge/contracts/ICoverPool.sol
FNF:0
FNH:0
LF:0
LH:0
BRF:0
BRH:0
end_of_record
TN:
SF:/Users/mariodo/project/v8888-code/packages/herge/contracts/IOperationalTreasury.sol
FNF:0
FNH:0
LF:0
LH:0
BRF:0
BRH:0
end_of_record
TN:
SF:/Users/mariodo/project/v8888-code/packages/herge/contracts/MainPool.sol
FN:29,constructor
FNF:1
FNH:0
FNDA:0,constructor
DA:30,0
DA:31,0
LF:2
LH:0
BRF:0
BRH:0
end_of_record
TN:
SF:/Users/mariodo/project/v8888-code/packages/herge/contracts/OperationalTreasury.sol
FN:52,constructor
FN:83,buy
FN:106,_lockLiquidity
FN:144,unlock
FN:164,payOff
FN:193,addTokens
FN:205,setBenchmark
FN:217,withdraw
FN:226,replenish
FN:232,addStrategy
FN:246,connectStrategy
FN:257,_unlock
FN:268,_replenish
FN:278,_addTokens
FN:283,_withdraw
FN:293,_connect
FNF:16
FNH:13
FNDA:3,constructor
FNDA:154,buy
FNDA:153,_lockLiquidity
FNDA:2,unlock
FNDA:148,payOff
FNDA:156,addTokens
FNDA:157,setBenchmark
FNDA:2,withdraw
FNDA:0,replenish
FNDA:0,addStrategy
FNDA:0,connectStrategy
FNDA:82,_unlock
FNDA:1,_replenish
FNDA:156,_addTokens
FNDA:83,_withdraw
FNDA:186,_connect
DA:60,3
DA:61,3
DA:62,3
DA:63,3
DA:64,3
DA:65,3
DA:66,3
DA:67,186
DA:84,154
DA:85,154
DA:88,153
DA:95,153
DA:113,153
DA:115,153
DA:116,153
DA:118,153
DA:123,153
DA:127,153
DA:128,153
DA:136,153
DA:145,2
DA:146,2
DA:150,1
DA:151,1
DA:152,1
DA:166,148
DA:167,148
DA:168,137
DA:172,137
DA:176,81
DA:178,81
DA:179,81
DA:180,1
DA:182,81
DA:183,81
DA:196,156
DA:206,157
DA:219,2
DA:227,0
DA:234,0
DA:238,0
DA:239,0
DA:240,0
DA:241,0
DA:248,0
DA:249,0
DA:253,0
DA:254,0
DA:258,82
DA:262,82
DA:263,82
DA:264,82
DA:265,82
DA:269,1
DA:273,1
DA:274,1
DA:275,1
DA:279,156
DA:280,156
DA:284,83
DA:289,83
DA:290,83
DA:294,186
DA:295,186
LF:64
LH:54
BRDA:113,1,0,153
BRDA:113,1,1,0
BRDA:118,2,0,153
BRDA:118,2,1,0
BRDA:123,3,0,153
BRDA:123,3,1,0
BRDA:146,4,0,1
BRDA:146,4,1,1
BRDA:168,5,0,137
BRDA:168,5,1,0
BRDA:172,6,0,81
BRDA:172,6,1,56
BRDA:176,7,0,81
BRDA:176,7,1,0
BRDA:179,8,0,1
BRDA:179,8,1,80
BRDA:234,9,0,0
BRDA:234,9,1,0
BRDA:249,10,0,0
BRDA:249,10,1,0
BRDA:253,11,0,0
BRDA:253,11,1,0
BRDA:258,12,0,82
BRDA:258,12,1,0
BRDA:284,13,0,83
BRDA:284,13,1,0
BRDA:290,14,0,59
BRDA:290,14,1,24
BRF:28
BRH:15
end_of_record
TN:
SF:/Users/mariodo/project/v8888-code/packages/herge/contracts/ProfitDistributor.sol
FN:40,constructor
FN:45,distributeProfit
FN:59,setProfitRecipients
FN:69,_checkRecipientsArray
FNF:4
FNH:4
FNDA:3,constructor
FNDA:4,distributeProfit
FNDA:7,setProfitRecipients
FNDA:11,_checkRecipientsArray
DA:41,3
DA:42,3
DA:46,4
DA:48,4
DA:49,4
DA:50,28
DA:52,28
DA:53,28
DA:61,7
DA:62,6
DA:64,6
DA:65,32
DA:74,11
DA:76,11
DA:77,10
DA:78,60
DA:80,10
LF:17
LH:17
BRDA:46,1,0,4
BRDA:46,1,1,0
BRDA:52,2,0,28
BRDA:52,2,1,0
BRDA:61,3,0,6
BRDA:61,3,1,1
BRDA:76,4,0,1
BRDA:76,4,1,10
BRF:8
BRH:6
end_of_record
TN:
SF:/Users/mariodo/project/v8888-code/packages/herge/contracts/ReinvestmentPool.sol
FNF:0
FNH:0
LF:0
LH:0
BRF:0
BRH:0
end_of_record
TN:
SF:/Users/mariodo/project/v8888-code/packages/herge/contracts/Strategies/HegicInverseStrategy.sol
FN:39,constructor
FN:44,calculateNegativepnlAndPositivepnl
FN:59,isPayoffAvailable
FN:71,_create
FN:99,payOffAmount
FNF:5
FNH:5
FNDA:66,constructor
FNDA:61,calculateNegativepnlAndPositivepnl
FNDA:49,isPayoffAvailable
FNDA:61,_create
FNDA:60,payOffAmount
DA:40,66
DA:41,66
DA:54,61
DA:55,61
DA:56,61
DA:65,49
DA:87,61
DA:92,61
DA:93,61
DA:94,61
DA:95,61
DA:96,61
DA:105,60
DA:108,60
DA:109,2
DA:110,58
LF:16
LH:16
BRDA:108,1,0,2
BRDA:108,1,1,58
BRF:2
BRH:2
end_of_record
TN:
SF:/Users/mariodo/project/v8888-code/packages/herge/contracts/Strategies/HegicStrategy.sol
FN:49,constructor
FN:62,create
FN:105,_create
FN:131,connect
FN:141,getLockedByStrategy
FN:152,setPricer
FN:162,setLimit
FN:171,setK
FN:178,getAvailableContracts
FN:202,isPayoffAvailable
FN:214,_calculateCollateral
FN:227,_calculateStrategyPremium
FN:235,calculateNegativepnlAndPositivepnl
FN:262,payOffAmount
FN:272,_currentPrice
FNF:15
FNH:11
FNDA:186,constructor
FNDA:154,create
FNDA:93,_create
FNDA:186,connect
FNDA:0,getLockedByStrategy
FNDA:0,setPricer
FNDA:1,setLimit
FNDA:0,setK
FNDA:0,getAvailableContracts
FNDA:88,isPayoffAvailable
FNDA:93,_calculateCollateral
FNDA:154,_calculateStrategyPremium
FNDA:93,calculateNegativepnlAndPositivepnl
FNDA:89,payOffAmount
FNDA:497,_currentPrice
DA:55,186
DA:56,186
DA:57,186
DA:58,186
DA:59,186
DA:77,154
DA:82,154
DA:90,154
DA:95,153
DA:120,93
DA:125,93
DA:126,93
DA:127,93
DA:128,93
DA:132,186
DA:133,186
DA:134,186
DA:147,0
DA:154,0
DA:163,1
DA:164,1
DA:172,0
DA:183,0
DA:187,0
DA:188,0
DA:193,0
DA:194,0
DA:196,0
DA:209,88
DA:220,93
DA:232,154
DA:246,93
DA:247,93
DA:269,89
DA:273,497
DA:274,497
LF:36
LH:27
BRDA:77,1,0,154
BRDA:77,1,1,0
BRDA:90,2,0,153
BRDA:90,2,1,1
BRDA:133,3,0,186
BRDA:133,3,1,0
BRDA:193,4,0,0
BRDA:193,4,1,0
BRF:8
BRH:4
end_of_record
TN:
SF:/Users/mariodo/project/v8888-code/packages/herge/contracts/Strategies/HegicStrategyCall.sol
FN:32,constructor
FN:34,_calculateStrategyPayOff
FNF:2
FNH:2
FNDA:24,constructor
FNDA:48,_calculateStrategyPayOff
DA:40,48
DA:41,48
LF:2
LH:2
BRF:0
BRH:0
end_of_record
TN:
SF:/Users/mariodo/project/v8888-code/packages/herge/contracts/Strategies/HegicStrategyInverseBearCallSpread.sol
FN:34,constructor
FN:38,_calculateStrategyPayOff
FN:69,_calculateCollateral
FNF:3
FNH:3
FNDA:18,constructor
FNDA:22,_calculateStrategyPayOff
FNDA:15,_calculateCollateral
DA:35,18
DA:44,22
DA:45,22
DA:46,22
DA:47,22
DA:48,22
DA:49,20
DA:50,20
DA:51,16
DA:52,7
DA:59,9
DA:65,4
DA:73,15
DA:74,15
DA:75,15
DA:76,15
LF:16
LH:16
BRDA:48,1,0,20
BRDA:48,1,1,2
BRDA:50,2,0,16
BRDA:50,2,1,4
BRDA:51,3,0,7
BRDA:51,3,1,9
BRDA:58,4,0,9
BRDA:58,4,1,0
BRF:8
BRH:7
end_of_record
TN:
SF:/Users/mariodo/project/v8888-code/packages/herge/contracts/Strategies/HegicStrategyInverseBullPutSpread.sol
FN:35,constructor
FN:39,_calculateStrategyPayOff
FN:70,_calculateCollateral
FNF:3
FNH:3
FNDA:18,constructor
FNDA:18,_calculateStrategyPayOff
FNDA:10,_calculateCollateral
DA:36,18
DA:45,18
DA:46,18
DA:47,18
DA:48,18
DA:49,18
DA:50,16
DA:51,16
DA:52,12
DA:53,4
DA:60,8
DA:66,4
DA:74,10
DA:75,10
DA:76,10
DA:77,10
LF:16
LH:16
BRDA:49,1,0,16
BRDA:49,1,1,2
BRDA:51,2,0,12
BRDA:51,2,1,4
BRDA:52,3,0,4
BRDA:52,3,1,8
BRDA:59,4,0,8
BRDA:59,4,1,0
BRF:8
BRH:7
end_of_record
TN:
SF:/Users/mariodo/project/v8888-code/packages/herge/contracts/Strategies/HegicStrategyInverseLongButterfly.sol
FN:35,constructor
FN:39,_calculateStrategyPayOff
FN:87,_calculateCollateral
FNF:3
FNH:3
FNDA:18,constructor
FNDA:26,_calculateStrategyPayOff
FNDA:14,_calculateCollateral
DA:36,18
DA:45,26
DA:46,26
DA:47,26
DA:48,26
DA:49,26
DA:50,24
DA:51,24
DA:52,24
DA:53,12
DA:54,10
DA:61,2
DA:69,12
DA:70,4
DA:77,8
DA:91,14
DA:92,14
DA:93,14
DA:94,14
DA:95,14
DA:100,14
DA:105,14
DA:106,0
DA:108,14
LF:24
LH:23
BRDA:49,1,0,24
BRDA:49,1,1,2
BRDA:52,2,0,12
BRDA:52,2,1,12
BRDA:53,3,0,10
BRDA:53,3,1,2
BRDA:60,4,0,2
BRDA:60,4,1,0
BRDA:68,5,0,12
BRDA:68,5,1,0
BRDA:69,6,0,4
BRDA:69,6,1,8
BRDA:76,7,0,8
BRDA:76,7,1,0
BRDA:105,8,0,0
BRDA:105,8,1,14
BRF:16
BRH:12
end_of_record
TN:
SF:/Users/mariodo/project/v8888-code/packages/herge/contracts/Strategies/HegicStrategyInverseLongCondor.sol
FN:34,constructor
FN:38,_calculateStrategyPayOff
FN:95,_calculateCollateral
FNF:3
FNH:3
FNDA:12,constructor
FNDA:39,_calculateStrategyPayOff
FNDA:22,_calculateCollateral
DA:35,12
DA:44,39
DA:45,39
DA:46,39
DA:47,39
DA:48,39
DA:49,34
DA:50,34
DA:51,34
DA:53,34
DA:55,34
DA:56,14
DA:57,8
DA:64,6
DA:75,10
DA:77,10
DA:78,8
DA:85,2
DA:99,22
DA:100,22
DA:101,22
DA:102,22
DA:103,22
DA:105,22
DA:107,22
DA:112,22
DA:117,22
DA:118,0
DA:120,22
LF:29
LH:28
BRDA:48,1,0,34
BRDA:48,1,1,5
BRDA:55,2,0,14
BRDA:55,2,1,20
BRDA:56,3,0,8
BRDA:56,3,1,6
BRDA:63,4,0,6
BRDA:63,4,1,0
BRDA:71,5,0,10
BRDA:71,5,1,10
BRDA:76,6,0,10
BRDA:76,6,1,0
BRDA:77,7,0,8
BRDA:77,7,1,2
BRDA:84,8,0,2
BRDA:84,8,1,0
BRDA:117,9,0,0
BRDA:117,9,1,22
BRF:18
BRH:14
end_of_record
TN:
SF:/Users/mariodo/project/v8888-code/packages/herge/contracts/Strategies/HegicStrategyPut.sol
FN:32,constructor
FN:34,_calculateStrategyPayOff
FNF:2
FNH:2
FNDA:24,constructor
FNDA:29,_calculateStrategyPayOff
DA:40,29
DA:41,29
LF:2
LH:2
BRF:0
BRH:0
end_of_record
TN:
SF:/Users/mariodo/project/v8888-code/packages/herge/contracts/Strategies/HegicStrategySpreadCall.sol
FN:35,constructor
FN:39,_calculateStrategyPayOff
FNF:2
FNH:2
FNDA:18,constructor
FNDA:20,_calculateStrategyPayOff
DA:36,18
DA:45,20
DA:47,20
DA:51,20
DA:53,20
LF:5
LH:5
BRF:0
BRH:0
end_of_record
TN:
SF:/Users/mariodo/project/v8888-code/packages/herge/contracts/Strategies/HegicStrategySpreadPut.sol
FN:35,constructor
FN:39,_calculateStrategyPayOff
FNF:2
FNH:2
FNDA:18,constructor
FNDA:20,_calculateStrategyPayOff
DA:36,18
DA:45,20
DA:47,20
DA:51,20
DA:53,20
LF:5
LH:5
BRF:0
BRH:0
end_of_record
TN:
SF:/Users/mariodo/project/v8888-code/packages/herge/contracts/Strategies/HegicStrategyStraddle.sol
FN:31,constructor
FN:33,_calculateStrategyPayOff
FNF:2
FNH:2
FNDA:6,constructor
FNDA:12,_calculateStrategyPayOff
DA:39,12
DA:41,12
DA:43,12
LF:3
LH:3
BRF:0
BRH:0
end_of_record
TN:
SF:/Users/mariodo/project/v8888-code/packages/herge/contracts/Strategies/HegicStrategyStrangle.sol
FN:35,constructor
FN:39,_calculateStrategyPayOff
FNF:2
FNH:2
FNDA:18,constructor
FNDA:24,_calculateStrategyPayOff
DA:36,18
DA:45,24
DA:46,24
DA:48,24
DA:51,24
DA:55,24
LF:6
LH:6
BRF:0
BRH:0
end_of_record
TN:
SF:/Users/mariodo/project/v8888-code/packages/herge/contracts/Strategies/HegicStrategyStrap.sol
FN:31,constructor
FN:33,_calculateStrategyPayOff
FNF:2
FNH:2
FNDA:6,constructor
FNDA:12,_calculateStrategyPayOff
DA:39,12
DA:41,12
DA:43,12
LF:3
LH:3
BRF:0
BRH:0
end_of_record
TN:
SF:/Users/mariodo/project/v8888-code/packages/herge/contracts/Strategies/HegicStrategyStrip.sol
FN:31,constructor
FN:33,_calculateStrategyPayOff
FNF:2
FNH:2
FNDA:6,constructor
FNDA:12,_calculateStrategyPayOff
DA:39,12
DA:41,12
DA:43,12
LF:3
LH:3
BRF:0
BRH:0
end_of_record
TN:
SF:/Users/mariodo/project/v8888-code/packages/herge/contracts/Strategies/IHegicInverseStrategy.sol
FNF:0
FNH:0
LF:0
LH:0
BRF:0
BRH:0
end_of_record
TN:
SF:/Users/mariodo/project/v8888-code/packages/herge/contracts/Strategies/IHegicStrategy.sol
FNF:0
FNH:0
LF:0
LH:0
BRF:0
BRH:0
end_of_record
TN:
SF:/Users/mariodo/project/v8888-code/packages/herge/contracts/Strategies/ProfitCalculator.sol
FN:23,calculatePutProfit
FN:36,calculateCallProfit
FNF:2
FNH:2
FNDA:73,calculatePutProfit
FNDA:104,calculateCallProfit
DA:31,73
DA:32,57
DA:44,104
DA:45,80
LF:4
LH:4
BRDA:31,1,0,16
BRDA:31,1,1,57
BRDA:44,2,0,24
BRDA:44,2,1,80
BRF:4
BRH:4
end_of_record
