TN:
SF:/Users/mariodo/project/v8888-code/packages/herge/contracts/CoverPool.sol
FN:62,constructor
FN:90,provide
FN:129,withdraw
FN:150,claim
FN:167,withdrawEpoch
FN:193,fallbackEpochClose
FN:206,availableToClaim
FN:224,coverTokenBalance
FN:237,coverTokenTotal
FN:246,availableForPayment
FN:273,supportsInterface
FN:292,setWindowSize
FN:302,setPayoffPool
FN:313,setNextEpochChangingPrice
FN:322,fixProfit
FN:341,payOut
FN:355,_provide
FN:367,_withdraw
FN:378,_bufferUnclaimedProfit
FN:393,_startNextEpoch
FN:419,_withdrawFromEpoch
FNF:21
FNH:16
FNDA:3,constructor
FNDA:464,provide
FNDA:9,withdraw
FNDA:7,claim
FNDA:9,withdrawEpoch
FNDA:2,fallbackEpochClose
FNDA:0,availableToClaim
FNDA:14,coverTokenBalance
FNDA:903,coverTokenTotal
FNDA:402,availableForPayment
FNDA:0,supportsInterface
FNDA:0,setWindowSize
FNDA:0,setPayoffPool
FNDA:0,setNextEpochChangingPrice
FNDA:8,fixProfit
FNDA:7,payOut
FNDA:464,_provide
FNDA:9,_withdraw
FNDA:489,_bufferUnclaimedProfit
FNDA:12,_startNextEpoch
FNDA:9,_withdrawFromEpoch
DA:68,3
DA:69,3
DA:70,3
DA:71,3
DA:73,3
DA:74,3
DA:75,3
DA:77,3
DA:78,3
DA:95,464
DA:99,464
DA:100,464
DA:101,464
DA:103,464
DA:107,464
DA:111,464
DA:112,464
DA:113,464
DA:114,464
DA:121,464
DA:130,9
DA:134,9
DA:135,9
DA:136,9
DA:155,7
DA:156,7
DA:157,7
DA:158,7
DA:159,7
DA:160,7
DA:170,9
DA:171,9
DA:172,9
DA:174,9
DA:175,9
DA:179,8
DA:180,8
DA:181,8
DA:183,8
DA:185,8
DA:186,8
DA:187,8
DA:194,2
DA:198,1
DA:212,0
DA:230,14
DA:238,903
DA:252,402
DA:253,402
DA:255,402
DA:257,402
DA:258,402
DA:262,402
DA:263,0
DA:266,402
DA:280,0
DA:293,0
DA:294,0
DA:304,0
DA:305,0
DA:315,0
DA:316,0
DA:323,8
DA:325,8
DA:326,8
DA:327,8
DA:328,8
DA:343,7
DA:344,7
DA:347,7
DA:348,6
DA:359,464
DA:360,464
DA:363,464
DA:364,464
DA:371,9
DA:372,9
DA:373,9
DA:374,9
DA:375,9
DA:382,489
DA:384,329
DA:388,329
DA:390,329
DA:394,12
DA:400,12
DA:401,12
DA:404,12
DA:407,12
DA:408,12
DA:409,12
DA:410,12
DA:412,12
DA:413,12
DA:414,12
DA:415,12
DA:416,12
DA:423,9
DA:427,8
DA:428,8
DA:429,8
DA:430,8
DA:431,8
LF:103
LH:94
BRDA:95,1,0,464
BRDA:95,1,1,0
BRDA:99,2,0,464
BRDA:99,2,1,0
BRDA:103,3,0,464
BRDA:103,3,1,0
BRDA:107,4,0,464
BRDA:107,4,1,0
BRDA:130,5,0,9
BRDA:130,5,1,0
BRDA:156,6,0,0
BRDA:156,6,1,7
BRDA:185,7,0,2
BRDA:185,7,1,6
BRDA:194,8,0,1
BRDA:194,8,1,1
BRDA:262,9,0,0
BRDA:262,9,1,402
BRDA:382,10,0,160
BRDA:382,10,1,329
BRDA:394,11,0,12
BRDA:394,11,1,0
BRDA:423,12,0,8
BRDA:423,12,1,1
BRF:24
BRH:16
end_of_record
TN:
SF:/Users/mariodo/project/v8888-code/packages/herge/contracts/CoverPoolToken.sol
FN:29,constructor
FN:35,supportsInterface
FN:50,tokenURI
FN:62,setURIBuilder
FN:67,isApprovedOrOwner
FNF:5
FNH:1
FNDA:3,constructor
FNDA:0,supportsInterface
FNDA:0,tokenURI
FNDA:0,setURIBuilder
FNDA:0,isApprovedOrOwner
DA:42,0
DA:56,0
DA:57,0
DA:64,0
DA:72,0
LF:5
LH:0
BRDA:56,1,0,0
BRDA:56,1,1,0
BRF:2
BRH:0
end_of_record
TN:
SF:/Users/mariodo/project/v8888-code/packages/herge/contracts/ICoverPool.sol
FNF:0
FNH:0
LF:0
LH:0
BRF:0
BRH:0
end_of_record
TN:
SF:/Users/mariodo/project/v8888-code/packages/herge/contracts/IOperationalTreasury.sol
FNF:0
FNH:0
LF:0
LH:0
BRF:0
BRH:0
end_of_record
TN:
SF:/Users/mariodo/project/v8888-code/packages/herge/contracts/MainPool.sol
FN:29,constructor
FNF:1
FNH:0
FNDA:0,constructor
DA:30,0
DA:31,0
LF:2
LH:0
BRF:0
BRH:0
end_of_record
TN:
SF:/Users/mariodo/project/v8888-code/packages/herge/contracts/OperationalTreasury.sol
FN:51,constructor
FN:82,buy
FN:101,_lockLiquidity
FN:139,unlock
FN:158,payOff
FN:186,setBenchmark
FN:198,withdraw
FN:207,replenish
FN:213,addStrategy
FN:227,connectStrategy
FN:238,totalBalance
FN:242,_unlock
FN:253,_replenish
FN:262,_withdraw
FN:271,_connect
FNF:15
FNH:12
FNDA:3,constructor
FNDA:320,buy
FNDA:320,_lockLiquidity
FNDA:2,unlock
FNDA:136,payOff
FNDA:143,setBenchmark
FNDA:2,withdraw
FNDA:0,replenish
FNDA:0,addStrategy
FNDA:0,connectStrategy
FNDA:481,totalBalance
FNDA:78,_unlock
FNDA:1,_replenish
FNDA:79,_withdraw
FNDA:186,_connect
DA:59,3
DA:60,3
DA:61,3
DA:62,3
DA:63,3
DA:64,3
DA:65,3
DA:66,186
DA:83,320
DA:84,320
DA:86,320
DA:108,320
DA:110,320
DA:111,320
DA:113,320
DA:118,320
DA:123,320
DA:124,320
DA:132,320
DA:140,2
DA:141,2
DA:145,1
DA:146,1
DA:160,136
DA:161,136
DA:162,127
DA:166,127
DA:170,77
DA:172,77
DA:173,77
DA:174,1
DA:176,77
DA:177,77
DA:187,143
DA:200,2
DA:208,0
DA:215,0
DA:219,0
DA:220,0
DA:221,0
DA:222,0
DA:229,0
DA:230,0
DA:234,0
DA:235,0
DA:239,481
DA:243,78
DA:247,78
DA:248,78
DA:249,78
DA:250,78
DA:254,1
DA:258,1
DA:259,1
DA:263,79
DA:268,79
DA:272,186
DA:273,186
LF:58
LH:48
BRDA:108,1,0,320
BRDA:108,1,1,0
BRDA:113,2,0,320
BRDA:113,2,1,0
BRDA:118,3,0,320
BRDA:118,3,1,0
BRDA:141,4,0,1
BRDA:141,4,1,1
BRDA:162,5,0,127
BRDA:162,5,1,0
BRDA:166,6,0,77
BRDA:166,6,1,50
BRDA:170,7,0,77
BRDA:170,7,1,0
BRDA:173,8,0,1
BRDA:173,8,1,76
BRDA:215,9,0,0
BRDA:215,9,1,0
BRDA:230,10,0,0
BRDA:230,10,1,0
BRDA:234,11,0,0
BRDA:234,11,1,0
BRDA:243,12,0,78
BRDA:243,12,1,0
BRDA:263,13,0,79
BRDA:263,13,1,0
BRDA:268,14,0,55
BRDA:268,14,1,24
BRF:28
BRH:15
end_of_record
TN:
SF:/Users/mariodo/project/v8888-code/packages/herge/contracts/ProfitDistributor.sol
FN:40,constructor
FN:45,distributeProfit
FN:59,setProfitRecipients
FN:69,_checkRecipientsArray
FNF:4
FNH:4
FNDA:3,constructor
FNDA:4,distributeProfit
FNDA:7,setProfitRecipients
FNDA:11,_checkRecipientsArray
DA:41,3
DA:42,3
DA:46,4
DA:48,4
DA:49,4
DA:50,28
DA:52,28
DA:53,28
DA:61,7
DA:62,6
DA:64,6
DA:65,32
DA:74,11
DA:76,11
DA:77,10
DA:78,60
DA:80,10
LF:17
LH:17
BRDA:46,1,0,4
BRDA:46,1,1,0
BRDA:52,2,0,28
BRDA:52,2,1,0
BRDA:61,3,0,6
BRDA:61,3,1,1
BRDA:76,4,0,1
BRDA:76,4,1,10
BRF:8
BRH:6
end_of_record
TN:
SF:/Users/mariodo/project/v8888-code/packages/herge/contracts/ReinvestmentPool.sol
FNF:0
FNH:0
LF:0
LH:0
BRF:0
BRH:0
end_of_record
TN:
SF:/Users/mariodo/project/v8888-code/packages/herge/contracts/Strategies/HegicInverseStrategy.sol
FN:39,constructor
FN:44,calculateNegativepnlAndPositivepnl
FN:59,isPayoffAvailable
FN:71,_create
FN:98,payOffAmount
FNF:5
FNH:5
FNDA:66,constructor
FNDA:118,calculateNegativepnlAndPositivepnl
FNDA:51,isPayoffAvailable
FNDA:118,_create
FNDA:60,payOffAmount
DA:40,66
DA:41,66
DA:54,118
DA:55,118
DA:56,118
DA:65,51
DA:87,118
DA:92,118
DA:93,118
DA:94,118
DA:95,118
DA:104,60
DA:107,60
DA:108,2
DA:109,58
LF:15
LH:15
BRDA:107,1,0,2
BRDA:107,1,1,58
BRF:2
BRH:2
end_of_record
TN:
SF:/Users/mariodo/project/v8888-code/packages/herge/contracts/Strategies/HegicStrategy.sol
FN:49,constructor
FN:62,create
FN:105,_create
FN:130,connect
FN:140,getLockedByStrategy
FN:151,setPricer
FN:161,setLimit
FN:170,setK
FN:177,getAvailableContracts
FN:201,isPayoffAvailable
FN:213,_calculateCollateral
FN:226,_calculateStrategyPremium
FN:234,calculateNegativepnlAndPositivepnl
FN:261,payOffAmount
FN:271,_currentPrice
FNF:15
FNH:10
FNDA:186,constructor
FNDA:320,create
FNDA:202,_create
FNDA:186,connect
FNDA:0,getLockedByStrategy
FNDA:0,setPricer
FNDA:0,setLimit
FNDA:0,setK
FNDA:0,getAvailableContracts
FNDA:76,isPayoffAvailable
FNDA:202,_calculateCollateral
FNDA:320,_calculateStrategyPremium
FNDA:202,calculateNegativepnlAndPositivepnl
FNDA:77,payOffAmount
FNDA:698,_currentPrice
DA:55,186
DA:56,186
DA:57,186
DA:58,186
DA:59,186
DA:77,320
DA:82,320
DA:90,320
DA:95,320
DA:120,202
DA:125,202
DA:126,202
DA:127,202
DA:131,186
DA:132,186
DA:133,186
DA:146,0
DA:153,0
DA:162,0
DA:163,0
DA:171,0
DA:182,0
DA:186,0
DA:187,0
DA:192,0
DA:193,0
DA:195,0
DA:208,76
DA:219,202
DA:231,320
DA:245,202
DA:246,202
DA:268,77
DA:272,698
DA:273,698
LF:35
LH:24
BRDA:77,1,0,320
BRDA:77,1,1,0
BRDA:90,2,0,320
BRDA:90,2,1,0
BRDA:132,3,0,186
BRDA:132,3,1,0
BRDA:192,4,0,0
BRDA:192,4,1,0
BRF:8
BRH:3
end_of_record
TN:
SF:/Users/mariodo/project/v8888-code/packages/herge/contracts/Strategies/HegicStrategyCall.sol
FN:35,constructor
FN:39,_calculateStrategyPayOff
FNF:2
FNH:2
FNDA:24,constructor
FNDA:24,_calculateStrategyPayOff
DA:36,24
DA:45,24
DA:46,24
LF:3
LH:3
BRF:0
BRH:0
end_of_record
TN:
SF:/Users/mariodo/project/v8888-code/packages/herge/contracts/Strategies/HegicStrategyInverseBearCallSpread.sol
FN:34,constructor
FN:38,_calculateStrategyPayOff
FN:69,_calculateCollateral
FNF:3
FNH:3
FNDA:18,constructor
FNDA:22,_calculateStrategyPayOff
FNDA:26,_calculateCollateral
DA:35,18
DA:44,22
DA:45,22
DA:46,22
DA:47,22
DA:48,22
DA:49,20
DA:50,20
DA:51,16
DA:52,7
DA:59,9
DA:65,4
DA:73,26
DA:74,26
DA:75,26
DA:76,26
LF:16
LH:16
BRDA:48,1,0,20
BRDA:48,1,1,2
BRDA:50,2,0,16
BRDA:50,2,1,4
BRDA:51,3,0,7
BRDA:51,3,1,9
BRDA:58,4,0,9
BRDA:58,4,1,0
BRF:8
BRH:7
end_of_record
TN:
SF:/Users/mariodo/project/v8888-code/packages/herge/contracts/Strategies/HegicStrategyInverseBullPutSpread.sol
FN:35,constructor
FN:39,_calculateStrategyPayOff
FN:70,_calculateCollateral
FNF:3
FNH:3
FNDA:18,constructor
FNDA:18,_calculateStrategyPayOff
FNDA:20,_calculateCollateral
DA:36,18
DA:45,18
DA:46,18
DA:47,18
DA:48,18
DA:49,18
DA:50,16
DA:51,16
DA:52,12
DA:53,4
DA:60,8
DA:66,4
DA:74,20
DA:75,20
DA:76,20
DA:77,20
LF:16
LH:16
BRDA:49,1,0,16
BRDA:49,1,1,2
BRDA:51,2,0,12
BRDA:51,2,1,4
BRDA:52,3,0,4
BRDA:52,3,1,8
BRDA:59,4,0,8
BRDA:59,4,1,0
BRF:8
BRH:7
end_of_record
TN:
SF:/Users/mariodo/project/v8888-code/packages/herge/contracts/Strategies/HegicStrategyInverseLongButterfly.sol
FN:35,constructor
FN:39,_calculateStrategyPayOff
FN:87,_calculateCollateral
FNF:3
FNH:3
FNDA:18,constructor
FNDA:26,_calculateStrategyPayOff
FNDA:28,_calculateCollateral
DA:36,18
DA:45,26
DA:46,26
DA:47,26
DA:48,26
DA:49,26
DA:50,24
DA:51,24
DA:52,24
DA:53,10
DA:54,8
DA:61,2
DA:69,14
DA:70,4
DA:77,10
DA:91,28
DA:92,28
DA:93,28
DA:94,28
DA:95,28
DA:100,28
DA:105,28
DA:106,0
DA:108,28
LF:24
LH:23
BRDA:49,1,0,24
BRDA:49,1,1,2
BRDA:52,2,0,10
BRDA:52,2,1,14
BRDA:53,3,0,8
BRDA:53,3,1,2
BRDA:60,4,0,2
BRDA:60,4,1,0
BRDA:68,5,0,14
BRDA:68,5,1,0
BRDA:69,6,0,4
BRDA:69,6,1,10
BRDA:76,7,0,10
BRDA:76,7,1,0
BRDA:105,8,0,0
BRDA:105,8,1,28
BRF:16
BRH:12
end_of_record
TN:
SF:/Users/mariodo/project/v8888-code/packages/herge/contracts/Strategies/HegicStrategyInverseLongCondor.sol
FN:34,constructor
FN:38,_calculateStrategyPayOff
FN:95,_calculateCollateral
FNF:3
FNH:3
FNDA:12,constructor
FNDA:41,_calculateStrategyPayOff
FNDA:44,_calculateCollateral
DA:35,12
DA:44,41
DA:45,41
DA:46,41
DA:47,41
DA:48,41
DA:49,38
DA:50,38
DA:51,38
DA:53,38
DA:55,38
DA:56,16
DA:57,12
DA:64,4
DA:75,10
DA:77,12
DA:78,8
DA:85,4
DA:99,44
DA:100,44
DA:101,44
DA:102,44
DA:103,44
DA:105,44
DA:107,44
DA:112,44
DA:117,44
DA:118,0
DA:120,44
LF:29
LH:28
BRDA:48,1,0,38
BRDA:48,1,1,3
BRDA:55,2,0,16
BRDA:55,2,1,22
BRDA:56,3,0,12
BRDA:56,3,1,4
BRDA:63,4,0,4
BRDA:63,4,1,0
BRDA:71,5,0,10
BRDA:71,5,1,12
BRDA:76,6,0,12
BRDA:76,6,1,0
BRDA:77,7,0,8
BRDA:77,7,1,4
BRDA:84,8,0,4
BRDA:84,8,1,0
BRDA:117,9,0,0
BRDA:117,9,1,44
BRF:18
BRH:14
end_of_record
TN:
SF:/Users/mariodo/project/v8888-code/packages/herge/contracts/Strategies/HegicStrategyPut.sol
FN:35,constructor
FN:39,_calculateStrategyPayOff
FNF:2
FNH:2
FNDA:24,constructor
FNDA:29,_calculateStrategyPayOff
DA:36,24
DA:45,29
DA:46,29
LF:3
LH:3
BRF:0
BRH:0
end_of_record
TN:
SF:/Users/mariodo/project/v8888-code/packages/herge/contracts/Strategies/HegicStrategySpreadCall.sol
FN:35,constructor
FN:39,_calculateStrategyPayOff
FNF:2
FNH:2
FNDA:18,constructor
FNDA:20,_calculateStrategyPayOff
DA:36,18
DA:45,20
DA:47,20
DA:51,20
DA:53,20
LF:5
LH:5
BRF:0
BRH:0
end_of_record
TN:
SF:/Users/mariodo/project/v8888-code/packages/herge/contracts/Strategies/HegicStrategySpreadPut.sol
FN:35,constructor
FN:39,_calculateStrategyPayOff
FNF:2
FNH:2
FNDA:18,constructor
FNDA:20,_calculateStrategyPayOff
DA:36,18
DA:45,20
DA:47,20
DA:51,20
DA:53,20
LF:5
LH:5
BRF:0
BRH:0
end_of_record
TN:
SF:/Users/mariodo/project/v8888-code/packages/herge/contracts/Strategies/HegicStrategyStraddle.sol
FN:31,constructor
FN:33,_calculateStrategyPayOff
FNF:2
FNH:2
FNDA:6,constructor
FNDA:12,_calculateStrategyPayOff
DA:39,12
DA:41,12
DA:43,12
LF:3
LH:3
BRF:0
BRH:0
end_of_record
TN:
SF:/Users/mariodo/project/v8888-code/packages/herge/contracts/Strategies/HegicStrategyStrangle.sol
FN:35,constructor
FN:39,_calculateStrategyPayOff
FNF:2
FNH:2
FNDA:18,constructor
FNDA:24,_calculateStrategyPayOff
DA:36,18
DA:45,24
DA:46,24
DA:48,24
DA:51,24
DA:55,24
LF:6
LH:6
BRF:0
BRH:0
end_of_record
TN:
SF:/Users/mariodo/project/v8888-code/packages/herge/contracts/Strategies/HegicStrategyStrap.sol
FN:31,constructor
FN:33,_calculateStrategyPayOff
FNF:2
FNH:2
FNDA:6,constructor
FNDA:12,_calculateStrategyPayOff
DA:39,12
DA:41,12
DA:43,12
LF:3
LH:3
BRF:0
BRH:0
end_of_record
TN:
SF:/Users/mariodo/project/v8888-code/packages/herge/contracts/Strategies/HegicStrategyStrip.sol
FN:31,constructor
FN:33,_calculateStrategyPayOff
FNF:2
FNH:2
FNDA:6,constructor
FNDA:12,_calculateStrategyPayOff
DA:39,12
DA:41,12
DA:43,12
LF:3
LH:3
BRF:0
BRH:0
end_of_record
TN:
SF:/Users/mariodo/project/v8888-code/packages/herge/contracts/Strategies/IHegicInverseStrategy.sol
FNF:0
FNH:0
LF:0
LH:0
BRF:0
BRH:0
end_of_record
TN:
SF:/Users/mariodo/project/v8888-code/packages/herge/contracts/Strategies/IHegicStrategy.sol
FNF:0
FNH:0
LF:0
LH:0
BRF:0
BRH:0
end_of_record
TN:
SF:/Users/mariodo/project/v8888-code/packages/herge/contracts/Strategies/ProfitCalculator.sol
FN:23,calculatePutProfit
FN:36,calculateCallProfit
FNF:2
FNH:2
FNDA:73,calculatePutProfit
FNDA:80,calculateCallProfit
DA:31,73
DA:32,53
DA:44,80
DA:45,64
LF:4
LH:4
BRDA:31,1,0,20
BRDA:31,1,1,53
BRDA:44,2,0,16
BRDA:44,2,1,64
BRF:4
BRH:4
end_of_record
