{"contracts/CoverPool.sol":{"l":{"66":3,"67":3,"68":3,"69":3,"71":3,"72":3,"73":3,"75":3,"76":3,"93":309,"94":309,"95":309,"97":309,"101":309,"105":309,"106":309,"107":309,"109":309,"118":2,"119":2,"132":6,"133":6,"134":6,"135":6,"136":6,"147":2,"148":2,"149":2,"154":2,"155":2,"159":1,"160":1,"164":1,"165":1,"179":0,"197":1,"205":539,"219":215,"220":215,"222":215,"224":215,"225":215,"229":215,"230":0,"233":215,"241":2,"245":1,"258":0,"271":0,"281":0,"288":5,"290":5,"291":5,"293":5,"294":5,"309":6,"310":6,"313":6,"314":5,"325":309,"326":309,"329":309,"330":309,"337":2,"338":2,"339":2,"340":2,"341":2,"348":319,"350":166,"354":166,"356":166,"360":9,"365":9,"366":9,"369":9,"374":9,"375":9,"376":9,"378":9,"379":9,"380":9,"381":9,"388":2,"392":1,"393":1,"394":1,"395":1},"path":"/home/0mllwntrmt3/projects/contracts/packages/herge/contracts/CoverPool.sol","s":{"1":3,"2":3,"3":3,"4":3,"5":3,"6":3,"7":3,"8":3,"9":3,"10":309,"11":309,"12":309,"13":309,"14":309,"15":309,"16":309,"17":309,"18":309,"19":2,"20":2,"21":6,"22":6,"23":0,"24":6,"25":6,"26":6,"27":2,"28":2,"29":2,"30":2,"31":2,"32":1,"33":1,"34":1,"35":1,"36":0,"37":1,"38":539,"39":215,"40":215,"41":215,"42":215,"43":215,"44":0,"45":215,"46":2,"47":1,"48":0,"49":0,"50":0,"51":5,"52":5,"53":5,"54":5,"55":5,"56":6,"57":6,"58":6,"59":5,"60":309,"61":309,"62":309,"63":309,"64":2,"65":2,"66":2,"67":2,"68":2,"69":319,"70":153,"71":166,"72":166,"73":166,"74":9,"75":9,"76":9,"77":9,"78":9,"79":9,"80":9,"81":9,"82":9,"83":9,"84":2,"85":1,"86":1,"87":1,"88":1},"b":{"1":[309,0],"2":[309,0],"3":[309,0],"4":[0,6],"5":[0,215],"6":[1,1],"7":[153,166],"8":[9,0],"9":[1,1]},"f":{"1":3,"2":309,"3":2,"4":6,"5":2,"6":0,"7":1,"8":539,"9":215,"10":2,"11":0,"12":0,"13":0,"14":5,"15":6,"16":309,"17":2,"18":319,"19":9,"20":2},"fnMap":{"1":{"name":"constructor","line":60,"loc":{"start":{"line":60,"column":4},"end":{"line":77,"column":4}}},"2":{"name":"provide","line":88,"loc":{"start":{"line":88,"column":4},"end":{"line":110,"column":4}}},"3":{"name":"withdraw","line":117,"loc":{"start":{"line":117,"column":4},"end":{"line":121,"column":4}}},"4":{"name":"claim","line":127,"loc":{"start":{"line":127,"column":4},"end":{"line":138,"column":4}}},"5":{"name":"withdrawEpoch","line":144,"loc":{"start":{"line":144,"column":4},"end":{"line":166,"column":4}}},"6":{"name":"availableToClaim","line":173,"loc":{"start":{"line":173,"column":4},"end":{"line":184,"column":4}}},"7":{"name":"coverTokenBalance","line":191,"loc":{"start":{"line":191,"column":4},"end":{"line":198,"column":4}}},"8":{"name":"coverTokenTotal","line":204,"loc":{"start":{"line":204,"column":4},"end":{"line":206,"column":4}}},"9":{"name":"availableForPayment","line":213,"loc":{"start":{"line":213,"column":4},"end":{"line":235,"column":4}}},"10":{"name":"fallbackEpochClose","line":240,"loc":{"start":{"line":240,"column":4},"end":{"line":246,"column":4}}},"11":{"name":"supportsInterface","line":251,"loc":{"start":{"line":251,"column":4},"end":{"line":261,"column":4}}},"12":{"name":"setWindowSize","line":270,"loc":{"start":{"line":270,"column":4},"end":{"line":272,"column":4}}},"13":{"name":"setNextEpochChangingPrice","line":279,"loc":{"start":{"line":277,"column":4},"end":{"line":282,"column":4}}},"14":{"name":"fixProfit","line":287,"loc":{"start":{"line":287,"column":4},"end":{"line":295,"column":4}}},"15":{"name":"payOut","line":307,"loc":{"start":{"line":304,"column":4},"end":{"line":315,"column":4}}},"16":{"name":"_provide","line":321,"loc":{"start":{"line":321,"column":4},"end":{"line":331,"column":4}}},"17":{"name":"_withdraw","line":333,"loc":{"start":{"line":333,"column":4},"end":{"line":342,"column":4}}},"18":{"name":"_bufferUnclaimedProfit","line":344,"loc":{"start":{"line":344,"column":4},"end":{"line":357,"column":4}}},"19":{"name":"_startNextEpoch","line":359,"loc":{"start":{"line":359,"column":4},"end":{"line":382,"column":4}}},"20":{"name":"_withdrawFromEpoch","line":384,"loc":{"start":{"line":384,"column":4},"end":{"line":396,"column":4}}}},"statementMap":{"1":{"start":{"line":66,"column":8},"end":{"line":66,"column":49}},"2":{"start":{"line":67,"column":8},"end":{"line":67,"column":51}},"3":{"start":{"line":68,"column":8},"end":{"line":68,"column":64}},"4":{"start":{"line":69,"column":8},"end":{"line":69,"column":69}},"5":{"start":{"line":71,"column":8},"end":{"line":71,"column":31}},"6":{"start":{"line":72,"column":8},"end":{"line":72,"column":33}},"7":{"start":{"line":73,"column":8},"end":{"line":73,"column":31}},"8":{"start":{"line":75,"column":8},"end":{"line":75,"column":57}},"9":{"start":{"line":76,"column":8},"end":{"line":76,"column":24}},"10":{"start":{"line":93,"column":8},"end":{"line":93,"column":3199}},"11":{"start":{"line":94,"column":12},"end":{"line":94,"column":41}},"12":{"start":{"line":95,"column":12},"end":{"line":95,"column":40}},"13":{"start":{"line":97,"column":8},"end":{"line":97,"column":3327}},"14":{"start":{"line":101,"column":8},"end":{"line":101,"column":3464}},"15":{"start":{"line":105,"column":8},"end":{"line":105,"column":41}},"16":{"start":{"line":106,"column":8},"end":{"line":106,"column":61}},"17":{"start":{"line":107,"column":8},"end":{"line":107,"column":69}},"18":{"start":{"line":109,"column":8},"end":{"line":109,"column":25}},"19":{"start":{"line":118,"column":8},"end":{"line":118,"column":41}},"20":{"start":{"line":119,"column":8},"end":{"line":119,"column":63}},"21":{"start":{"line":132,"column":8},"end":{"line":132,"column":50}},"22":{"start":{"line":133,"column":8},"end":{"line":133,"column":33}},"23":{"start":{"line":133,"column":25},"end":{"line":133,"column":33}},"24":{"start":{"line":134,"column":8},"end":{"line":134,"column":45}},"25":{"start":{"line":135,"column":8},"end":{"line":135,"column":35}},"26":{"start":{"line":136,"column":8},"end":{"line":136,"column":60}},"27":{"start":{"line":147,"column":8},"end":{"line":147,"column":65}},"28":{"start":{"line":148,"column":8},"end":{"line":148,"column":45}},"29":{"start":{"line":149,"column":8},"end":{"line":149,"column":27}},"30":{"start":{"line":154,"column":8},"end":{"line":154,"column":5398}},"31":{"start":{"line":155,"column":12},"end":{"line":155,"column":5468}},"32":{"start":{"line":159,"column":12},"end":{"line":159,"column":33}},"33":{"start":{"line":160,"column":12},"end":{"line":160,"column":31}},"34":{"start":{"line":164,"column":8},"end":{"line":164,"column":64}},"35":{"start":{"line":165,"column":8},"end":{"line":165,"column":66}},"36":{"start":{"line":179,"column":8},"end":{"line":179,"column":6200}},"37":{"start":{"line":197,"column":8},"end":{"line":197,"column":69}},"38":{"start":{"line":205,"column":8},"end":{"line":205,"column":50}},"39":{"start":{"line":219,"column":8},"end":{"line":219,"column":65}},"40":{"start":{"line":220,"column":8},"end":{"line":220,"column":7373}},"41":{"start":{"line":222,"column":8},"end":{"line":222,"column":69}},"42":{"start":{"line":225,"column":12},"end":{"line":225,"column":7543}},"43":{"start":{"line":229,"column":12},"end":{"line":229,"column":7723}},"44":{"start":{"line":230,"column":16},"end":{"line":230,"column":54}},"45":{"start":{"line":233,"column":8},"end":{"line":233,"column":7868}},"46":{"start":{"line":241,"column":8},"end":{"line":241,"column":8034}},"47":{"start":{"line":245,"column":8},"end":{"line":245,"column":24}},"48":{"start":{"line":258,"column":8},"end":{"line":258,"column":8460}},"49":{"start":{"line":271,"column":8},"end":{"line":271,"column":25}},"50":{"start":{"line":281,"column":8},"end":{"line":281,"column":37}},"51":{"start":{"line":288,"column":8},"end":{"line":288,"column":9149}},"52":{"start":{"line":290,"column":8},"end":{"line":290,"column":41}},"53":{"start":{"line":291,"column":8},"end":{"line":291,"column":76}},"54":{"start":{"line":293,"column":8},"end":{"line":293,"column":24}},"55":{"start":{"line":294,"column":8},"end":{"line":294,"column":47}},"56":{"start":{"line":309,"column":8},"end":{"line":309,"column":65}},"57":{"start":{"line":310,"column":8},"end":{"line":310,"column":9859}},"58":{"start":{"line":313,"column":8},"end":{"line":313,"column":53}},"59":{"start":{"line":314,"column":8},"end":{"line":314,"column":67}},"60":{"start":{"line":325,"column":8},"end":{"line":325,"column":53}},"61":{"start":{"line":326,"column":8},"end":{"line":326,"column":10404}},"62":{"start":{"line":329,"column":8},"end":{"line":329,"column":44}},"63":{"start":{"line":330,"column":8},"end":{"line":330,"column":35}},"64":{"start":{"line":337,"column":8},"end":{"line":337,"column":53}},"65":{"start":{"line":338,"column":8},"end":{"line":338,"column":66}},"66":{"start":{"line":339,"column":8},"end":{"line":339,"column":45}},"67":{"start":{"line":340,"column":8},"end":{"line":340,"column":66}},"68":{"start":{"line":341,"column":8},"end":{"line":341,"column":59}},"69":{"start":{"line":348,"column":8},"end":{"line":348,"column":37}},"70":{"start":{"line":348,"column":29},"end":{"line":348,"column":37}},"71":{"start":{"line":350,"column":8},"end":{"line":350,"column":11218}},"72":{"start":{"line":354,"column":8},"end":{"line":354,"column":53}},"73":{"start":{"line":356,"column":8},"end":{"line":356,"column":49}},"74":{"start":{"line":360,"column":8},"end":{"line":360,"column":11535}},"75":{"start":{"line":365,"column":8},"end":{"line":365,"column":65}},"76":{"start":{"line":366,"column":8},"end":{"line":366,"column":11832}},"77":{"start":{"line":369,"column":8},"end":{"line":369,"column":11954}},"78":{"start":{"line":374,"column":8},"end":{"line":374,"column":56}},"79":{"start":{"line":375,"column":8},"end":{"line":375,"column":53}},"80":{"start":{"line":376,"column":8},"end":{"line":376,"column":54}},"81":{"start":{"line":379,"column":8},"end":{"line":379,"column":61}},"82":{"start":{"line":380,"column":8},"end":{"line":380,"column":50}},"83":{"start":{"line":381,"column":8},"end":{"line":381,"column":65}},"84":{"start":{"line":388,"column":8},"end":{"line":388,"column":12628}},"85":{"start":{"line":392,"column":8},"end":{"line":392,"column":40}},"86":{"start":{"line":393,"column":8},"end":{"line":393,"column":77}},"87":{"start":{"line":394,"column":8},"end":{"line":394,"column":75}},"88":{"start":{"line":395,"column":8},"end":{"line":395,"column":33}}},"branchMap":{"1":{"line":93,"type":"if","locations":[{"start":{"line":93,"column":8},"end":{"line":93,"column":8}},{"start":{"line":93,"column":8},"end":{"line":93,"column":8}}]},"2":{"line":97,"type":"if","locations":[{"start":{"line":97,"column":8},"end":{"line":97,"column":8}},{"start":{"line":97,"column":8},"end":{"line":97,"column":8}}]},"3":{"line":101,"type":"if","locations":[{"start":{"line":101,"column":8},"end":{"line":101,"column":8}},{"start":{"line":101,"column":8},"end":{"line":101,"column":8}}]},"4":{"line":133,"type":"if","locations":[{"start":{"line":133,"column":8},"end":{"line":133,"column":8}},{"start":{"line":133,"column":8},"end":{"line":133,"column":8}}]},"5":{"line":229,"type":"if","locations":[{"start":{"line":229,"column":12},"end":{"line":229,"column":12}},{"start":{"line":229,"column":12},"end":{"line":229,"column":12}}]},"6":{"line":241,"type":"if","locations":[{"start":{"line":241,"column":8},"end":{"line":241,"column":8}},{"start":{"line":241,"column":8},"end":{"line":241,"column":8}}]},"7":{"line":348,"type":"if","locations":[{"start":{"line":348,"column":8},"end":{"line":348,"column":8}},{"start":{"line":348,"column":8},"end":{"line":348,"column":8}}]},"8":{"line":360,"type":"if","locations":[{"start":{"line":360,"column":8},"end":{"line":360,"column":8}},{"start":{"line":360,"column":8},"end":{"line":360,"column":8}}]},"9":{"line":388,"type":"if","locations":[{"start":{"line":388,"column":8},"end":{"line":388,"column":8}},{"start":{"line":388,"column":8},"end":{"line":388,"column":8}}]}}},"contracts/CoverPoolToken.sol":{"l":{"42":0,"56":0,"57":0,"64":0,"72":0},"path":"/home/0mllwntrmt3/projects/contracts/packages/herge/contracts/CoverPoolToken.sol","s":{"1":0,"2":0,"3":0,"4":0,"5":0,"6":0},"b":{"1":[0,0]},"f":{"1":3,"2":0,"3":0,"4":0,"5":0},"fnMap":{"1":{"name":"constructor","line":29,"loc":{"start":{"line":28,"column":4},"end":{"line":30,"column":5}}},"2":{"name":"supportsInterface","line":35,"loc":{"start":{"line":35,"column":4},"end":{"line":45,"column":4}}},"3":{"name":"tokenURI","line":50,"loc":{"start":{"line":50,"column":4},"end":{"line":58,"column":4}}},"4":{"name":"setURIBuilder","line":62,"loc":{"start":{"line":60,"column":4},"end":{"line":65,"column":4}}},"5":{"name":"isApprovedOrOwner","line":67,"loc":{"start":{"line":67,"column":4},"end":{"line":73,"column":4}}}},"statementMap":{"1":{"start":{"line":42,"column":8},"end":{"line":42,"column":1368}},"2":{"start":{"line":56,"column":8},"end":{"line":56,"column":78}},"3":{"start":{"line":56,"column":47},"end":{"line":56,"column":78}},"4":{"start":{"line":57,"column":8},"end":{"line":57,"column":39}},"5":{"start":{"line":64,"column":8},"end":{"line":64,"column":31}},"6":{"start":{"line":72,"column":8},"end":{"line":72,"column":51}}},"branchMap":{"1":{"line":56,"type":"if","locations":[{"start":{"line":56,"column":8},"end":{"line":56,"column":8}},{"start":{"line":56,"column":8},"end":{"line":56,"column":8}}]}}},"contracts/ICoverPool.sol":{"l":{},"path":"/home/0mllwntrmt3/projects/contracts/packages/herge/contracts/ICoverPool.sol","s":{},"b":{},"f":{},"fnMap":{},"statementMap":{},"branchMap":{}},"contracts/IOperationalTreasury.sol":{"l":{},"path":"/home/0mllwntrmt3/projects/contracts/packages/herge/contracts/IOperationalTreasury.sol","s":{},"b":{},"f":{},"fnMap":{},"statementMap":{},"branchMap":{}},"contracts/MainPool.sol":{"l":{"30":0,"31":0},"path":"/home/0mllwntrmt3/projects/contracts/packages/herge/contracts/MainPool.sol","s":{"1":0,"2":0},"b":{},"f":{"1":0},"fnMap":{"1":{"name":"constructor","line":29,"loc":{"start":{"line":29,"column":4},"end":{"line":32,"column":4}}}},"statementMap":{"1":{"start":{"line":30,"column":8},"end":{"line":30,"column":19}},"2":{"start":{"line":31,"column":8},"end":{"line":31,"column":49}}},"branchMap":{}},"contracts/OperationalTreasury.sol":{"l":{"60":3,"61":3,"62":3,"63":3,"64":3,"65":3,"66":3,"67":186,"84":136,"85":136,"88":136,"95":136,"113":136,"115":136,"116":136,"118":136,"123":136,"127":136,"128":136,"136":136,"145":1,"146":1,"150":1,"151":1,"152":1,"166":132,"167":132,"168":121,"172":121,"176":74,"178":74,"179":74,"180":1,"182":74,"183":74,"196":138,"206":139,"219":2,"227":0,"234":0,"238":0,"239":0,"240":0,"241":0,"248":0,"249":0,"253":0,"254":0,"258":75,"262":75,"263":75,"264":75,"265":75,"269":1,"273":1,"274":1,"275":1,"279":138,"280":138,"284":76,"289":76,"290":76,"294":186,"295":186},"path":"/home/0mllwntrmt3/projects/contracts/packages/herge/contracts/OperationalTreasury.sol","s":{"1":3,"2":3,"3":3,"4":3,"5":3,"6":3,"7":3,"8":186,"9":136,"10":136,"11":136,"12":136,"13":136,"14":136,"15":136,"16":136,"17":136,"18":136,"19":136,"20":136,"21":1,"22":1,"23":1,"24":1,"25":1,"26":132,"27":132,"28":121,"29":121,"30":74,"31":74,"32":74,"33":1,"34":74,"35":74,"36":138,"37":139,"38":2,"39":0,"40":0,"41":0,"42":0,"43":0,"44":0,"45":0,"46":0,"47":0,"48":0,"49":75,"50":75,"51":75,"52":75,"53":75,"54":1,"55":1,"56":1,"57":1,"58":138,"59":138,"60":76,"61":76,"62":76,"63":52,"64":186,"65":186},"b":{"1":[136,0],"2":[136,0],"3":[136,0],"4":[1,0],"5":[121,0],"6":[74,47],"7":[74,0],"8":[1,73],"9":[0,0],"10":[0,0],"11":[0,0],"12":[75,0],"13":[76,0],"14":[52,24]},"f":{"1":3,"2":136,"3":136,"4":1,"5":132,"6":138,"7":139,"8":2,"9":0,"10":0,"11":0,"12":75,"13":1,"14":138,"15":76,"16":186},"fnMap":{"1":{"name":"constructor","line":52,"loc":{"start":{"line":52,"column":4},"end":{"line":68,"column":4}}},"2":{"name":"buy","line":83,"loc":{"start":{"line":77,"column":4},"end":{"line":98,"column":4}}},"3":{"name":"_lockLiquidity","line":106,"loc":{"start":{"line":106,"column":4},"end":{"line":137,"column":4}}},"4":{"name":"unlock","line":144,"loc":{"start":{"line":144,"column":4},"end":{"line":153,"column":4}}},"5":{"name":"payOff","line":164,"loc":{"start":{"line":161,"column":4},"end":{"line":184,"column":4}}},"6":{"name":"addTokens","line":193,"loc":{"start":{"line":191,"column":4},"end":{"line":197,"column":4}}},"7":{"name":"setBenchmark","line":205,"loc":{"start":{"line":205,"column":4},"end":{"line":207,"column":4}}},"8":{"name":"withdraw","line":217,"loc":{"start":{"line":215,"column":4},"end":{"line":220,"column":4}}},"9":{"name":"replenish","line":226,"loc":{"start":{"line":226,"column":4},"end":{"line":228,"column":4}}},"10":{"name":"addStrategy","line":232,"loc":{"start":{"line":230,"column":4},"end":{"line":242,"column":4}}},"11":{"name":"connectStrategy","line":246,"loc":{"start":{"line":244,"column":4},"end":{"line":255,"column":4}}},"12":{"name":"_unlock","line":257,"loc":{"start":{"line":257,"column":4},"end":{"line":266,"column":4}}},"13":{"name":"_replenish","line":268,"loc":{"start":{"line":268,"column":4},"end":{"line":276,"column":4}}},"14":{"name":"_addTokens","line":278,"loc":{"start":{"line":278,"column":4},"end":{"line":281,"column":4}}},"15":{"name":"_withdraw","line":283,"loc":{"start":{"line":283,"column":4},"end":{"line":291,"column":4}}},"16":{"name":"_connect","line":293,"loc":{"start":{"line":293,"column":4},"end":{"line":296,"column":4}}}},"statementMap":{"1":{"start":{"line":60,"column":8},"end":{"line":60,"column":49}},"2":{"start":{"line":61,"column":8},"end":{"line":61,"column":21}},"3":{"start":{"line":62,"column":8},"end":{"line":62,"column":25}},"4":{"start":{"line":63,"column":8},"end":{"line":63,"column":41}},"5":{"start":{"line":64,"column":8},"end":{"line":64,"column":29}},"6":{"start":{"line":65,"column":8},"end":{"line":65,"column":29}},"7":{"start":{"line":66,"column":8},"end":{"line":66,"column":2393}},"8":{"start":{"line":67,"column":12},"end":{"line":67,"column":41}},"9":{"start":{"line":84,"column":8},"end":{"line":84,"column":58}},"10":{"start":{"line":85,"column":8},"end":{"line":85,"column":3021}},"11":{"start":{"line":88,"column":8},"end":{"line":88,"column":3113}},"12":{"start":{"line":95,"column":8},"end":{"line":95,"column":69}},"13":{"start":{"line":113,"column":8},"end":{"line":113,"column":60}},"14":{"start":{"line":115,"column":8},"end":{"line":115,"column":33}},"15":{"start":{"line":116,"column":8},"end":{"line":116,"column":35}},"16":{"start":{"line":118,"column":8},"end":{"line":118,"column":3961}},"17":{"start":{"line":123,"column":8},"end":{"line":123,"column":4147}},"18":{"start":{"line":127,"column":8},"end":{"line":127,"column":48}},"19":{"start":{"line":128,"column":8},"end":{"line":128,"column":4324}},"20":{"start":{"line":136,"column":8},"end":{"line":136,"column":69}},"21":{"start":{"line":145,"column":8},"end":{"line":145,"column":71}},"22":{"start":{"line":146,"column":8},"end":{"line":146,"column":4894}},"23":{"start":{"line":150,"column":8},"end":{"line":150,"column":18}},"24":{"start":{"line":151,"column":8},"end":{"line":151,"column":37}},"25":{"start":{"line":152,"column":8},"end":{"line":152,"column":39}},"26":{"start":{"line":166,"column":8},"end":{"line":166,"column":71}},"27":{"start":{"line":167,"column":8},"end":{"line":167,"column":68}},"28":{"start":{"line":168,"column":8},"end":{"line":168,"column":5601}},"29":{"start":{"line":172,"column":8},"end":{"line":172,"column":5719}},"30":{"start":{"line":176,"column":8},"end":{"line":176,"column":42}},"31":{"start":{"line":178,"column":8},"end":{"line":178,"column":18}},"32":{"start":{"line":179,"column":8},"end":{"line":179,"column":5940}},"33":{"start":{"line":180,"column":12},"end":{"line":180,"column":29}},"34":{"start":{"line":182,"column":8},"end":{"line":182,"column":33}},"35":{"start":{"line":183,"column":8},"end":{"line":183,"column":53}},"36":{"start":{"line":196,"column":8},"end":{"line":196,"column":27}},"37":{"start":{"line":206,"column":8},"end":{"line":206,"column":24}},"38":{"start":{"line":219,"column":8},"end":{"line":219,"column":28}},"39":{"start":{"line":227,"column":8},"end":{"line":227,"column":20}},"40":{"start":{"line":234,"column":8},"end":{"line":234,"column":7364}},"41":{"start":{"line":238,"column":8},"end":{"line":238,"column":55}},"42":{"start":{"line":239,"column":8},"end":{"line":239,"column":70}},"43":{"start":{"line":240,"column":8},"end":{"line":240,"column":67}},"44":{"start":{"line":241,"column":8},"end":{"line":241,"column":65}},"45":{"start":{"line":248,"column":8},"end":{"line":248,"column":55}},"46":{"start":{"line":249,"column":8},"end":{"line":249,"column":7917}},"47":{"start":{"line":253,"column":8},"end":{"line":253,"column":78}},"48":{"start":{"line":254,"column":8},"end":{"line":254,"column":18}},"49":{"start":{"line":258,"column":8},"end":{"line":258,"column":8204}},"50":{"start":{"line":262,"column":8},"end":{"line":262,"column":47}},"51":{"start":{"line":263,"column":8},"end":{"line":263,"column":36}},"52":{"start":{"line":264,"column":8},"end":{"line":264,"column":38}},"53":{"start":{"line":265,"column":8},"end":{"line":265,"column":54}},"54":{"start":{"line":269,"column":8},"end":{"line":269,"column":8610}},"55":{"start":{"line":273,"column":8},"end":{"line":273,"column":39}},"56":{"start":{"line":274,"column":8},"end":{"line":274,"column":37}},"57":{"start":{"line":275,"column":8},"end":{"line":275,"column":40}},"58":{"start":{"line":279,"column":8},"end":{"line":279,"column":61}},"59":{"start":{"line":280,"column":8},"end":{"line":280,"column":29}},"60":{"start":{"line":284,"column":8},"end":{"line":284,"column":9081}},"61":{"start":{"line":289,"column":8},"end":{"line":289,"column":29}},"62":{"start":{"line":290,"column":8},"end":{"line":290,"column":54}},"63":{"start":{"line":290,"column":24},"end":{"line":290,"column":53}},"64":{"start":{"line":294,"column":8},"end":{"line":294,"column":18}},"65":{"start":{"line":295,"column":8},"end":{"line":295,"column":33}}},"branchMap":{"1":{"line":113,"type":"if","locations":[{"start":{"line":113,"column":8},"end":{"line":113,"column":8}},{"start":{"line":113,"column":8},"end":{"line":113,"column":8}}]},"2":{"line":118,"type":"if","locations":[{"start":{"line":118,"column":8},"end":{"line":118,"column":8}},{"start":{"line":118,"column":8},"end":{"line":118,"column":8}}]},"3":{"line":123,"type":"if","locations":[{"start":{"line":123,"column":8},"end":{"line":123,"column":8}},{"start":{"line":123,"column":8},"end":{"line":123,"column":8}}]},"4":{"line":146,"type":"if","locations":[{"start":{"line":146,"column":8},"end":{"line":146,"column":8}},{"start":{"line":146,"column":8},"end":{"line":146,"column":8}}]},"5":{"line":168,"type":"if","locations":[{"start":{"line":168,"column":8},"end":{"line":168,"column":8}},{"start":{"line":168,"column":8},"end":{"line":168,"column":8}}]},"6":{"line":172,"type":"if","locations":[{"start":{"line":172,"column":8},"end":{"line":172,"column":8}},{"start":{"line":172,"column":8},"end":{"line":172,"column":8}}]},"7":{"line":176,"type":"if","locations":[{"start":{"line":176,"column":8},"end":{"line":176,"column":8}},{"start":{"line":176,"column":8},"end":{"line":176,"column":8}}]},"8":{"line":179,"type":"if","locations":[{"start":{"line":179,"column":8},"end":{"line":179,"column":8}},{"start":{"line":179,"column":8},"end":{"line":179,"column":8}}]},"9":{"line":234,"type":"if","locations":[{"start":{"line":234,"column":8},"end":{"line":234,"column":8}},{"start":{"line":234,"column":8},"end":{"line":234,"column":8}}]},"10":{"line":249,"type":"if","locations":[{"start":{"line":249,"column":8},"end":{"line":249,"column":8}},{"start":{"line":249,"column":8},"end":{"line":249,"column":8}}]},"11":{"line":253,"type":"if","locations":[{"start":{"line":253,"column":8},"end":{"line":253,"column":8}},{"start":{"line":253,"column":8},"end":{"line":253,"column":8}}]},"12":{"line":258,"type":"if","locations":[{"start":{"line":258,"column":8},"end":{"line":258,"column":8}},{"start":{"line":258,"column":8},"end":{"line":258,"column":8}}]},"13":{"line":284,"type":"if","locations":[{"start":{"line":284,"column":8},"end":{"line":284,"column":8}},{"start":{"line":284,"column":8},"end":{"line":284,"column":8}}]},"14":{"line":290,"type":"if","locations":[{"start":{"line":290,"column":8},"end":{"line":290,"column":8}},{"start":{"line":290,"column":8},"end":{"line":290,"column":8}}]}}},"contracts/ProfitDistributor.sol":{"l":{"41":3,"42":3,"46":4,"48":4,"49":4,"50":28,"52":28,"53":28,"61":7,"62":6,"64":6,"65":32,"74":11,"76":11,"77":10,"78":60,"80":10},"path":"/home/0mllwntrmt3/projects/contracts/packages/herge/contracts/ProfitDistributor.sol","s":{"1":3,"2":3,"3":4,"4":4,"5":4,"6":28,"7":28,"8":28,"9":7,"10":6,"11":32,"12":11,"13":11,"14":1,"15":10,"16":60,"17":10},"b":{"1":[4,0],"2":[28,0],"3":[6,1],"4":[1,10]},"f":{"1":3,"2":4,"3":7,"4":11},"fnMap":{"1":{"name":"constructor","line":40,"loc":{"start":{"line":40,"column":4},"end":{"line":43,"column":4}}},"2":{"name":"distributeProfit","line":45,"loc":{"start":{"line":45,"column":4},"end":{"line":55,"column":4}}},"3":{"name":"setProfitRecipients","line":59,"loc":{"start":{"line":57,"column":4},"end":{"line":67,"column":4}}},"4":{"name":"_checkRecipientsArray","line":69,"loc":{"start":{"line":69,"column":4},"end":{"line":81,"column":4}}}},"statementMap":{"1":{"start":{"line":41,"column":8},"end":{"line":41,"column":19}},"2":{"start":{"line":42,"column":8},"end":{"line":42,"column":49}},"3":{"start":{"line":46,"column":8},"end":{"line":46,"column":74}},"4":{"start":{"line":48,"column":8},"end":{"line":48,"column":54}},"5":{"start":{"line":49,"column":8},"end":{"line":49,"column":1587}},"6":{"start":{"line":50,"column":12},"end":{"line":50,"column":1672}},"7":{"start":{"line":52,"column":12},"end":{"line":52,"column":1816}},"8":{"start":{"line":53,"column":16},"end":{"line":53,"column":71}},"9":{"start":{"line":61,"column":8},"end":{"line":61,"column":75}},"10":{"start":{"line":64,"column":8},"end":{"line":64,"column":2114}},"11":{"start":{"line":65,"column":12},"end":{"line":65,"column":42}},"12":{"start":{"line":74,"column":8},"end":{"line":74,"column":27}},"13":{"start":{"line":76,"column":8},"end":{"line":76,"column":67}},"14":{"start":{"line":76,"column":55},"end":{"line":76,"column":67}},"15":{"start":{"line":77,"column":8},"end":{"line":77,"column":2466}},"16":{"start":{"line":78,"column":12},"end":{"line":78,"column":42}},"17":{"start":{"line":80,"column":8},"end":{"line":80,"column":41}}},"branchMap":{"1":{"line":46,"type":"if","locations":[{"start":{"line":46,"column":8},"end":{"line":46,"column":8}},{"start":{"line":46,"column":8},"end":{"line":46,"column":8}}]},"2":{"line":52,"type":"if","locations":[{"start":{"line":52,"column":12},"end":{"line":52,"column":12}},{"start":{"line":52,"column":12},"end":{"line":52,"column":12}}]},"3":{"line":61,"type":"if","locations":[{"start":{"line":61,"column":8},"end":{"line":61,"column":8}},{"start":{"line":61,"column":8},"end":{"line":61,"column":8}}]},"4":{"line":76,"type":"if","locations":[{"start":{"line":76,"column":8},"end":{"line":76,"column":8}},{"start":{"line":76,"column":8},"end":{"line":76,"column":8}}]}}},"contracts/ReinvestmentPool.sol":{"l":{},"path":"/home/0mllwntrmt3/projects/contracts/packages/herge/contracts/ReinvestmentPool.sol","s":{},"b":{},"f":{},"fnMap":{},"statementMap":{},"branchMap":{}},"contracts/Strategies/HegicInverseStrategy.sol":{"l":{"39":66,"40":66,"48":56,"49":56,"50":56,"59":45,"81":56,"86":56,"87":56,"88":56,"89":56,"90":56,"99":56,"102":56,"103":0,"104":56},"path":"/home/0mllwntrmt3/projects/contracts/packages/herge/contracts/Strategies/HegicInverseStrategy.sol","s":{"1":66,"2":66,"3":56,"4":56,"5":56,"6":45,"7":56,"8":56,"9":56,"10":56,"11":56,"12":56,"13":56,"14":56,"15":0,"16":56},"b":{"1":[0,56]},"f":{"1":66,"2":56,"3":45,"4":56,"5":56},"fnMap":{"1":{"name":"constructor","line":38,"loc":{"start":{"line":33,"column":4},"end":{"line":41,"column":4}}},"2":{"name":"calculateNegativepnlAndPositivepnl","line":43,"loc":{"start":{"line":43,"column":4},"end":{"line":51,"column":4}}},"3":{"name":"isPayoffAvailable","line":53,"loc":{"start":{"line":53,"column":4},"end":{"line":63,"column":4}}},"4":{"name":"_create","line":65,"loc":{"start":{"line":65,"column":4},"end":{"line":91,"column":4}}},"5":{"name":"payOffAmount","line":93,"loc":{"start":{"line":93,"column":4},"end":{"line":107,"column":4}}}},"statementMap":{"1":{"start":{"line":39,"column":8},"end":{"line":39,"column":49}},"2":{"start":{"line":40,"column":8},"end":{"line":40,"column":45}},"3":{"start":{"line":48,"column":8},"end":{"line":48,"column":62}},"4":{"start":{"line":49,"column":8},"end":{"line":49,"column":65}},"5":{"start":{"line":50,"column":8},"end":{"line":50,"column":54}},"6":{"start":{"line":59,"column":8},"end":{"line":59,"column":2215}},"7":{"start":{"line":81,"column":8},"end":{"line":81,"column":2694}},"8":{"start":{"line":86,"column":8},"end":{"line":86,"column":64}},"9":{"start":{"line":87,"column":8},"end":{"line":87,"column":40}},"10":{"start":{"line":88,"column":8},"end":{"line":88,"column":72}},"11":{"start":{"line":89,"column":8},"end":{"line":89,"column":65}},"12":{"start":{"line":90,"column":8},"end":{"line":90,"column":53}},"13":{"start":{"line":99,"column":8},"end":{"line":99,"column":3292}},"14":{"start":{"line":102,"column":8},"end":{"line":102,"column":3449}},"15":{"start":{"line":103,"column":12},"end":{"line":103,"column":53}},"16":{"start":{"line":104,"column":8},"end":{"line":104,"column":3557}}},"branchMap":{"1":{"line":102,"type":"if","locations":[{"start":{"line":102,"column":8},"end":{"line":102,"column":8}},{"start":{"line":102,"column":8},"end":{"line":102,"column":8}}]}}},"contracts/Strategies/HegicStrategy.sol":{"l":{"59":186,"60":186,"61":186,"62":186,"63":186,"111":136,"116":136,"121":136,"139":80,"144":80,"145":80,"146":80,"147":80,"162":186,"163":186,"164":186,"191":0,"198":0,"207":0,"208":0,"216":0,"227":0,"231":0,"232":0,"237":0,"238":0,"240":0,"253":76,"264":80,"276":136,"290":80,"291":80,"313":77,"317":446,"318":446},"path":"/home/0mllwntrmt3/projects/contracts/packages/herge/contracts/Strategies/HegicStrategy.sol","s":{"1":186,"2":186,"3":186,"4":186,"5":186,"6":136,"7":136,"8":136,"9":80,"10":80,"11":80,"12":80,"13":80,"14":186,"15":186,"16":186,"17":0,"18":0,"19":0,"20":0,"21":0,"22":0,"23":0,"24":0,"25":0,"26":0,"27":0,"28":76,"29":80,"30":136,"31":80,"32":80,"33":77,"34":446,"35":446},"b":{"1":[136,0],"2":[136,0],"3":[186,0],"4":[0,0]},"f":{"1":186,"2":136,"3":80,"4":186,"5":0,"6":0,"7":0,"8":0,"9":0,"10":76,"11":80,"12":136,"13":80,"14":77,"15":446},"fnMap":{"1":{"name":"constructor","line":53,"loc":{"start":{"line":53,"column":4},"end":{"line":64,"column":4}}},"2":{"name":"create","line":96,"loc":{"start":{"line":96,"column":4},"end":{"line":122,"column":4}}},"3":{"name":"_create","line":124,"loc":{"start":{"line":124,"column":4},"end":{"line":148,"column":4}}},"4":{"name":"connect","line":161,"loc":{"start":{"line":161,"column":4},"end":{"line":165,"column":4}}},"5":{"name":"getLockedByStrategy","line":185,"loc":{"start":{"line":185,"column":4},"end":{"line":192,"column":4}}},"6":{"name":"setPricer","line":196,"loc":{"start":{"line":194,"column":4},"end":{"line":199,"column":4}}},"7":{"name":"setLimit","line":206,"loc":{"start":{"line":206,"column":4},"end":{"line":209,"column":4}}},"8":{"name":"setK","line":215,"loc":{"start":{"line":215,"column":4},"end":{"line":217,"column":4}}},"9":{"name":"getAvailableContracts","line":222,"loc":{"start":{"line":222,"column":4},"end":{"line":241,"column":4}}},"10":{"name":"isPayoffAvailable","line":246,"loc":{"start":{"line":246,"column":4},"end":{"line":256,"column":4}}},"11":{"name":"_calculateCollateral","line":258,"loc":{"start":{"line":258,"column":4},"end":{"line":269,"column":4}}},"12":{"name":"_calculateStrategyPremium","line":271,"loc":{"start":{"line":271,"column":4},"end":{"line":277,"column":4}}},"13":{"name":"calculateNegativepnlAndPositivepnl","line":279,"loc":{"start":{"line":279,"column":4},"end":{"line":292,"column":4}}},"14":{"name":"payOffAmount","line":306,"loc":{"start":{"line":306,"column":4},"end":{"line":314,"column":4}}},"15":{"name":"_currentPrice","line":316,"loc":{"start":{"line":316,"column":4},"end":{"line":319,"column":4}}}},"statementMap":{"1":{"start":{"line":59,"column":8},"end":{"line":59,"column":49}},"2":{"start":{"line":60,"column":8},"end":{"line":60,"column":23}},"3":{"start":{"line":61,"column":8},"end":{"line":61,"column":37}},"4":{"start":{"line":62,"column":8},"end":{"line":62,"column":26}},"5":{"start":{"line":63,"column":8},"end":{"line":63,"column":39}},"6":{"start":{"line":111,"column":8},"end":{"line":111,"column":3756}},"7":{"start":{"line":116,"column":8},"end":{"line":116,"column":3896}},"8":{"start":{"line":121,"column":8},"end":{"line":121,"column":62}},"9":{"start":{"line":139,"column":8},"end":{"line":139,"column":4426}},"10":{"start":{"line":144,"column":8},"end":{"line":144,"column":52}},"11":{"start":{"line":145,"column":8},"end":{"line":145,"column":40}},"12":{"start":{"line":146,"column":8},"end":{"line":146,"column":72}},"13":{"start":{"line":147,"column":8},"end":{"line":147,"column":53}},"14":{"start":{"line":162,"column":8},"end":{"line":162,"column":69}},"15":{"start":{"line":163,"column":8},"end":{"line":163,"column":70}},"16":{"start":{"line":164,"column":8},"end":{"line":164,"column":19}},"17":{"start":{"line":191,"column":8},"end":{"line":191,"column":42}},"18":{"start":{"line":198,"column":8},"end":{"line":198,"column":21}},"19":{"start":{"line":207,"column":8},"end":{"line":207,"column":26}},"20":{"start":{"line":208,"column":8},"end":{"line":208,"column":28}},"21":{"start":{"line":216,"column":8},"end":{"line":216,"column":16}},"22":{"start":{"line":227,"column":8},"end":{"line":227,"column":7044}},"23":{"start":{"line":231,"column":8},"end":{"line":231,"column":76}},"24":{"start":{"line":232,"column":8},"end":{"line":232,"column":7281}},"25":{"start":{"line":237,"column":8},"end":{"line":237,"column":7431}},"26":{"start":{"line":238,"column":12},"end":{"line":238,"column":72}},"27":{"start":{"line":240,"column":8},"end":{"line":240,"column":63}},"28":{"start":{"line":253,"column":8},"end":{"line":253,"column":7871}},"29":{"start":{"line":264,"column":8},"end":{"line":264,"column":8131}},"30":{"start":{"line":276,"column":8},"end":{"line":276,"column":68}},"31":{"start":{"line":290,"column":8},"end":{"line":290,"column":57}},"32":{"start":{"line":291,"column":8},"end":{"line":291,"column":62}},"33":{"start":{"line":313,"column":8},"end":{"line":313,"column":49}},"34":{"start":{"line":317,"column":8},"end":{"line":317,"column":70}},"35":{"start":{"line":318,"column":8},"end":{"line":318,"column":35}}},"branchMap":{"1":{"line":111,"type":"if","locations":[{"start":{"line":111,"column":8},"end":{"line":111,"column":8}},{"start":{"line":111,"column":8},"end":{"line":111,"column":8}}]},"2":{"line":116,"type":"if","locations":[{"start":{"line":116,"column":8},"end":{"line":116,"column":8}},{"start":{"line":116,"column":8},"end":{"line":116,"column":8}}]},"3":{"line":163,"type":"if","locations":[{"start":{"line":163,"column":8},"end":{"line":163,"column":8}},{"start":{"line":163,"column":8},"end":{"line":163,"column":8}}]},"4":{"line":237,"type":"if","locations":[{"start":{"line":237,"column":8},"end":{"line":237,"column":8}},{"start":{"line":237,"column":8},"end":{"line":237,"column":8}}]}}},"contracts/Strategies/HegicStrategyCall.sol":{"l":{"36":24,"45":24,"46":24},"path":"/home/0mllwntrmt3/projects/contracts/packages/herge/contracts/Strategies/HegicStrategyCall.sol","s":{"1":24,"2":24,"3":24},"b":{},"f":{"1":24,"2":24},"fnMap":{"1":{"name":"constructor","line":35,"loc":{"start":{"line":29,"column":4},"end":{"line":37,"column":4}}},"2":{"name":"_calculateStrategyPayOff","line":39,"loc":{"start":{"line":39,"column":4},"end":{"line":55,"column":4}}}},"statementMap":{"1":{"start":{"line":36,"column":8},"end":{"line":36,"column":42}},"2":{"start":{"line":45,"column":8},"end":{"line":45,"column":57}},"3":{"start":{"line":46,"column":8},"end":{"line":46,"column":1521}}},"branchMap":{}},"contracts/Strategies/HegicStrategyInverseBearCallSpread.sol":{"l":{"35":18,"44":18,"45":18,"46":18,"47":18,"48":18,"49":16,"50":16,"51":12,"52":4,"59":8,"65":4,"73":10,"74":10,"75":10,"76":10},"path":"/home/0mllwntrmt3/projects/contracts/packages/herge/contracts/Strategies/HegicStrategyInverseBearCallSpread.sol","s":{"1":18,"2":18,"3":18,"4":18,"5":18,"6":18,"7":16,"8":16,"9":12,"10":4,"11":8,"12":8,"13":4,"14":10,"15":10,"16":10,"17":10},"b":{"1":[16,2],"2":[12,4],"3":[4,8],"4":[8,0]},"f":{"1":18,"2":18,"3":10},"fnMap":{"1":{"name":"constructor","line":34,"loc":{"start":{"line":28,"column":4},"end":{"line":36,"column":4}}},"2":{"name":"_calculateStrategyPayOff","line":38,"loc":{"start":{"line":38,"column":4},"end":{"line":67,"column":4}}},"3":{"name":"_calculateCollateral","line":69,"loc":{"start":{"line":69,"column":4},"end":{"line":82,"column":4}}}},"statementMap":{"1":{"start":{"line":35,"column":8},"end":{"line":35,"column":36}},"2":{"start":{"line":44,"column":8},"end":{"line":44,"column":57}},"3":{"start":{"line":45,"column":8},"end":{"line":45,"column":46}},"4":{"start":{"line":46,"column":8},"end":{"line":46,"column":60}},"5":{"start":{"line":47,"column":8},"end":{"line":47,"column":48}},"6":{"start":{"line":48,"column":8},"end":{"line":48,"column":77}},"7":{"start":{"line":49,"column":8},"end":{"line":49,"column":66}},"8":{"start":{"line":50,"column":8},"end":{"line":50,"column":1791}},"9":{"start":{"line":51,"column":12},"end":{"line":51,"column":1839}},"10":{"start":{"line":52,"column":16},"end":{"line":52,"column":1908}},"11":{"start":{"line":58,"column":19},"end":{"line":58,"column":2113}},"12":{"start":{"line":59,"column":16},"end":{"line":59,"column":2183}},"13":{"start":{"line":65,"column":12},"end":{"line":65,"column":20}},"14":{"start":{"line":73,"column":8},"end":{"line":73,"column":60}},"15":{"start":{"line":74,"column":8},"end":{"line":74,"column":43}},"16":{"start":{"line":75,"column":8},"end":{"line":75,"column":66}},"17":{"start":{"line":76,"column":8},"end":{"line":76,"column":2718}}},"branchMap":{"1":{"line":48,"type":"if","locations":[{"start":{"line":48,"column":8},"end":{"line":48,"column":8}},{"start":{"line":48,"column":8},"end":{"line":48,"column":8}}]},"2":{"line":50,"type":"if","locations":[{"start":{"line":50,"column":8},"end":{"line":50,"column":8}},{"start":{"line":50,"column":8},"end":{"line":50,"column":8}}]},"3":{"line":51,"type":"if","locations":[{"start":{"line":51,"column":12},"end":{"line":51,"column":12}},{"start":{"line":51,"column":12},"end":{"line":51,"column":12}}]},"4":{"line":58,"type":"if","locations":[{"start":{"line":58,"column":19},"end":{"line":58,"column":19}},{"start":{"line":58,"column":19},"end":{"line":58,"column":19}}]}}},"contracts/Strategies/HegicStrategyInverseBullPutSpread.sol":{"l":{"36":18,"45":18,"46":18,"47":18,"48":18,"49":18,"50":16,"51":16,"52":12,"53":4,"60":8,"66":4,"74":10,"75":10,"76":10,"77":10},"path":"/home/0mllwntrmt3/projects/contracts/packages/herge/contracts/Strategies/HegicStrategyInverseBullPutSpread.sol","s":{"1":18,"2":18,"3":18,"4":18,"5":18,"6":18,"7":16,"8":16,"9":12,"10":4,"11":8,"12":8,"13":4,"14":10,"15":10,"16":10,"17":10},"b":{"1":[16,2],"2":[12,4],"3":[4,8],"4":[8,0]},"f":{"1":18,"2":18,"3":10},"fnMap":{"1":{"name":"constructor","line":35,"loc":{"start":{"line":29,"column":4},"end":{"line":37,"column":4}}},"2":{"name":"_calculateStrategyPayOff","line":39,"loc":{"start":{"line":39,"column":4},"end":{"line":68,"column":4}}},"3":{"name":"_calculateCollateral","line":70,"loc":{"start":{"line":70,"column":4},"end":{"line":83,"column":4}}}},"statementMap":{"1":{"start":{"line":36,"column":8},"end":{"line":36,"column":36}},"2":{"start":{"line":45,"column":8},"end":{"line":45,"column":57}},"3":{"start":{"line":46,"column":8},"end":{"line":46,"column":46}},"4":{"start":{"line":47,"column":8},"end":{"line":47,"column":60}},"5":{"start":{"line":48,"column":8},"end":{"line":48,"column":48}},"6":{"start":{"line":49,"column":8},"end":{"line":49,"column":77}},"7":{"start":{"line":50,"column":8},"end":{"line":50,"column":66}},"8":{"start":{"line":51,"column":8},"end":{"line":51,"column":1791}},"9":{"start":{"line":52,"column":12},"end":{"line":52,"column":1839}},"10":{"start":{"line":53,"column":16},"end":{"line":53,"column":1908}},"11":{"start":{"line":59,"column":19},"end":{"line":59,"column":2113}},"12":{"start":{"line":60,"column":16},"end":{"line":60,"column":2183}},"13":{"start":{"line":66,"column":12},"end":{"line":66,"column":20}},"14":{"start":{"line":74,"column":8},"end":{"line":74,"column":60}},"15":{"start":{"line":75,"column":8},"end":{"line":75,"column":43}},"16":{"start":{"line":76,"column":8},"end":{"line":76,"column":66}},"17":{"start":{"line":77,"column":8},"end":{"line":77,"column":2718}}},"branchMap":{"1":{"line":49,"type":"if","locations":[{"start":{"line":49,"column":8},"end":{"line":49,"column":8}},{"start":{"line":49,"column":8},"end":{"line":49,"column":8}}]},"2":{"line":51,"type":"if","locations":[{"start":{"line":51,"column":8},"end":{"line":51,"column":8}},{"start":{"line":51,"column":8},"end":{"line":51,"column":8}}]},"3":{"line":52,"type":"if","locations":[{"start":{"line":52,"column":12},"end":{"line":52,"column":12}},{"start":{"line":52,"column":12},"end":{"line":52,"column":12}}]},"4":{"line":59,"type":"if","locations":[{"start":{"line":59,"column":19},"end":{"line":59,"column":19}},{"start":{"line":59,"column":19},"end":{"line":59,"column":19}}]}}},"contracts/Strategies/HegicStrategyInverseLongButterfly.sol":{"l":{"36":18,"45":26,"46":26,"47":26,"48":26,"49":26,"50":24,"51":24,"52":24,"53":12,"54":10,"61":2,"69":12,"70":4,"77":8,"91":14,"92":14,"93":14,"94":14,"95":14,"100":14,"105":14,"106":0,"108":14},"path":"/home/0mllwntrmt3/projects/contracts/packages/herge/contracts/Strategies/HegicStrategyInverseLongButterfly.sol","s":{"1":18,"2":26,"3":26,"4":26,"5":26,"6":26,"7":24,"8":24,"9":24,"10":12,"11":10,"12":2,"13":2,"14":12,"15":12,"16":4,"17":8,"18":8,"19":14,"20":14,"21":14,"22":14,"23":14,"24":14,"25":14,"26":0,"27":14},"b":{"1":[24,2],"2":[12,12],"3":[10,2],"4":[2,0],"5":[12,0],"6":[4,8],"7":[8,0],"8":[0,14]},"f":{"1":18,"2":26,"3":14},"fnMap":{"1":{"name":"constructor","line":35,"loc":{"start":{"line":29,"column":4},"end":{"line":37,"column":4}}},"2":{"name":"_calculateStrategyPayOff","line":39,"loc":{"start":{"line":39,"column":4},"end":{"line":85,"column":4}}},"3":{"name":"_calculateCollateral","line":87,"loc":{"start":{"line":87,"column":4},"end":{"line":110,"column":4}}}},"statementMap":{"1":{"start":{"line":36,"column":8},"end":{"line":36,"column":36}},"2":{"start":{"line":45,"column":8},"end":{"line":45,"column":57}},"3":{"start":{"line":46,"column":8},"end":{"line":46,"column":46}},"4":{"start":{"line":47,"column":8},"end":{"line":47,"column":60}},"5":{"start":{"line":48,"column":8},"end":{"line":48,"column":48}},"6":{"start":{"line":49,"column":8},"end":{"line":49,"column":77}},"7":{"start":{"line":50,"column":8},"end":{"line":50,"column":79}},"8":{"start":{"line":51,"column":8},"end":{"line":51,"column":78}},"9":{"start":{"line":52,"column":8},"end":{"line":52,"column":1884}},"10":{"start":{"line":53,"column":12},"end":{"line":53,"column":1932}},"11":{"start":{"line":54,"column":16},"end":{"line":54,"column":2007}},"12":{"start":{"line":60,"column":19},"end":{"line":60,"column":2212}},"13":{"start":{"line":61,"column":16},"end":{"line":61,"column":2286}},"14":{"start":{"line":68,"column":15},"end":{"line":68,"column":2499}},"15":{"start":{"line":69,"column":12},"end":{"line":69,"column":2547}},"16":{"start":{"line":70,"column":16},"end":{"line":70,"column":2620}},"17":{"start":{"line":76,"column":19},"end":{"line":76,"column":2825}},"18":{"start":{"line":77,"column":16},"end":{"line":77,"column":2899}},"19":{"start":{"line":91,"column":8},"end":{"line":91,"column":60}},"20":{"start":{"line":92,"column":8},"end":{"line":92,"column":43}},"21":{"start":{"line":93,"column":8},"end":{"line":93,"column":79}},"22":{"start":{"line":94,"column":8},"end":{"line":94,"column":78}},"23":{"start":{"line":95,"column":8},"end":{"line":95,"column":3552}},"24":{"start":{"line":100,"column":8},"end":{"line":100,"column":3718}},"25":{"start":{"line":105,"column":8},"end":{"line":105,"column":3865}},"26":{"start":{"line":106,"column":12},"end":{"line":106,"column":38}},"27":{"start":{"line":108,"column":12},"end":{"line":108,"column":37}}},"branchMap":{"1":{"line":49,"type":"if","locations":[{"start":{"line":49,"column":8},"end":{"line":49,"column":8}},{"start":{"line":49,"column":8},"end":{"line":49,"column":8}}]},"2":{"line":52,"type":"if","locations":[{"start":{"line":52,"column":8},"end":{"line":52,"column":8}},{"start":{"line":52,"column":8},"end":{"line":52,"column":8}}]},"3":{"line":53,"type":"if","locations":[{"start":{"line":53,"column":12},"end":{"line":53,"column":12}},{"start":{"line":53,"column":12},"end":{"line":53,"column":12}}]},"4":{"line":60,"type":"if","locations":[{"start":{"line":60,"column":19},"end":{"line":60,"column":19}},{"start":{"line":60,"column":19},"end":{"line":60,"column":19}}]},"5":{"line":68,"type":"if","locations":[{"start":{"line":68,"column":15},"end":{"line":68,"column":15}},{"start":{"line":68,"column":15},"end":{"line":68,"column":15}}]},"6":{"line":69,"type":"if","locations":[{"start":{"line":69,"column":12},"end":{"line":69,"column":12}},{"start":{"line":69,"column":12},"end":{"line":69,"column":12}}]},"7":{"line":76,"type":"if","locations":[{"start":{"line":76,"column":19},"end":{"line":76,"column":19}},{"start":{"line":76,"column":19},"end":{"line":76,"column":19}}]},"8":{"line":105,"type":"if","locations":[{"start":{"line":105,"column":8},"end":{"line":105,"column":8}},{"start":{"line":105,"column":8},"end":{"line":105,"column":8}}]}}},"contracts/Strategies/HegicStrategyInverseLongCondor.sol":{"l":{"35":12,"44":39,"45":39,"46":39,"47":39,"48":39,"49":34,"50":34,"51":34,"53":34,"55":34,"56":14,"57":8,"64":6,"75":10,"77":10,"78":8,"85":2,"99":22,"100":22,"101":22,"102":22,"103":22,"105":22,"107":22,"112":22,"117":22,"118":0,"120":22},"path":"/home/0mllwntrmt3/projects/contracts/packages/herge/contracts/Strategies/HegicStrategyInverseLongCondor.sol","s":{"1":12,"2":39,"3":39,"4":39,"5":39,"6":39,"7":34,"8":34,"9":34,"10":34,"11":34,"12":14,"13":8,"14":6,"15":6,"16":20,"17":10,"18":10,"19":10,"20":8,"21":2,"22":2,"23":22,"24":22,"25":22,"26":22,"27":22,"28":22,"29":22,"30":22,"31":22,"32":0,"33":22},"b":{"1":[34,5],"2":[14,20],"3":[8,6],"4":[6,0],"5":[10,10],"6":[10,0],"7":[8,2],"8":[2,0],"9":[0,22]},"f":{"1":12,"2":39,"3":22},"fnMap":{"1":{"name":"constructor","line":34,"loc":{"start":{"line":28,"column":4},"end":{"line":36,"column":4}}},"2":{"name":"_calculateStrategyPayOff","line":38,"loc":{"start":{"line":38,"column":4},"end":{"line":93,"column":4}}},"3":{"name":"_calculateCollateral","line":95,"loc":{"start":{"line":95,"column":4},"end":{"line":122,"column":4}}}},"statementMap":{"1":{"start":{"line":35,"column":8},"end":{"line":35,"column":36}},"2":{"start":{"line":44,"column":8},"end":{"line":44,"column":57}},"3":{"start":{"line":45,"column":8},"end":{"line":45,"column":46}},"4":{"start":{"line":46,"column":8},"end":{"line":46,"column":60}},"5":{"start":{"line":47,"column":8},"end":{"line":47,"column":48}},"6":{"start":{"line":48,"column":8},"end":{"line":48,"column":77}},"7":{"start":{"line":49,"column":8},"end":{"line":49,"column":63}},"8":{"start":{"line":50,"column":8},"end":{"line":50,"column":61}},"9":{"start":{"line":51,"column":8},"end":{"line":51,"column":1855}},"10":{"start":{"line":53,"column":8},"end":{"line":53,"column":1952}},"11":{"start":{"line":55,"column":8},"end":{"line":55,"column":2040}},"12":{"start":{"line":56,"column":12},"end":{"line":56,"column":2099}},"13":{"start":{"line":57,"column":16},"end":{"line":57,"column":2178}},"14":{"start":{"line":63,"column":19},"end":{"line":63,"column":2393}},"15":{"start":{"line":64,"column":16},"end":{"line":64,"column":2472}},"16":{"start":{"line":71,"column":15},"end":{"line":71,"column":2699}},"17":{"start":{"line":75,"column":12},"end":{"line":75,"column":20}},"18":{"start":{"line":76,"column":15},"end":{"line":76,"column":2851}},"19":{"start":{"line":77,"column":12},"end":{"line":77,"column":2909}},"20":{"start":{"line":78,"column":16},"end":{"line":78,"column":2987}},"21":{"start":{"line":84,"column":19},"end":{"line":84,"column":3201}},"22":{"start":{"line":85,"column":16},"end":{"line":85,"column":3279}},"23":{"start":{"line":99,"column":8},"end":{"line":99,"column":60}},"24":{"start":{"line":100,"column":8},"end":{"line":100,"column":43}},"25":{"start":{"line":101,"column":8},"end":{"line":101,"column":63}},"26":{"start":{"line":102,"column":8},"end":{"line":102,"column":61}},"27":{"start":{"line":103,"column":8},"end":{"line":103,"column":3903}},"28":{"start":{"line":105,"column":8},"end":{"line":105,"column":4000}},"29":{"start":{"line":107,"column":8},"end":{"line":107,"column":4105}},"30":{"start":{"line":112,"column":8},"end":{"line":112,"column":4285}},"31":{"start":{"line":117,"column":8},"end":{"line":117,"column":4445}},"32":{"start":{"line":118,"column":12},"end":{"line":118,"column":38}},"33":{"start":{"line":120,"column":12},"end":{"line":120,"column":37}}},"branchMap":{"1":{"line":48,"type":"if","locations":[{"start":{"line":48,"column":8},"end":{"line":48,"column":8}},{"start":{"line":48,"column":8},"end":{"line":48,"column":8}}]},"2":{"line":55,"type":"if","locations":[{"start":{"line":55,"column":8},"end":{"line":55,"column":8}},{"start":{"line":55,"column":8},"end":{"line":55,"column":8}}]},"3":{"line":56,"type":"if","locations":[{"start":{"line":56,"column":12},"end":{"line":56,"column":12}},{"start":{"line":56,"column":12},"end":{"line":56,"column":12}}]},"4":{"line":63,"type":"if","locations":[{"start":{"line":63,"column":19},"end":{"line":63,"column":19}},{"start":{"line":63,"column":19},"end":{"line":63,"column":19}}]},"5":{"line":71,"type":"if","locations":[{"start":{"line":71,"column":15},"end":{"line":71,"column":15}},{"start":{"line":71,"column":15},"end":{"line":71,"column":15}}]},"6":{"line":76,"type":"if","locations":[{"start":{"line":76,"column":15},"end":{"line":76,"column":15}},{"start":{"line":76,"column":15},"end":{"line":76,"column":15}}]},"7":{"line":77,"type":"if","locations":[{"start":{"line":77,"column":12},"end":{"line":77,"column":12}},{"start":{"line":77,"column":12},"end":{"line":77,"column":12}}]},"8":{"line":84,"type":"if","locations":[{"start":{"line":84,"column":19},"end":{"line":84,"column":19}},{"start":{"line":84,"column":19},"end":{"line":84,"column":19}}]},"9":{"line":117,"type":"if","locations":[{"start":{"line":117,"column":8},"end":{"line":117,"column":8}},{"start":{"line":117,"column":8},"end":{"line":117,"column":8}}]}}},"contracts/Strategies/HegicStrategyPut.sol":{"l":{"36":24,"45":29,"46":29},"path":"/home/0mllwntrmt3/projects/contracts/packages/herge/contracts/Strategies/HegicStrategyPut.sol","s":{"1":24,"2":29,"3":29},"b":{},"f":{"1":24,"2":29},"fnMap":{"1":{"name":"constructor","line":35,"loc":{"start":{"line":29,"column":4},"end":{"line":37,"column":4}}},"2":{"name":"_calculateStrategyPayOff","line":39,"loc":{"start":{"line":39,"column":4},"end":{"line":55,"column":4}}}},"statementMap":{"1":{"start":{"line":36,"column":8},"end":{"line":36,"column":42}},"2":{"start":{"line":45,"column":8},"end":{"line":45,"column":57}},"3":{"start":{"line":46,"column":8},"end":{"line":46,"column":1520}}},"branchMap":{}},"contracts/Strategies/HegicStrategySpreadCall.sol":{"l":{"36":18,"45":20,"47":20,"51":20,"53":20},"path":"/home/0mllwntrmt3/projects/contracts/packages/herge/contracts/Strategies/HegicStrategySpreadCall.sol","s":{"1":18,"2":20,"3":20,"4":20,"5":20},"b":{},"f":{"1":18,"2":20},"fnMap":{"1":{"name":"constructor","line":35,"loc":{"start":{"line":29,"column":4},"end":{"line":37,"column":4}}},"2":{"name":"_calculateStrategyPayOff","line":39,"loc":{"start":{"line":39,"column":4},"end":{"line":71,"column":4}}}},"statementMap":{"1":{"start":{"line":36,"column":8},"end":{"line":36,"column":42}},"2":{"start":{"line":45,"column":8},"end":{"line":45,"column":57}},"3":{"start":{"line":47,"column":8},"end":{"line":47,"column":1550}},"4":{"start":{"line":51,"column":8},"end":{"line":51,"column":46}},"5":{"start":{"line":53,"column":8},"end":{"line":53,"column":1727}}},"branchMap":{}},"contracts/Strategies/HegicStrategySpreadPut.sol":{"l":{"36":18,"45":20,"47":20,"51":20,"53":20},"path":"/home/0mllwntrmt3/projects/contracts/packages/herge/contracts/Strategies/HegicStrategySpreadPut.sol","s":{"1":18,"2":20,"3":20,"4":20,"5":20},"b":{},"f":{"1":18,"2":20},"fnMap":{"1":{"name":"constructor","line":35,"loc":{"start":{"line":29,"column":4},"end":{"line":37,"column":4}}},"2":{"name":"_calculateStrategyPayOff","line":39,"loc":{"start":{"line":39,"column":4},"end":{"line":71,"column":4}}}},"statementMap":{"1":{"start":{"line":36,"column":8},"end":{"line":36,"column":42}},"2":{"start":{"line":45,"column":8},"end":{"line":45,"column":57}},"3":{"start":{"line":47,"column":8},"end":{"line":47,"column":1549}},"4":{"start":{"line":51,"column":8},"end":{"line":51,"column":46}},"5":{"start":{"line":53,"column":8},"end":{"line":53,"column":1726}}},"branchMap":{}},"contracts/Strategies/HegicStrategyStraddle.sol":{"l":{"39":12,"41":12,"43":12},"path":"/home/0mllwntrmt3/projects/contracts/packages/herge/contracts/Strategies/HegicStrategyStraddle.sol","s":{"1":12,"2":12,"3":12},"b":{},"f":{"1":6,"2":12},"fnMap":{"1":{"name":"constructor","line":31,"loc":{"start":{"line":26,"column":4},"end":{"line":31,"column":69}}},"2":{"name":"_calculateStrategyPayOff","line":33,"loc":{"start":{"line":33,"column":4},"end":{"line":61,"column":4}}}},"statementMap":{"1":{"start":{"line":39,"column":8},"end":{"line":39,"column":57}},"2":{"start":{"line":41,"column":8},"end":{"line":41,"column":46}},"3":{"start":{"line":43,"column":8},"end":{"line":43,"column":1389}}},"branchMap":{}},"contracts/Strategies/HegicStrategyStrangle.sol":{"l":{"36":18,"45":24,"46":24,"48":24,"51":24,"55":24},"path":"/home/0mllwntrmt3/projects/contracts/packages/herge/contracts/Strategies/HegicStrategyStrangle.sol","s":{"1":18,"2":24,"3":24,"4":24,"5":24,"6":24},"b":{},"f":{"1":18,"2":24},"fnMap":{"1":{"name":"constructor","line":35,"loc":{"start":{"line":29,"column":4},"end":{"line":37,"column":4}}},"2":{"name":"_calculateStrategyPayOff","line":39,"loc":{"start":{"line":39,"column":4},"end":{"line":73,"column":4}}}},"statementMap":{"1":{"start":{"line":36,"column":8},"end":{"line":36,"column":42}},"2":{"start":{"line":45,"column":8},"end":{"line":45,"column":57}},"3":{"start":{"line":46,"column":8},"end":{"line":46,"column":46}},"4":{"start":{"line":48,"column":8},"end":{"line":48,"column":1596}},"5":{"start":{"line":51,"column":8},"end":{"line":51,"column":1742}},"6":{"start":{"line":55,"column":8},"end":{"line":55,"column":1870}}},"branchMap":{}},"contracts/Strategies/HegicStrategyStrap.sol":{"l":{"39":12,"41":12,"43":12},"path":"/home/0mllwntrmt3/projects/contracts/packages/herge/contracts/Strategies/HegicStrategyStrap.sol","s":{"1":12,"2":12,"3":12},"b":{},"f":{"1":6,"2":12},"fnMap":{"1":{"name":"constructor","line":31,"loc":{"start":{"line":26,"column":4},"end":{"line":31,"column":69}}},"2":{"name":"_calculateStrategyPayOff","line":33,"loc":{"start":{"line":33,"column":4},"end":{"line":61,"column":4}}}},"statementMap":{"1":{"start":{"line":39,"column":8},"end":{"line":39,"column":57}},"2":{"start":{"line":41,"column":8},"end":{"line":41,"column":46}},"3":{"start":{"line":43,"column":8},"end":{"line":43,"column":1390}}},"branchMap":{}},"contracts/Strategies/HegicStrategyStrip.sol":{"l":{"39":12,"41":12,"43":12},"path":"/home/0mllwntrmt3/projects/contracts/packages/herge/contracts/Strategies/HegicStrategyStrip.sol","s":{"1":12,"2":12,"3":12},"b":{},"f":{"1":6,"2":12},"fnMap":{"1":{"name":"constructor","line":31,"loc":{"start":{"line":26,"column":4},"end":{"line":31,"column":69}}},"2":{"name":"_calculateStrategyPayOff","line":33,"loc":{"start":{"line":33,"column":4},"end":{"line":61,"column":4}}}},"statementMap":{"1":{"start":{"line":39,"column":8},"end":{"line":39,"column":57}},"2":{"start":{"line":41,"column":8},"end":{"line":41,"column":46}},"3":{"start":{"line":43,"column":8},"end":{"line":43,"column":1386}}},"branchMap":{}},"contracts/Strategies/IHegicStrategy.sol":{"l":{},"path":"/home/0mllwntrmt3/projects/contracts/packages/herge/contracts/Strategies/IHegicStrategy.sol","s":{},"b":{},"f":{},"fnMap":{},"statementMap":{},"branchMap":{}},"contracts/Strategies/ProfitCalculator.sol":{"l":{"31":73,"32":57,"44":80,"45":64},"path":"/home/0mllwntrmt3/projects/contracts/packages/herge/contracts/Strategies/ProfitCalculator.sol","s":{"1":73,"2":16,"3":57,"4":80,"5":16,"6":64},"b":{"1":[16,57],"2":[16,64]},"f":{"1":73,"2":80},"fnMap":{"1":{"name":"calculatePutProfit","line":23,"loc":{"start":{"line":23,"column":4},"end":{"line":34,"column":4}}},"2":{"name":"calculateCallProfit","line":36,"loc":{"start":{"line":36,"column":4},"end":{"line":47,"column":4}}}},"statementMap":{"1":{"start":{"line":31,"column":8},"end":{"line":31,"column":43}},"2":{"start":{"line":31,"column":35},"end":{"line":31,"column":43}},"3":{"start":{"line":32,"column":8},"end":{"line":32,"column":1159}},"4":{"start":{"line":44,"column":8},"end":{"line":44,"column":43}},"5":{"start":{"line":44,"column":35},"end":{"line":44,"column":43}},"6":{"start":{"line":45,"column":8},"end":{"line":45,"column":1532}}},"branchMap":{"1":{"line":31,"type":"if","locations":[{"start":{"line":31,"column":8},"end":{"line":31,"column":8}},{"start":{"line":31,"column":8},"end":{"line":31,"column":8}}]},"2":{"line":44,"type":"if","locations":[{"start":{"line":44,"column":8},"end":{"line":44,"column":8}},{"start":{"line":44,"column":8},"end":{"line":44,"column":8}}]}}}}